INFO - 2023-10-03 02:52:12 --> Session: Class initialized using 'CodeIgniter\Session\Handlers\FileHandler' driver.
INFO - 2023-10-03 02:52:13 --> Session: Class initialized using 'CodeIgniter\Session\Handlers\FileHandler' driver.
INFO - 2023-10-03 02:52:18 --> Session: Class initialized using 'CodeIgniter\Session\Handlers\FileHandler' driver.
INFO - 2023-10-03 02:52:19 --> Session: Class initialized using 'CodeIgniter\Session\Handlers\FileHandler' driver.
INFO - 2023-10-03 02:52:21 --> Session: Class initialized using 'CodeIgniter\Session\Handlers\FileHandler' driver.
INFO - 2023-10-03 02:52:23 --> Session: Class initialized using 'CodeIgniter\Session\Handlers\FileHandler' driver.
INFO - 2023-10-03 02:52:26 --> Session: Class initialized using 'CodeIgniter\Session\Handlers\FileHandler' driver.
INFO - 2023-10-03 02:52:28 --> Session: Class initialized using 'CodeIgniter\Session\Handlers\FileHandler' driver.
INFO - 2023-10-03 02:52:34 --> Session: Class initialized using 'CodeIgniter\Session\Handlers\FileHandler' driver.
INFO - 2023-10-03 02:52:37 --> Session: Class initialized using 'CodeIgniter\Session\Handlers\FileHandler' driver.
WARNING - 2023-10-03 02:52:37 --> [DEPRECATED] Creation of dynamic property App\Controllers\user::$session is deprecated in APPPATH\Controllers\user.php on line 13.
 1 SYSTEMPATH\CodeIgniter.php(904): App\Controllers\user->__construct()
 2 SYSTEMPATH\CodeIgniter.php(488): CodeIgniter\CodeIgniter->createController()
 3 SYSTEMPATH\CodeIgniter.php(366): CodeIgniter\CodeIgniter->handleRequest(null, Object(Config\Cache), false)
 4 FCPATH\index.php(67): CodeIgniter\CodeIgniter->run()
 5 SYSTEMPATH\Commands\Server\rewrite.php(47): require_once('C:\\xampp\\htdocs\\sibia\\public\\index.php')
WARNING - 2023-10-03 02:52:37 --> [DEPRECATED] Creation of dynamic property App\Controllers\user::$auth is deprecated in APPPATH\Controllers\user.php on line 14.
 1 SYSTEMPATH\CodeIgniter.php(904): App\Controllers\user->__construct()
 2 SYSTEMPATH\CodeIgniter.php(488): CodeIgniter\CodeIgniter->createController()
 3 SYSTEMPATH\CodeIgniter.php(366): CodeIgniter\CodeIgniter->handleRequest(null, Object(Config\Cache), false)
 4 FCPATH\index.php(67): CodeIgniter\CodeIgniter->run()
 5 SYSTEMPATH\Commands\Server\rewrite.php(47): require_once('C:\\xampp\\htdocs\\sibia\\public\\index.php')
INFO - 2023-10-03 02:52:46 --> Session: Class initialized using 'CodeIgniter\Session\Handlers\FileHandler' driver.
INFO - 2023-10-03 02:52:48 --> Session: Class initialized using 'CodeIgniter\Session\Handlers\FileHandler' driver.
INFO - 2023-10-03 02:52:51 --> Session: Class initialized using 'CodeIgniter\Session\Handlers\FileHandler' driver.
WARNING - 2023-10-03 02:52:51 --> [DEPRECATED] Creation of dynamic property App\Controllers\Admin::$session is deprecated in APPPATH\Controllers\admin.php on line 15.
 1 SYSTEMPATH\CodeIgniter.php(904): App\Controllers\Admin->__construct()
 2 SYSTEMPATH\CodeIgniter.php(488): CodeIgniter\CodeIgniter->createController()
 3 SYSTEMPATH\CodeIgniter.php(366): CodeIgniter\CodeIgniter->handleRequest(null, Object(Config\Cache), false)
 4 FCPATH\index.php(67): CodeIgniter\CodeIgniter->run()
 5 SYSTEMPATH\Commands\Server\rewrite.php(47): require_once('C:\\xampp\\htdocs\\sibia\\public\\index.php')
WARNING - 2023-10-03 02:52:51 --> [DEPRECATED] Creation of dynamic property App\Controllers\Admin::$auth is deprecated in APPPATH\Controllers\admin.php on line 16.
 1 SYSTEMPATH\CodeIgniter.php(904): App\Controllers\Admin->__construct()
 2 SYSTEMPATH\CodeIgniter.php(488): CodeIgniter\CodeIgniter->createController()
 3 SYSTEMPATH\CodeIgniter.php(366): CodeIgniter\CodeIgniter->handleRequest(null, Object(Config\Cache), false)
 4 FCPATH\index.php(67): CodeIgniter\CodeIgniter->run()
 5 SYSTEMPATH\Commands\Server\rewrite.php(47): require_once('C:\\xampp\\htdocs\\sibia\\public\\index.php')
INFO - 2023-10-03 02:52:55 --> Session: Class initialized using 'CodeIgniter\Session\Handlers\FileHandler' driver.
INFO - 2023-10-03 02:52:59 --> Session: Class initialized using 'CodeIgniter\Session\Handlers\FileHandler' driver.
WARNING - 2023-10-03 02:52:59 --> [DEPRECATED] Creation of dynamic property App\Controllers\Bisnis::$session is deprecated in APPPATH\Controllers\Bisnis.php on line 14.
 1 SYSTEMPATH\CodeIgniter.php(904): App\Controllers\Bisnis->__construct()
 2 SYSTEMPATH\CodeIgniter.php(488): CodeIgniter\CodeIgniter->createController()
 3 SYSTEMPATH\CodeIgniter.php(366): CodeIgniter\CodeIgniter->handleRequest(null, Object(Config\Cache), false)
 4 FCPATH\index.php(67): CodeIgniter\CodeIgniter->run()
 5 SYSTEMPATH\Commands\Server\rewrite.php(47): require_once('C:\\xampp\\htdocs\\sibia\\public\\index.php')
WARNING - 2023-10-03 02:52:59 --> [DEPRECATED] Creation of dynamic property App\Controllers\Bisnis::$auth is deprecated in APPPATH\Controllers\Bisnis.php on line 15.
 1 SYSTEMPATH\CodeIgniter.php(904): App\Controllers\Bisnis->__construct()
 2 SYSTEMPATH\CodeIgniter.php(488): CodeIgniter\CodeIgniter->createController()
 3 SYSTEMPATH\CodeIgniter.php(366): CodeIgniter\CodeIgniter->handleRequest(null, Object(Config\Cache), false)
 4 FCPATH\index.php(67): CodeIgniter\CodeIgniter->run()
 5 SYSTEMPATH\Commands\Server\rewrite.php(47): require_once('C:\\xampp\\htdocs\\sibia\\public\\index.php')
INFO - 2023-10-03 02:53:03 --> Session: Class initialized using 'CodeIgniter\Session\Handlers\FileHandler' driver.
INFO - 2023-10-03 02:53:05 --> Session: Class initialized using 'CodeIgniter\Session\Handlers\FileHandler' driver.
WARNING - 2023-10-03 02:53:06 --> [DEPRECATED] Creation of dynamic property App\Controllers\Inv::$session is deprecated in APPPATH\Controllers\inv.php on line 14.
 1 SYSTEMPATH\CodeIgniter.php(904): App\Controllers\Inv->__construct()
 2 SYSTEMPATH\CodeIgniter.php(488): CodeIgniter\CodeIgniter->createController()
 3 SYSTEMPATH\CodeIgniter.php(366): CodeIgniter\CodeIgniter->handleRequest(null, Object(Config\Cache), false)
 4 FCPATH\index.php(67): CodeIgniter\CodeIgniter->run()
 5 SYSTEMPATH\Commands\Server\rewrite.php(47): require_once('C:\\xampp\\htdocs\\sibia\\public\\index.php')
WARNING - 2023-10-03 02:53:06 --> [DEPRECATED] Creation of dynamic property App\Controllers\Inv::$auth is deprecated in APPPATH\Controllers\inv.php on line 15.
 1 SYSTEMPATH\CodeIgniter.php(904): App\Controllers\Inv->__construct()
 2 SYSTEMPATH\CodeIgniter.php(488): CodeIgniter\CodeIgniter->createController()
 3 SYSTEMPATH\CodeIgniter.php(366): CodeIgniter\CodeIgniter->handleRequest(null, Object(Config\Cache), false)
 4 FCPATH\index.php(67): CodeIgniter\CodeIgniter->run()
 5 SYSTEMPATH\Commands\Server\rewrite.php(47): require_once('C:\\xampp\\htdocs\\sibia\\public\\index.php')
INFO - 2023-10-03 02:53:11 --> Session: Class initialized using 'CodeIgniter\Session\Handlers\FileHandler' driver.
INFO - 2023-10-03 02:53:17 --> Session: Class initialized using 'CodeIgniter\Session\Handlers\FileHandler' driver.
WARNING - 2023-10-03 02:53:18 --> [DEPRECATED] Creation of dynamic property App\Controllers\Bia::$bisnis is deprecated in APPPATH\Controllers\bia.php on line 15.
 1 SYSTEMPATH\CodeIgniter.php(904): App\Controllers\Bia->__construct()
 2 SYSTEMPATH\CodeIgniter.php(488): CodeIgniter\CodeIgniter->createController()
 3 SYSTEMPATH\CodeIgniter.php(366): CodeIgniter\CodeIgniter->handleRequest(null, Object(Config\Cache), false)
 4 FCPATH\index.php(67): CodeIgniter\CodeIgniter->run()
 5 SYSTEMPATH\Commands\Server\rewrite.php(47): require_once('C:\\xampp\\htdocs\\sibia\\public\\index.php')
WARNING - 2023-10-03 02:53:18 --> [DEPRECATED] Creation of dynamic property App\Controllers\Bia::$session is deprecated in APPPATH\Controllers\bia.php on line 16.
 1 SYSTEMPATH\CodeIgniter.php(904): App\Controllers\Bia->__construct()
 2 SYSTEMPATH\CodeIgniter.php(488): CodeIgniter\CodeIgniter->createController()
 3 SYSTEMPATH\CodeIgniter.php(366): CodeIgniter\CodeIgniter->handleRequest(null, Object(Config\Cache), false)
 4 FCPATH\index.php(67): CodeIgniter\CodeIgniter->run()
 5 SYSTEMPATH\Commands\Server\rewrite.php(47): require_once('C:\\xampp\\htdocs\\sibia\\public\\index.php')
WARNING - 2023-10-03 02:53:18 --> [DEPRECATED] Creation of dynamic property App\Controllers\Bia::$auth is deprecated in APPPATH\Controllers\bia.php on line 17.
 1 SYSTEMPATH\CodeIgniter.php(904): App\Controllers\Bia->__construct()
 2 SYSTEMPATH\CodeIgniter.php(488): CodeIgniter\CodeIgniter->createController()
 3 SYSTEMPATH\CodeIgniter.php(366): CodeIgniter\CodeIgniter->handleRequest(null, Object(Config\Cache), false)
 4 FCPATH\index.php(67): CodeIgniter\CodeIgniter->run()
 5 SYSTEMPATH\Commands\Server\rewrite.php(47): require_once('C:\\xampp\\htdocs\\sibia\\public\\index.php')
INFO - 2023-10-03 02:53:23 --> Session: Class initialized using 'CodeIgniter\Session\Handlers\FileHandler' driver.
INFO - 2023-10-03 02:53:54 --> Session: Class initialized using 'CodeIgniter\Session\Handlers\FileHandler' driver.
INFO - 2023-10-03 02:53:55 --> Session: Class initialized using 'CodeIgniter\Session\Handlers\FileHandler' driver.
INFO - 2023-10-03 02:53:56 --> Session: Class initialized using 'CodeIgniter\Session\Handlers\FileHandler' driver.
INFO - 2023-10-03 02:53:57 --> Session: Class initialized using 'CodeIgniter\Session\Handlers\FileHandler' driver.
INFO - 2023-10-03 02:53:58 --> Session: Class initialized using 'CodeIgniter\Session\Handlers\FileHandler' driver.
INFO - 2023-10-03 02:53:59 --> Session: Class initialized using 'CodeIgniter\Session\Handlers\FileHandler' driver.
INFO - 2023-10-03 02:54:01 --> Session: Class initialized using 'CodeIgniter\Session\Handlers\FileHandler' driver.
INFO - 2023-10-03 02:54:02 --> Session: Class initialized using 'CodeIgniter\Session\Handlers\FileHandler' driver.
INFO - 2023-10-03 02:54:03 --> Session: Class initialized using 'CodeIgniter\Session\Handlers\FileHandler' driver.
INFO - 2023-10-03 02:54:05 --> Session: Class initialized using 'CodeIgniter\Session\Handlers\FileHandler' driver.
INFO - 2023-10-03 02:54:06 --> Session: Class initialized using 'CodeIgniter\Session\Handlers\FileHandler' driver.
INFO - 2023-10-03 02:54:08 --> Session: Class initialized using 'CodeIgniter\Session\Handlers\FileHandler' driver.
INFO - 2023-10-03 02:54:11 --> Session: Class initialized using 'CodeIgniter\Session\Handlers\FileHandler' driver.
INFO - 2023-10-03 02:54:13 --> Session: Class initialized using 'CodeIgniter\Session\Handlers\FileHandler' driver.
WARNING - 2023-10-03 02:54:13 --> [DEPRECATED] Creation of dynamic property App\Controllers\user::$session is deprecated in APPPATH\Controllers\user.php on line 13.
 1 SYSTEMPATH\CodeIgniter.php(904): App\Controllers\user->__construct()
 2 SYSTEMPATH\CodeIgniter.php(488): CodeIgniter\CodeIgniter->createController()
 3 SYSTEMPATH\CodeIgniter.php(366): CodeIgniter\CodeIgniter->handleRequest(null, Object(Config\Cache), false)
 4 FCPATH\index.php(67): CodeIgniter\CodeIgniter->run()
 5 SYSTEMPATH\Commands\Server\rewrite.php(47): require_once('C:\\xampp\\htdocs\\sibia\\public\\index.php')
WARNING - 2023-10-03 02:54:13 --> [DEPRECATED] Creation of dynamic property App\Controllers\user::$auth is deprecated in APPPATH\Controllers\user.php on line 14.
 1 SYSTEMPATH\CodeIgniter.php(904): App\Controllers\user->__construct()
 2 SYSTEMPATH\CodeIgniter.php(488): CodeIgniter\CodeIgniter->createController()
 3 SYSTEMPATH\CodeIgniter.php(366): CodeIgniter\CodeIgniter->handleRequest(null, Object(Config\Cache), false)
 4 FCPATH\index.php(67): CodeIgniter\CodeIgniter->run()
 5 SYSTEMPATH\Commands\Server\rewrite.php(47): require_once('C:\\xampp\\htdocs\\sibia\\public\\index.php')
INFO - 2023-10-03 02:54:15 --> Session: Class initialized using 'CodeIgniter\Session\Handlers\FileHandler' driver.
INFO - 2023-10-03 02:54:16 --> Session: Class initialized using 'CodeIgniter\Session\Handlers\FileHandler' driver.
INFO - 2023-10-03 02:54:28 --> Session: Class initialized using 'CodeIgniter\Session\Handlers\FileHandler' driver.
WARNING - 2023-10-03 02:54:28 --> [DEPRECATED] Creation of dynamic property App\Controllers\Admin::$session is deprecated in APPPATH\Controllers\admin.php on line 15.
 1 SYSTEMPATH\CodeIgniter.php(904): App\Controllers\Admin->__construct()
 2 SYSTEMPATH\CodeIgniter.php(488): CodeIgniter\CodeIgniter->createController()
 3 SYSTEMPATH\CodeIgniter.php(366): CodeIgniter\CodeIgniter->handleRequest(null, Object(Config\Cache), false)
 4 FCPATH\index.php(67): CodeIgniter\CodeIgniter->run()
 5 SYSTEMPATH\Commands\Server\rewrite.php(47): require_once('C:\\xampp\\htdocs\\sibia\\public\\index.php')
WARNING - 2023-10-03 02:54:28 --> [DEPRECATED] Creation of dynamic property App\Controllers\Admin::$auth is deprecated in APPPATH\Controllers\admin.php on line 16.
 1 SYSTEMPATH\CodeIgniter.php(904): App\Controllers\Admin->__construct()
 2 SYSTEMPATH\CodeIgniter.php(488): CodeIgniter\CodeIgniter->createController()
 3 SYSTEMPATH\CodeIgniter.php(366): CodeIgniter\CodeIgniter->handleRequest(null, Object(Config\Cache), false)
 4 FCPATH\index.php(67): CodeIgniter\CodeIgniter->run()
 5 SYSTEMPATH\Commands\Server\rewrite.php(47): require_once('C:\\xampp\\htdocs\\sibia\\public\\index.php')
INFO - 2023-10-03 02:54:31 --> Session: Class initialized using 'CodeIgniter\Session\Handlers\FileHandler' driver.
INFO - 2023-10-03 02:54:33 --> Session: Class initialized using 'CodeIgniter\Session\Handlers\FileHandler' driver.
WARNING - 2023-10-03 02:54:33 --> [DEPRECATED] Creation of dynamic property App\Controllers\Admin::$session is deprecated in APPPATH\Controllers\admin.php on line 15.
 1 SYSTEMPATH\CodeIgniter.php(904): App\Controllers\Admin->__construct()
 2 SYSTEMPATH\CodeIgniter.php(488): CodeIgniter\CodeIgniter->createController()
 3 SYSTEMPATH\CodeIgniter.php(366): CodeIgniter\CodeIgniter->handleRequest(null, Object(Config\Cache), false)
 4 FCPATH\index.php(67): CodeIgniter\CodeIgniter->run()
 5 SYSTEMPATH\Commands\Server\rewrite.php(47): require_once('C:\\xampp\\htdocs\\sibia\\public\\index.php')
WARNING - 2023-10-03 02:54:33 --> [DEPRECATED] Creation of dynamic property App\Controllers\Admin::$auth is deprecated in APPPATH\Controllers\admin.php on line 16.
 1 SYSTEMPATH\CodeIgniter.php(904): App\Controllers\Admin->__construct()
 2 SYSTEMPATH\CodeIgniter.php(488): CodeIgniter\CodeIgniter->createController()
 3 SYSTEMPATH\CodeIgniter.php(366): CodeIgniter\CodeIgniter->handleRequest(null, Object(Config\Cache), false)
 4 FCPATH\index.php(67): CodeIgniter\CodeIgniter->run()
 5 SYSTEMPATH\Commands\Server\rewrite.php(47): require_once('C:\\xampp\\htdocs\\sibia\\public\\index.php')
INFO - 2023-10-03 02:54:35 --> Session: Class initialized using 'CodeIgniter\Session\Handlers\FileHandler' driver.
INFO - 2023-10-03 02:54:36 --> Session: Class initialized using 'CodeIgniter\Session\Handlers\FileHandler' driver.
INFO - 2023-10-03 02:54:44 --> Session: Class initialized using 'CodeIgniter\Session\Handlers\FileHandler' driver.
WARNING - 2023-10-03 02:54:44 --> [DEPRECATED] Creation of dynamic property App\Controllers\Admin::$session is deprecated in APPPATH\Controllers\admin.php on line 15.
 1 SYSTEMPATH\CodeIgniter.php(904): App\Controllers\Admin->__construct()
 2 SYSTEMPATH\CodeIgniter.php(488): CodeIgniter\CodeIgniter->createController()
 3 SYSTEMPATH\CodeIgniter.php(366): CodeIgniter\CodeIgniter->handleRequest(null, Object(Config\Cache), false)
 4 FCPATH\index.php(67): CodeIgniter\CodeIgniter->run()
 5 SYSTEMPATH\Commands\Server\rewrite.php(47): require_once('C:\\xampp\\htdocs\\sibia\\public\\index.php')
WARNING - 2023-10-03 02:54:44 --> [DEPRECATED] Creation of dynamic property App\Controllers\Admin::$auth is deprecated in APPPATH\Controllers\admin.php on line 16.
 1 SYSTEMPATH\CodeIgniter.php(904): App\Controllers\Admin->__construct()
 2 SYSTEMPATH\CodeIgniter.php(488): CodeIgniter\CodeIgniter->createController()
 3 SYSTEMPATH\CodeIgniter.php(366): CodeIgniter\CodeIgniter->handleRequest(null, Object(Config\Cache), false)
 4 FCPATH\index.php(67): CodeIgniter\CodeIgniter->run()
 5 SYSTEMPATH\Commands\Server\rewrite.php(47): require_once('C:\\xampp\\htdocs\\sibia\\public\\index.php')
INFO - 2023-10-03 02:54:46 --> Session: Class initialized using 'CodeIgniter\Session\Handlers\FileHandler' driver.
INFO - 2023-10-03 02:55:02 --> Session: Class initialized using 'CodeIgniter\Session\Handlers\FileHandler' driver.
WARNING - 2023-10-03 02:55:02 --> [DEPRECATED] Creation of dynamic property App\Controllers\Bia2::$bisnis is deprecated in APPPATH\Controllers\bia2.php on line 15.
 1 SYSTEMPATH\CodeIgniter.php(904): App\Controllers\Bia2->__construct()
 2 SYSTEMPATH\CodeIgniter.php(488): CodeIgniter\CodeIgniter->createController()
 3 SYSTEMPATH\CodeIgniter.php(366): CodeIgniter\CodeIgniter->handleRequest(null, Object(Config\Cache), false)
 4 FCPATH\index.php(67): CodeIgniter\CodeIgniter->run()
 5 SYSTEMPATH\Commands\Server\rewrite.php(47): require_once('C:\\xampp\\htdocs\\sibia\\public\\index.php')
WARNING - 2023-10-03 02:55:02 --> [DEPRECATED] Creation of dynamic property App\Controllers\Bia2::$session is deprecated in APPPATH\Controllers\bia2.php on line 16.
 1 SYSTEMPATH\CodeIgniter.php(904): App\Controllers\Bia2->__construct()
 2 SYSTEMPATH\CodeIgniter.php(488): CodeIgniter\CodeIgniter->createController()
 3 SYSTEMPATH\CodeIgniter.php(366): CodeIgniter\CodeIgniter->handleRequest(null, Object(Config\Cache), false)
 4 FCPATH\index.php(67): CodeIgniter\CodeIgniter->run()
 5 SYSTEMPATH\Commands\Server\rewrite.php(47): require_once('C:\\xampp\\htdocs\\sibia\\public\\index.php')
WARNING - 2023-10-03 02:55:02 --> [DEPRECATED] Creation of dynamic property App\Controllers\Bia2::$auth is deprecated in APPPATH\Controllers\bia2.php on line 17.
 1 SYSTEMPATH\CodeIgniter.php(904): App\Controllers\Bia2->__construct()
 2 SYSTEMPATH\CodeIgniter.php(488): CodeIgniter\CodeIgniter->createController()
 3 SYSTEMPATH\CodeIgniter.php(366): CodeIgniter\CodeIgniter->handleRequest(null, Object(Config\Cache), false)
 4 FCPATH\index.php(67): CodeIgniter\CodeIgniter->run()
 5 SYSTEMPATH\Commands\Server\rewrite.php(47): require_once('C:\\xampp\\htdocs\\sibia\\public\\index.php')
INFO - 2023-10-03 02:55:04 --> Session: Class initialized using 'CodeIgniter\Session\Handlers\FileHandler' driver.
INFO - 2023-10-03 02:55:12 --> Session: Class initialized using 'CodeIgniter\Session\Handlers\FileHandler' driver.
WARNING - 2023-10-03 02:55:12 --> [DEPRECATED] Creation of dynamic property App\Controllers\Admin::$session is deprecated in APPPATH\Controllers\admin.php on line 15.
 1 SYSTEMPATH\CodeIgniter.php(904): App\Controllers\Admin->__construct()
 2 SYSTEMPATH\CodeIgniter.php(488): CodeIgniter\CodeIgniter->createController()
 3 SYSTEMPATH\CodeIgniter.php(366): CodeIgniter\CodeIgniter->handleRequest(null, Object(Config\Cache), false)
 4 FCPATH\index.php(67): CodeIgniter\CodeIgniter->run()
 5 SYSTEMPATH\Commands\Server\rewrite.php(47): require_once('C:\\xampp\\htdocs\\sibia\\public\\index.php')
WARNING - 2023-10-03 02:55:12 --> [DEPRECATED] Creation of dynamic property App\Controllers\Admin::$auth is deprecated in APPPATH\Controllers\admin.php on line 16.
 1 SYSTEMPATH\CodeIgniter.php(904): App\Controllers\Admin->__construct()
 2 SYSTEMPATH\CodeIgniter.php(488): CodeIgniter\CodeIgniter->createController()
 3 SYSTEMPATH\CodeIgniter.php(366): CodeIgniter\CodeIgniter->handleRequest(null, Object(Config\Cache), false)
 4 FCPATH\index.php(67): CodeIgniter\CodeIgniter->run()
 5 SYSTEMPATH\Commands\Server\rewrite.php(47): require_once('C:\\xampp\\htdocs\\sibia\\public\\index.php')
INFO - 2023-10-03 02:55:14 --> Session: Class initialized using 'CodeIgniter\Session\Handlers\FileHandler' driver.
INFO - 2023-10-03 02:55:16 --> Session: Class initialized using 'CodeIgniter\Session\Handlers\FileHandler' driver.
WARNING - 2023-10-03 02:55:16 --> [DEPRECATED] Creation of dynamic property App\Controllers\Bisnis::$session is deprecated in APPPATH\Controllers\Bisnis.php on line 14.
 1 SYSTEMPATH\CodeIgniter.php(904): App\Controllers\Bisnis->__construct()
 2 SYSTEMPATH\CodeIgniter.php(488): CodeIgniter\CodeIgniter->createController()
 3 SYSTEMPATH\CodeIgniter.php(366): CodeIgniter\CodeIgniter->handleRequest(null, Object(Config\Cache), false)
 4 FCPATH\index.php(67): CodeIgniter\CodeIgniter->run()
 5 SYSTEMPATH\Commands\Server\rewrite.php(47): require_once('C:\\xampp\\htdocs\\sibia\\public\\index.php')
WARNING - 2023-10-03 02:55:16 --> [DEPRECATED] Creation of dynamic property App\Controllers\Bisnis::$auth is deprecated in APPPATH\Controllers\Bisnis.php on line 15.
 1 SYSTEMPATH\CodeIgniter.php(904): App\Controllers\Bisnis->__construct()
 2 SYSTEMPATH\CodeIgniter.php(488): CodeIgniter\CodeIgniter->createController()
 3 SYSTEMPATH\CodeIgniter.php(366): CodeIgniter\CodeIgniter->handleRequest(null, Object(Config\Cache), false)
 4 FCPATH\index.php(67): CodeIgniter\CodeIgniter->run()
 5 SYSTEMPATH\Commands\Server\rewrite.php(47): require_once('C:\\xampp\\htdocs\\sibia\\public\\index.php')
INFO - 2023-10-03 02:55:17 --> Session: Class initialized using 'CodeIgniter\Session\Handlers\FileHandler' driver.
WARNING - 2023-10-03 02:55:17 --> [DEPRECATED] Creation of dynamic property App\Controllers\Bisnis::$session is deprecated in APPPATH\Controllers\Bisnis.php on line 14.
 1 SYSTEMPATH\CodeIgniter.php(904): App\Controllers\Bisnis->__construct()
 2 SYSTEMPATH\CodeIgniter.php(488): CodeIgniter\CodeIgniter->createController()
 3 SYSTEMPATH\CodeIgniter.php(366): CodeIgniter\CodeIgniter->handleRequest(null, Object(Config\Cache), false)
 4 FCPATH\index.php(67): CodeIgniter\CodeIgniter->run()
 5 SYSTEMPATH\Commands\Server\rewrite.php(47): require_once('C:\\xampp\\htdocs\\sibia\\public\\index.php')
WARNING - 2023-10-03 02:55:17 --> [DEPRECATED] Creation of dynamic property App\Controllers\Bisnis::$auth is deprecated in APPPATH\Controllers\Bisnis.php on line 15.
 1 SYSTEMPATH\CodeIgniter.php(904): App\Controllers\Bisnis->__construct()
 2 SYSTEMPATH\CodeIgniter.php(488): CodeIgniter\CodeIgniter->createController()
 3 SYSTEMPATH\CodeIgniter.php(366): CodeIgniter\CodeIgniter->handleRequest(null, Object(Config\Cache), false)
 4 FCPATH\index.php(67): CodeIgniter\CodeIgniter->run()
 5 SYSTEMPATH\Commands\Server\rewrite.php(47): require_once('C:\\xampp\\htdocs\\sibia\\public\\index.php')
INFO - 2023-10-03 02:55:19 --> Session: Class initialized using 'CodeIgniter\Session\Handlers\FileHandler' driver.
INFO - 2023-10-03 03:03:40 --> Session: Class initialized using 'CodeIgniter\Session\Handlers\FileHandler' driver.
WARNING - 2023-10-03 03:03:41 --> [DEPRECATED] Creation of dynamic property App\Controllers\Bisnis::$session is deprecated in APPPATH\Controllers\Bisnis.php on line 14.
 1 SYSTEMPATH\CodeIgniter.php(904): App\Controllers\Bisnis->__construct()
 2 SYSTEMPATH\CodeIgniter.php(488): CodeIgniter\CodeIgniter->createController()
 3 SYSTEMPATH\CodeIgniter.php(366): CodeIgniter\CodeIgniter->handleRequest(null, Object(Config\Cache), false)
 4 FCPATH\index.php(67): CodeIgniter\CodeIgniter->run()
 5 SYSTEMPATH\Commands\Server\rewrite.php(47): require_once('C:\\xampp\\htdocs\\sibia\\public\\index.php')
WARNING - 2023-10-03 03:03:41 --> [DEPRECATED] Creation of dynamic property App\Controllers\Bisnis::$auth is deprecated in APPPATH\Controllers\Bisnis.php on line 15.
 1 SYSTEMPATH\CodeIgniter.php(904): App\Controllers\Bisnis->__construct()
 2 SYSTEMPATH\CodeIgniter.php(488): CodeIgniter\CodeIgniter->createController()
 3 SYSTEMPATH\CodeIgniter.php(366): CodeIgniter\CodeIgniter->handleRequest(null, Object(Config\Cache), false)
 4 FCPATH\index.php(67): CodeIgniter\CodeIgniter->run()
 5 SYSTEMPATH\Commands\Server\rewrite.php(47): require_once('C:\\xampp\\htdocs\\sibia\\public\\index.php')
INFO - 2023-10-03 03:03:46 --> Session: Class initialized using 'CodeIgniter\Session\Handlers\FileHandler' driver.
WARNING - 2023-10-03 03:03:46 --> [DEPRECATED] Creation of dynamic property App\Controllers\Admin::$session is deprecated in APPPATH\Controllers\admin.php on line 15.
 1 SYSTEMPATH\CodeIgniter.php(904): App\Controllers\Admin->__construct()
 2 SYSTEMPATH\CodeIgniter.php(488): CodeIgniter\CodeIgniter->createController()
 3 SYSTEMPATH\CodeIgniter.php(366): CodeIgniter\CodeIgniter->handleRequest(null, Object(Config\Cache), false)
 4 FCPATH\index.php(67): CodeIgniter\CodeIgniter->run()
 5 SYSTEMPATH\Commands\Server\rewrite.php(47): require_once('C:\\xampp\\htdocs\\sibia\\public\\index.php')
WARNING - 2023-10-03 03:03:46 --> [DEPRECATED] Creation of dynamic property App\Controllers\Admin::$auth is deprecated in APPPATH\Controllers\admin.php on line 16.
 1 SYSTEMPATH\CodeIgniter.php(904): App\Controllers\Admin->__construct()
 2 SYSTEMPATH\CodeIgniter.php(488): CodeIgniter\CodeIgniter->createController()
 3 SYSTEMPATH\CodeIgniter.php(366): CodeIgniter\CodeIgniter->handleRequest(null, Object(Config\Cache), false)
 4 FCPATH\index.php(67): CodeIgniter\CodeIgniter->run()
 5 SYSTEMPATH\Commands\Server\rewrite.php(47): require_once('C:\\xampp\\htdocs\\sibia\\public\\index.php')
INFO - 2023-10-03 03:03:49 --> Session: Class initialized using 'CodeIgniter\Session\Handlers\FileHandler' driver.
INFO - 2023-10-03 03:03:52 --> Session: Class initialized using 'CodeIgniter\Session\Handlers\FileHandler' driver.
WARNING - 2023-10-03 03:03:52 --> [DEPRECATED] Creation of dynamic property App\Controllers\Bisnis::$session is deprecated in APPPATH\Controllers\Bisnis.php on line 14.
 1 SYSTEMPATH\CodeIgniter.php(904): App\Controllers\Bisnis->__construct()
 2 SYSTEMPATH\CodeIgniter.php(488): CodeIgniter\CodeIgniter->createController()
 3 SYSTEMPATH\CodeIgniter.php(366): CodeIgniter\CodeIgniter->handleRequest(null, Object(Config\Cache), false)
 4 FCPATH\index.php(67): CodeIgniter\CodeIgniter->run()
 5 SYSTEMPATH\Commands\Server\rewrite.php(47): require_once('C:\\xampp\\htdocs\\sibia\\public\\index.php')
WARNING - 2023-10-03 03:03:52 --> [DEPRECATED] Creation of dynamic property App\Controllers\Bisnis::$auth is deprecated in APPPATH\Controllers\Bisnis.php on line 15.
 1 SYSTEMPATH\CodeIgniter.php(904): App\Controllers\Bisnis->__construct()
 2 SYSTEMPATH\CodeIgniter.php(488): CodeIgniter\CodeIgniter->createController()
 3 SYSTEMPATH\CodeIgniter.php(366): CodeIgniter\CodeIgniter->handleRequest(null, Object(Config\Cache), false)
 4 FCPATH\index.php(67): CodeIgniter\CodeIgniter->run()
 5 SYSTEMPATH\Commands\Server\rewrite.php(47): require_once('C:\\xampp\\htdocs\\sibia\\public\\index.php')
INFO - 2023-10-03 03:03:54 --> Session: Class initialized using 'CodeIgniter\Session\Handlers\FileHandler' driver.
INFO - 2023-10-03 03:10:19 --> Session: Class initialized using 'CodeIgniter\Session\Handlers\FileHandler' driver.
WARNING - 2023-10-03 03:10:19 --> [DEPRECATED] Creation of dynamic property App\Controllers\Inv::$session is deprecated in APPPATH\Controllers\inv.php on line 14.
 1 SYSTEMPATH\CodeIgniter.php(904): App\Controllers\Inv->__construct()
 2 SYSTEMPATH\CodeIgniter.php(488): CodeIgniter\CodeIgniter->createController()
 3 SYSTEMPATH\CodeIgniter.php(366): CodeIgniter\CodeIgniter->handleRequest(null, Object(Config\Cache), false)
 4 FCPATH\index.php(67): CodeIgniter\CodeIgniter->run()
 5 SYSTEMPATH\Commands\Server\rewrite.php(47): require_once('C:\\xampp\\htdocs\\sibia\\public\\index.php')
WARNING - 2023-10-03 03:10:19 --> [DEPRECATED] Creation of dynamic property App\Controllers\Inv::$auth is deprecated in APPPATH\Controllers\inv.php on line 15.
 1 SYSTEMPATH\CodeIgniter.php(904): App\Controllers\Inv->__construct()
 2 SYSTEMPATH\CodeIgniter.php(488): CodeIgniter\CodeIgniter->createController()
 3 SYSTEMPATH\CodeIgniter.php(366): CodeIgniter\CodeIgniter->handleRequest(null, Object(Config\Cache), false)
 4 FCPATH\index.php(67): CodeIgniter\CodeIgniter->run()
 5 SYSTEMPATH\Commands\Server\rewrite.php(47): require_once('C:\\xampp\\htdocs\\sibia\\public\\index.php')
INFO - 2023-10-03 03:10:19 --> Session: Class initialized using 'CodeIgniter\Session\Handlers\FileHandler' driver.
INFO - 2023-10-03 03:10:26 --> Session: Class initialized using 'CodeIgniter\Session\Handlers\FileHandler' driver.
WARNING - 2023-10-03 03:10:26 --> [DEPRECATED] Creation of dynamic property App\Controllers\Bia::$bisnis is deprecated in APPPATH\Controllers\bia.php on line 15.
 1 SYSTEMPATH\CodeIgniter.php(904): App\Controllers\Bia->__construct()
 2 SYSTEMPATH\CodeIgniter.php(488): CodeIgniter\CodeIgniter->createController()
 3 SYSTEMPATH\CodeIgniter.php(366): CodeIgniter\CodeIgniter->handleRequest(null, Object(Config\Cache), false)
 4 FCPATH\index.php(67): CodeIgniter\CodeIgniter->run()
 5 SYSTEMPATH\Commands\Server\rewrite.php(47): require_once('C:\\xampp\\htdocs\\sibia\\public\\index.php')
WARNING - 2023-10-03 03:10:26 --> [DEPRECATED] Creation of dynamic property App\Controllers\Bia::$session is deprecated in APPPATH\Controllers\bia.php on line 16.
 1 SYSTEMPATH\CodeIgniter.php(904): App\Controllers\Bia->__construct()
 2 SYSTEMPATH\CodeIgniter.php(488): CodeIgniter\CodeIgniter->createController()
 3 SYSTEMPATH\CodeIgniter.php(366): CodeIgniter\CodeIgniter->handleRequest(null, Object(Config\Cache), false)
 4 FCPATH\index.php(67): CodeIgniter\CodeIgniter->run()
 5 SYSTEMPATH\Commands\Server\rewrite.php(47): require_once('C:\\xampp\\htdocs\\sibia\\public\\index.php')
WARNING - 2023-10-03 03:10:26 --> [DEPRECATED] Creation of dynamic property App\Controllers\Bia::$auth is deprecated in APPPATH\Controllers\bia.php on line 17.
 1 SYSTEMPATH\CodeIgniter.php(904): App\Controllers\Bia->__construct()
 2 SYSTEMPATH\CodeIgniter.php(488): CodeIgniter\CodeIgniter->createController()
 3 SYSTEMPATH\CodeIgniter.php(366): CodeIgniter\CodeIgniter->handleRequest(null, Object(Config\Cache), false)
 4 FCPATH\index.php(67): CodeIgniter\CodeIgniter->run()
 5 SYSTEMPATH\Commands\Server\rewrite.php(47): require_once('C:\\xampp\\htdocs\\sibia\\public\\index.php')
INFO - 2023-10-03 03:10:26 --> Session: Class initialized using 'CodeIgniter\Session\Handlers\FileHandler' driver.
INFO - 2023-10-03 03:11:07 --> Session: Class initialized using 'CodeIgniter\Session\Handlers\FileHandler' driver.
WARNING - 2023-10-03 03:11:07 --> [DEPRECATED] Creation of dynamic property App\Controllers\Bia2::$bisnis is deprecated in APPPATH\Controllers\bia2.php on line 15.
 1 SYSTEMPATH\CodeIgniter.php(904): App\Controllers\Bia2->__construct()
 2 SYSTEMPATH\CodeIgniter.php(488): CodeIgniter\CodeIgniter->createController()
 3 SYSTEMPATH\CodeIgniter.php(366): CodeIgniter\CodeIgniter->handleRequest(null, Object(Config\Cache), false)
 4 FCPATH\index.php(67): CodeIgniter\CodeIgniter->run()
 5 SYSTEMPATH\Commands\Server\rewrite.php(47): require_once('C:\\xampp\\htdocs\\sibia\\public\\index.php')
WARNING - 2023-10-03 03:11:08 --> [DEPRECATED] Creation of dynamic property App\Controllers\Bia2::$session is deprecated in APPPATH\Controllers\bia2.php on line 16.
 1 SYSTEMPATH\CodeIgniter.php(904): App\Controllers\Bia2->__construct()
 2 SYSTEMPATH\CodeIgniter.php(488): CodeIgniter\CodeIgniter->createController()
 3 SYSTEMPATH\CodeIgniter.php(366): CodeIgniter\CodeIgniter->handleRequest(null, Object(Config\Cache), false)
 4 FCPATH\index.php(67): CodeIgniter\CodeIgniter->run()
 5 SYSTEMPATH\Commands\Server\rewrite.php(47): require_once('C:\\xampp\\htdocs\\sibia\\public\\index.php')
WARNING - 2023-10-03 03:11:08 --> [DEPRECATED] Creation of dynamic property App\Controllers\Bia2::$auth is deprecated in APPPATH\Controllers\bia2.php on line 17.
 1 SYSTEMPATH\CodeIgniter.php(904): App\Controllers\Bia2->__construct()
 2 SYSTEMPATH\CodeIgniter.php(488): CodeIgniter\CodeIgniter->createController()
 3 SYSTEMPATH\CodeIgniter.php(366): CodeIgniter\CodeIgniter->handleRequest(null, Object(Config\Cache), false)
 4 FCPATH\index.php(67): CodeIgniter\CodeIgniter->run()
 5 SYSTEMPATH\Commands\Server\rewrite.php(47): require_once('C:\\xampp\\htdocs\\sibia\\public\\index.php')
INFO - 2023-10-03 03:11:08 --> Session: Class initialized using 'CodeIgniter\Session\Handlers\FileHandler' driver.
INFO - 2023-10-03 03:11:24 --> Session: Class initialized using 'CodeIgniter\Session\Handlers\FileHandler' driver.
WARNING - 2023-10-03 03:11:24 --> [DEPRECATED] Creation of dynamic property App\Controllers\Bia::$bisnis is deprecated in APPPATH\Controllers\bia.php on line 15.
 1 SYSTEMPATH\CodeIgniter.php(904): App\Controllers\Bia->__construct()
 2 SYSTEMPATH\CodeIgniter.php(488): CodeIgniter\CodeIgniter->createController()
 3 SYSTEMPATH\CodeIgniter.php(366): CodeIgniter\CodeIgniter->handleRequest(null, Object(Config\Cache), false)
 4 FCPATH\index.php(67): CodeIgniter\CodeIgniter->run()
 5 SYSTEMPATH\Commands\Server\rewrite.php(47): require_once('C:\\xampp\\htdocs\\sibia\\public\\index.php')
WARNING - 2023-10-03 03:11:24 --> [DEPRECATED] Creation of dynamic property App\Controllers\Bia::$session is deprecated in APPPATH\Controllers\bia.php on line 16.
 1 SYSTEMPATH\CodeIgniter.php(904): App\Controllers\Bia->__construct()
 2 SYSTEMPATH\CodeIgniter.php(488): CodeIgniter\CodeIgniter->createController()
 3 SYSTEMPATH\CodeIgniter.php(366): CodeIgniter\CodeIgniter->handleRequest(null, Object(Config\Cache), false)
 4 FCPATH\index.php(67): CodeIgniter\CodeIgniter->run()
 5 SYSTEMPATH\Commands\Server\rewrite.php(47): require_once('C:\\xampp\\htdocs\\sibia\\public\\index.php')
WARNING - 2023-10-03 03:11:24 --> [DEPRECATED] Creation of dynamic property App\Controllers\Bia::$auth is deprecated in APPPATH\Controllers\bia.php on line 17.
 1 SYSTEMPATH\CodeIgniter.php(904): App\Controllers\Bia->__construct()
 2 SYSTEMPATH\CodeIgniter.php(488): CodeIgniter\CodeIgniter->createController()
 3 SYSTEMPATH\CodeIgniter.php(366): CodeIgniter\CodeIgniter->handleRequest(null, Object(Config\Cache), false)
 4 FCPATH\index.php(67): CodeIgniter\CodeIgniter->run()
 5 SYSTEMPATH\Commands\Server\rewrite.php(47): require_once('C:\\xampp\\htdocs\\sibia\\public\\index.php')
INFO - 2023-10-03 03:11:25 --> Session: Class initialized using 'CodeIgniter\Session\Handlers\FileHandler' driver.
INFO - 2023-10-03 03:12:03 --> Session: Class initialized using 'CodeIgniter\Session\Handlers\FileHandler' driver.
WARNING - 2023-10-03 03:12:03 --> [DEPRECATED] Creation of dynamic property App\Controllers\Bia2::$bisnis is deprecated in APPPATH\Controllers\bia2.php on line 15.
 1 SYSTEMPATH\CodeIgniter.php(904): App\Controllers\Bia2->__construct()
 2 SYSTEMPATH\CodeIgniter.php(488): CodeIgniter\CodeIgniter->createController()
 3 SYSTEMPATH\CodeIgniter.php(366): CodeIgniter\CodeIgniter->handleRequest(null, Object(Config\Cache), false)
 4 FCPATH\index.php(67): CodeIgniter\CodeIgniter->run()
 5 SYSTEMPATH\Commands\Server\rewrite.php(47): require_once('C:\\xampp\\htdocs\\sibia\\public\\index.php')
WARNING - 2023-10-03 03:12:03 --> [DEPRECATED] Creation of dynamic property App\Controllers\Bia2::$session is deprecated in APPPATH\Controllers\bia2.php on line 16.
 1 SYSTEMPATH\CodeIgniter.php(904): App\Controllers\Bia2->__construct()
 2 SYSTEMPATH\CodeIgniter.php(488): CodeIgniter\CodeIgniter->createController()
 3 SYSTEMPATH\CodeIgniter.php(366): CodeIgniter\CodeIgniter->handleRequest(null, Object(Config\Cache), false)
 4 FCPATH\index.php(67): CodeIgniter\CodeIgniter->run()
 5 SYSTEMPATH\Commands\Server\rewrite.php(47): require_once('C:\\xampp\\htdocs\\sibia\\public\\index.php')
WARNING - 2023-10-03 03:12:03 --> [DEPRECATED] Creation of dynamic property App\Controllers\Bia2::$auth is deprecated in APPPATH\Controllers\bia2.php on line 17.
 1 SYSTEMPATH\CodeIgniter.php(904): App\Controllers\Bia2->__construct()
 2 SYSTEMPATH\CodeIgniter.php(488): CodeIgniter\CodeIgniter->createController()
 3 SYSTEMPATH\CodeIgniter.php(366): CodeIgniter\CodeIgniter->handleRequest(null, Object(Config\Cache), false)
 4 FCPATH\index.php(67): CodeIgniter\CodeIgniter->run()
 5 SYSTEMPATH\Commands\Server\rewrite.php(47): require_once('C:\\xampp\\htdocs\\sibia\\public\\index.php')
INFO - 2023-10-03 03:12:03 --> Session: Class initialized using 'CodeIgniter\Session\Handlers\FileHandler' driver.
INFO - 2023-10-03 03:12:14 --> Session: Class initialized using 'CodeIgniter\Session\Handlers\FileHandler' driver.
WARNING - 2023-10-03 03:12:14 --> [DEPRECATED] Creation of dynamic property App\Controllers\Bia::$bisnis is deprecated in APPPATH\Controllers\bia.php on line 15.
 1 SYSTEMPATH\CodeIgniter.php(904): App\Controllers\Bia->__construct()
 2 SYSTEMPATH\CodeIgniter.php(488): CodeIgniter\CodeIgniter->createController()
 3 SYSTEMPATH\CodeIgniter.php(366): CodeIgniter\CodeIgniter->handleRequest(null, Object(Config\Cache), false)
 4 FCPATH\index.php(67): CodeIgniter\CodeIgniter->run()
 5 SYSTEMPATH\Commands\Server\rewrite.php(47): require_once('C:\\xampp\\htdocs\\sibia\\public\\index.php')
WARNING - 2023-10-03 03:12:14 --> [DEPRECATED] Creation of dynamic property App\Controllers\Bia::$session is deprecated in APPPATH\Controllers\bia.php on line 16.
 1 SYSTEMPATH\CodeIgniter.php(904): App\Controllers\Bia->__construct()
 2 SYSTEMPATH\CodeIgniter.php(488): CodeIgniter\CodeIgniter->createController()
 3 SYSTEMPATH\CodeIgniter.php(366): CodeIgniter\CodeIgniter->handleRequest(null, Object(Config\Cache), false)
 4 FCPATH\index.php(67): CodeIgniter\CodeIgniter->run()
 5 SYSTEMPATH\Commands\Server\rewrite.php(47): require_once('C:\\xampp\\htdocs\\sibia\\public\\index.php')
WARNING - 2023-10-03 03:12:14 --> [DEPRECATED] Creation of dynamic property App\Controllers\Bia::$auth is deprecated in APPPATH\Controllers\bia.php on line 17.
 1 SYSTEMPATH\CodeIgniter.php(904): App\Controllers\Bia->__construct()
 2 SYSTEMPATH\CodeIgniter.php(488): CodeIgniter\CodeIgniter->createController()
 3 SYSTEMPATH\CodeIgniter.php(366): CodeIgniter\CodeIgniter->handleRequest(null, Object(Config\Cache), false)
 4 FCPATH\index.php(67): CodeIgniter\CodeIgniter->run()
 5 SYSTEMPATH\Commands\Server\rewrite.php(47): require_once('C:\\xampp\\htdocs\\sibia\\public\\index.php')
INFO - 2023-10-03 03:12:14 --> Session: Class initialized using 'CodeIgniter\Session\Handlers\FileHandler' driver.
INFO - 2023-10-03 03:14:13 --> Session: Class initialized using 'CodeIgniter\Session\Handlers\FileHandler' driver.
WARNING - 2023-10-03 03:14:13 --> [DEPRECATED] Creation of dynamic property App\Controllers\Bia2::$bisnis is deprecated in APPPATH\Controllers\bia2.php on line 15.
 1 SYSTEMPATH\CodeIgniter.php(904): App\Controllers\Bia2->__construct()
 2 SYSTEMPATH\CodeIgniter.php(488): CodeIgniter\CodeIgniter->createController()
 3 SYSTEMPATH\CodeIgniter.php(366): CodeIgniter\CodeIgniter->handleRequest(null, Object(Config\Cache), false)
 4 FCPATH\index.php(67): CodeIgniter\CodeIgniter->run()
 5 SYSTEMPATH\Commands\Server\rewrite.php(47): require_once('C:\\xampp\\htdocs\\sibia\\public\\index.php')
WARNING - 2023-10-03 03:14:13 --> [DEPRECATED] Creation of dynamic property App\Controllers\Bia2::$session is deprecated in APPPATH\Controllers\bia2.php on line 16.
 1 SYSTEMPATH\CodeIgniter.php(904): App\Controllers\Bia2->__construct()
 2 SYSTEMPATH\CodeIgniter.php(488): CodeIgniter\CodeIgniter->createController()
 3 SYSTEMPATH\CodeIgniter.php(366): CodeIgniter\CodeIgniter->handleRequest(null, Object(Config\Cache), false)
 4 FCPATH\index.php(67): CodeIgniter\CodeIgniter->run()
 5 SYSTEMPATH\Commands\Server\rewrite.php(47): require_once('C:\\xampp\\htdocs\\sibia\\public\\index.php')
WARNING - 2023-10-03 03:14:13 --> [DEPRECATED] Creation of dynamic property App\Controllers\Bia2::$auth is deprecated in APPPATH\Controllers\bia2.php on line 17.
 1 SYSTEMPATH\CodeIgniter.php(904): App\Controllers\Bia2->__construct()
 2 SYSTEMPATH\CodeIgniter.php(488): CodeIgniter\CodeIgniter->createController()
 3 SYSTEMPATH\CodeIgniter.php(366): CodeIgniter\CodeIgniter->handleRequest(null, Object(Config\Cache), false)
 4 FCPATH\index.php(67): CodeIgniter\CodeIgniter->run()
 5 SYSTEMPATH\Commands\Server\rewrite.php(47): require_once('C:\\xampp\\htdocs\\sibia\\public\\index.php')
INFO - 2023-10-03 03:14:14 --> Session: Class initialized using 'CodeIgniter\Session\Handlers\FileHandler' driver.
INFO - 2023-10-03 03:14:25 --> Session: Class initialized using 'CodeIgniter\Session\Handlers\FileHandler' driver.
WARNING - 2023-10-03 03:14:26 --> [DEPRECATED] Creation of dynamic property App\Controllers\Bia::$bisnis is deprecated in APPPATH\Controllers\bia.php on line 15.
 1 SYSTEMPATH\CodeIgniter.php(904): App\Controllers\Bia->__construct()
 2 SYSTEMPATH\CodeIgniter.php(488): CodeIgniter\CodeIgniter->createController()
 3 SYSTEMPATH\CodeIgniter.php(366): CodeIgniter\CodeIgniter->handleRequest(null, Object(Config\Cache), false)
 4 FCPATH\index.php(67): CodeIgniter\CodeIgniter->run()
 5 SYSTEMPATH\Commands\Server\rewrite.php(47): require_once('C:\\xampp\\htdocs\\sibia\\public\\index.php')
WARNING - 2023-10-03 03:14:26 --> [DEPRECATED] Creation of dynamic property App\Controllers\Bia::$session is deprecated in APPPATH\Controllers\bia.php on line 16.
 1 SYSTEMPATH\CodeIgniter.php(904): App\Controllers\Bia->__construct()
 2 SYSTEMPATH\CodeIgniter.php(488): CodeIgniter\CodeIgniter->createController()
 3 SYSTEMPATH\CodeIgniter.php(366): CodeIgniter\CodeIgniter->handleRequest(null, Object(Config\Cache), false)
 4 FCPATH\index.php(67): CodeIgniter\CodeIgniter->run()
 5 SYSTEMPATH\Commands\Server\rewrite.php(47): require_once('C:\\xampp\\htdocs\\sibia\\public\\index.php')
WARNING - 2023-10-03 03:14:26 --> [DEPRECATED] Creation of dynamic property App\Controllers\Bia::$auth is deprecated in APPPATH\Controllers\bia.php on line 17.
 1 SYSTEMPATH\CodeIgniter.php(904): App\Controllers\Bia->__construct()
 2 SYSTEMPATH\CodeIgniter.php(488): CodeIgniter\CodeIgniter->createController()
 3 SYSTEMPATH\CodeIgniter.php(366): CodeIgniter\CodeIgniter->handleRequest(null, Object(Config\Cache), false)
 4 FCPATH\index.php(67): CodeIgniter\CodeIgniter->run()
 5 SYSTEMPATH\Commands\Server\rewrite.php(47): require_once('C:\\xampp\\htdocs\\sibia\\public\\index.php')
INFO - 2023-10-03 03:14:26 --> Session: Class initialized using 'CodeIgniter\Session\Handlers\FileHandler' driver.
