INFO - 2025-11-06 00:59:17 --> Session: Class initialized using 'CodeIgniter\Session\Handlers\FileHandler' driver.
INFO - 2025-11-06 00:59:17 --> Session: Class initialized using 'CodeIgniter\Session\Handlers\FileHandler' driver.
INFO - 2025-11-06 00:59:17 --> Session: Class initialized using 'CodeIgniter\Session\Handlers\FileHandler' driver.
INFO - 2025-11-06 00:59:18 --> Session: Class initialized using 'CodeIgniter\Session\Handlers\FileHandler' driver.
INFO - 2025-11-06 00:59:18 --> Session: Class initialized using 'CodeIgniter\Session\Handlers\FileHandler' driver.
INFO - 2025-11-06 00:59:18 --> Session: Class initialized using 'CodeIgniter\Session\Handlers\FileHandler' driver.
INFO - 2025-11-06 00:59:18 --> Session: Class initialized using 'CodeIgniter\Session\Handlers\FileHandler' driver.
INFO - 2025-11-06 00:59:52 --> Session: Class initialized using 'CodeIgniter\Session\Handlers\FileHandler' driver.
INFO - 2025-11-06 00:59:53 --> Session: Class initialized using 'CodeIgniter\Session\Handlers\FileHandler' driver.
WARNING - 2025-11-06 00:59:53 --> [DEPRECATED] Creation of dynamic property App\Controllers\Home::$session is deprecated in APPPATH\Controllers\Home.php on line 11.
 1 SYSTEMPATH\CodeIgniter.php(904): App\Controllers\Home->__construct()
 2 SYSTEMPATH\CodeIgniter.php(488): CodeIgniter\CodeIgniter->createController()
 3 SYSTEMPATH\CodeIgniter.php(366): CodeIgniter\CodeIgniter->handleRequest(null, Object(Config\Cache), false)
 4 FCPATH\index.php(67): CodeIgniter\CodeIgniter->run()
 5 SYSTEMPATH\Commands\Server\rewrite.php(47): require_once('C:\\xampp\\htdocs\\nbp\\public\\index.php')
WARNING - 2025-11-06 00:59:53 --> [DEPRECATED] Creation of dynamic property App\Controllers\Home::$auth is deprecated in APPPATH\Controllers\Home.php on line 12.
 1 SYSTEMPATH\CodeIgniter.php(904): App\Controllers\Home->__construct()
 2 SYSTEMPATH\CodeIgniter.php(488): CodeIgniter\CodeIgniter->createController()
 3 SYSTEMPATH\CodeIgniter.php(366): CodeIgniter\CodeIgniter->handleRequest(null, Object(Config\Cache), false)
 4 FCPATH\index.php(67): CodeIgniter\CodeIgniter->run()
 5 SYSTEMPATH\Commands\Server\rewrite.php(47): require_once('C:\\xampp\\htdocs\\nbp\\public\\index.php')
INFO - 2025-11-06 00:59:54 --> Session: Class initialized using 'CodeIgniter\Session\Handlers\FileHandler' driver.
INFO - 2025-11-06 00:59:54 --> Session: Class initialized using 'CodeIgniter\Session\Handlers\FileHandler' driver.
INFO - 2025-11-06 00:59:54 --> Session: Class initialized using 'CodeIgniter\Session\Handlers\FileHandler' driver.
INFO - 2025-11-06 00:59:55 --> Session: Class initialized using 'CodeIgniter\Session\Handlers\FileHandler' driver.
INFO - 2025-11-06 01:10:59 --> Session: Class initialized using 'CodeIgniter\Session\Handlers\FileHandler' driver.
INFO - 2025-11-06 01:10:59 --> Session: Class initialized using 'CodeIgniter\Session\Handlers\FileHandler' driver.
INFO - 2025-11-06 01:11:00 --> Session: Class initialized using 'CodeIgniter\Session\Handlers\FileHandler' driver.
INFO - 2025-11-06 01:11:00 --> Session: Class initialized using 'CodeIgniter\Session\Handlers\FileHandler' driver.
INFO - 2025-11-06 01:11:00 --> Session: Class initialized using 'CodeIgniter\Session\Handlers\FileHandler' driver.
INFO - 2025-11-06 01:11:01 --> Session: Class initialized using 'CodeIgniter\Session\Handlers\FileHandler' driver.
INFO - 2025-11-06 01:11:01 --> Session: Class initialized using 'CodeIgniter\Session\Handlers\FileHandler' driver.
INFO - 2025-11-06 01:11:01 --> Session: Class initialized using 'CodeIgniter\Session\Handlers\FileHandler' driver.
INFO - 2025-11-06 01:11:02 --> Session: Class initialized using 'CodeIgniter\Session\Handlers\FileHandler' driver.
INFO - 2025-11-06 01:38:12 --> Session: Class initialized using 'CodeIgniter\Session\Handlers\FileHandler' driver.
INFO - 2025-11-06 01:38:13 --> Session: Class initialized using 'CodeIgniter\Session\Handlers\FileHandler' driver.
WARNING - 2025-11-06 01:38:13 --> [DEPRECATED] Creation of dynamic property App\Controllers\Home::$session is deprecated in APPPATH\Controllers\Home.php on line 11.
 1 SYSTEMPATH\CodeIgniter.php(904): App\Controllers\Home->__construct()
 2 SYSTEMPATH\CodeIgniter.php(488): CodeIgniter\CodeIgniter->createController()
 3 SYSTEMPATH\CodeIgniter.php(366): CodeIgniter\CodeIgniter->handleRequest(null, Object(Config\Cache), false)
 4 FCPATH\index.php(67): CodeIgniter\CodeIgniter->run()
 5 SYSTEMPATH\Commands\Server\rewrite.php(47): require_once('C:\\xampp\\htdocs\\nbp\\public\\index.php')
WARNING - 2025-11-06 01:38:13 --> [DEPRECATED] Creation of dynamic property App\Controllers\Home::$auth is deprecated in APPPATH\Controllers\Home.php on line 12.
 1 SYSTEMPATH\CodeIgniter.php(904): App\Controllers\Home->__construct()
 2 SYSTEMPATH\CodeIgniter.php(488): CodeIgniter\CodeIgniter->createController()
 3 SYSTEMPATH\CodeIgniter.php(366): CodeIgniter\CodeIgniter->handleRequest(null, Object(Config\Cache), false)
 4 FCPATH\index.php(67): CodeIgniter\CodeIgniter->run()
 5 SYSTEMPATH\Commands\Server\rewrite.php(47): require_once('C:\\xampp\\htdocs\\nbp\\public\\index.php')
INFO - 2025-11-06 01:38:13 --> Session: Class initialized using 'CodeIgniter\Session\Handlers\FileHandler' driver.
INFO - 2025-11-06 01:38:14 --> Session: Class initialized using 'CodeIgniter\Session\Handlers\FileHandler' driver.
INFO - 2025-11-06 01:38:14 --> Session: Class initialized using 'CodeIgniter\Session\Handlers\FileHandler' driver.
INFO - 2025-11-06 01:38:14 --> Session: Class initialized using 'CodeIgniter\Session\Handlers\FileHandler' driver.
INFO - 2025-11-06 01:52:04 --> Session: Class initialized using 'CodeIgniter\Session\Handlers\FileHandler' driver.
INFO - 2025-11-06 01:52:08 --> Session: Class initialized using 'CodeIgniter\Session\Handlers\FileHandler' driver.
INFO - 2025-11-06 01:52:08 --> Session: Class initialized using 'CodeIgniter\Session\Handlers\FileHandler' driver.
INFO - 2025-11-06 01:55:55 --> Session: Class initialized using 'CodeIgniter\Session\Handlers\FileHandler' driver.
INFO - 2025-11-06 01:58:27 --> Session: Class initialized using 'CodeIgniter\Session\Handlers\FileHandler' driver.
INFO - 2025-11-06 01:58:56 --> Session: Class initialized using 'CodeIgniter\Session\Handlers\FileHandler' driver.
INFO - 2025-11-06 01:59:03 --> Session: Class initialized using 'CodeIgniter\Session\Handlers\FileHandler' driver.
INFO - 2025-11-06 01:59:30 --> Session: Class initialized using 'CodeIgniter\Session\Handlers\FileHandler' driver.
INFO - 2025-11-06 02:01:31 --> Session: Class initialized using 'CodeIgniter\Session\Handlers\FileHandler' driver.
INFO - 2025-11-06 02:02:18 --> Session: Class initialized using 'CodeIgniter\Session\Handlers\FileHandler' driver.
INFO - 2025-11-06 02:02:28 --> Session: Class initialized using 'CodeIgniter\Session\Handlers\FileHandler' driver.
INFO - 2025-11-06 02:04:03 --> Session: Class initialized using 'CodeIgniter\Session\Handlers\FileHandler' driver.
INFO - 2025-11-06 02:04:17 --> Session: Class initialized using 'CodeIgniter\Session\Handlers\FileHandler' driver.
INFO - 2025-11-06 02:08:02 --> Session: Class initialized using 'CodeIgniter\Session\Handlers\FileHandler' driver.
INFO - 2025-11-06 02:08:14 --> Session: Class initialized using 'CodeIgniter\Session\Handlers\FileHandler' driver.
INFO - 2025-11-06 02:09:22 --> Session: Class initialized using 'CodeIgniter\Session\Handlers\FileHandler' driver.
INFO - 2025-11-06 02:12:08 --> Session: Class initialized using 'CodeIgniter\Session\Handlers\FileHandler' driver.
INFO - 2025-11-06 02:12:43 --> Session: Class initialized using 'CodeIgniter\Session\Handlers\FileHandler' driver.
INFO - 2025-11-06 02:13:54 --> Session: Class initialized using 'CodeIgniter\Session\Handlers\FileHandler' driver.
INFO - 2025-11-06 02:14:45 --> Session: Class initialized using 'CodeIgniter\Session\Handlers\FileHandler' driver.
INFO - 2025-11-06 02:17:23 --> Session: Class initialized using 'CodeIgniter\Session\Handlers\FileHandler' driver.
INFO - 2025-11-06 02:20:20 --> Session: Class initialized using 'CodeIgniter\Session\Handlers\FileHandler' driver.
INFO - 2025-11-06 02:20:42 --> Session: Class initialized using 'CodeIgniter\Session\Handlers\FileHandler' driver.
INFO - 2025-11-06 02:20:57 --> Session: Class initialized using 'CodeIgniter\Session\Handlers\FileHandler' driver.
INFO - 2025-11-06 02:21:55 --> Session: Class initialized using 'CodeIgniter\Session\Handlers\FileHandler' driver.
INFO - 2025-11-06 02:23:01 --> Session: Class initialized using 'CodeIgniter\Session\Handlers\FileHandler' driver.
INFO - 2025-11-06 02:24:01 --> Session: Class initialized using 'CodeIgniter\Session\Handlers\FileHandler' driver.
INFO - 2025-11-06 02:24:42 --> Session: Class initialized using 'CodeIgniter\Session\Handlers\FileHandler' driver.
INFO - 2025-11-06 02:25:37 --> Session: Class initialized using 'CodeIgniter\Session\Handlers\FileHandler' driver.
INFO - 2025-11-06 02:26:09 --> Session: Class initialized using 'CodeIgniter\Session\Handlers\FileHandler' driver.
INFO - 2025-11-06 02:26:59 --> Session: Class initialized using 'CodeIgniter\Session\Handlers\FileHandler' driver.
INFO - 2025-11-06 02:27:54 --> Session: Class initialized using 'CodeIgniter\Session\Handlers\FileHandler' driver.
INFO - 2025-11-06 02:30:08 --> Session: Class initialized using 'CodeIgniter\Session\Handlers\FileHandler' driver.
INFO - 2025-11-06 02:33:40 --> Session: Class initialized using 'CodeIgniter\Session\Handlers\FileHandler' driver.
INFO - 2025-11-06 02:34:12 --> Session: Class initialized using 'CodeIgniter\Session\Handlers\FileHandler' driver.
INFO - 2025-11-06 02:36:22 --> Session: Class initialized using 'CodeIgniter\Session\Handlers\FileHandler' driver.
INFO - 2025-11-06 02:38:41 --> Session: Class initialized using 'CodeIgniter\Session\Handlers\FileHandler' driver.
INFO - 2025-11-06 02:39:57 --> Session: Class initialized using 'CodeIgniter\Session\Handlers\FileHandler' driver.
INFO - 2025-11-06 02:40:39 --> Session: Class initialized using 'CodeIgniter\Session\Handlers\FileHandler' driver.
INFO - 2025-11-06 02:41:35 --> Session: Class initialized using 'CodeIgniter\Session\Handlers\FileHandler' driver.
INFO - 2025-11-06 02:43:55 --> Session: Class initialized using 'CodeIgniter\Session\Handlers\FileHandler' driver.
INFO - 2025-11-06 02:44:10 --> Session: Class initialized using 'CodeIgniter\Session\Handlers\FileHandler' driver.
INFO - 2025-11-06 02:44:24 --> Session: Class initialized using 'CodeIgniter\Session\Handlers\FileHandler' driver.
INFO - 2025-11-06 02:44:38 --> Session: Class initialized using 'CodeIgniter\Session\Handlers\FileHandler' driver.
INFO - 2025-11-06 02:44:48 --> Session: Class initialized using 'CodeIgniter\Session\Handlers\FileHandler' driver.
INFO - 2025-11-06 02:44:58 --> Session: Class initialized using 'CodeIgniter\Session\Handlers\FileHandler' driver.
INFO - 2025-11-06 02:45:12 --> Session: Class initialized using 'CodeIgniter\Session\Handlers\FileHandler' driver.
INFO - 2025-11-06 02:49:29 --> Session: Class initialized using 'CodeIgniter\Session\Handlers\FileHandler' driver.
INFO - 2025-11-06 02:50:01 --> Session: Class initialized using 'CodeIgniter\Session\Handlers\FileHandler' driver.
INFO - 2025-11-06 02:52:22 --> Session: Class initialized using 'CodeIgniter\Session\Handlers\FileHandler' driver.
INFO - 2025-11-06 02:54:02 --> Session: Class initialized using 'CodeIgniter\Session\Handlers\FileHandler' driver.
CRITICAL - 2025-11-06 02:54:02 --> Undefined variable $showfaktor
in APPPATH\Views\showprofilresiko\index.php on line 682.
 1 APPPATH\Views\showprofilresiko\index.php(682): CodeIgniter\Debug\Exceptions->errorHandler()
 2 SYSTEMPATH\View\View.php(224): include('C:\\xampp\\htdocs\\nbp\\app\\Views\\showprofilresiko\\index.php')
 3 SYSTEMPATH\View\View.php(227): CodeIgniter\View\View->CodeIgniter\View\{closure}()
 4 SYSTEMPATH\Common.php(1180): CodeIgniter\View\View->render()
 5 APPPATH\Controllers\Showprofilresiko.php(269): view()
 6 SYSTEMPATH\CodeIgniter.php(932): App\Controllers\ShowProfilresiko->index()
 7 SYSTEMPATH\CodeIgniter.php(497): CodeIgniter\CodeIgniter->runController()
 8 SYSTEMPATH\CodeIgniter.php(366): CodeIgniter\CodeIgniter->handleRequest()
 9 FCPATH\index.php(67): CodeIgniter\CodeIgniter->run()
10 SYSTEMPATH\Commands\Server\rewrite.php(47): require_once('C:\\xampp\\htdocs\\nbp\\public\\index.php')
INFO - 2025-11-06 02:55:06 --> Session: Class initialized using 'CodeIgniter\Session\Handlers\FileHandler' driver.
INFO - 2025-11-06 02:55:37 --> Session: Class initialized using 'CodeIgniter\Session\Handlers\FileHandler' driver.
INFO - 2025-11-06 03:35:26 --> Session: Class initialized using 'CodeIgniter\Session\Handlers\FileHandler' driver.
INFO - 2025-11-06 04:59:57 --> Session: Class initialized using 'CodeIgniter\Session\Handlers\FileHandler' driver.
INFO - 2025-11-06 06:21:52 --> Session: Class initialized using 'CodeIgniter\Session\Handlers\FileHandler' driver.
INFO - 2025-11-06 06:21:58 --> Session: Class initialized using 'CodeIgniter\Session\Handlers\FileHandler' driver.
INFO - 2025-11-06 06:21:58 --> Session: Class initialized using 'CodeIgniter\Session\Handlers\FileHandler' driver.
INFO - 2025-11-06 06:21:58 --> Session: Class initialized using 'CodeIgniter\Session\Handlers\FileHandler' driver.
INFO - 2025-11-06 06:21:59 --> Session: Class initialized using 'CodeIgniter\Session\Handlers\FileHandler' driver.
INFO - 2025-11-06 06:21:59 --> Session: Class initialized using 'CodeIgniter\Session\Handlers\FileHandler' driver.
INFO - 2025-11-06 06:21:59 --> Session: Class initialized using 'CodeIgniter\Session\Handlers\FileHandler' driver.
INFO - 2025-11-06 06:22:00 --> Session: Class initialized using 'CodeIgniter\Session\Handlers\FileHandler' driver.
INFO - 2025-11-06 06:22:00 --> Session: Class initialized using 'CodeIgniter\Session\Handlers\FileHandler' driver.
INFO - 2025-11-06 06:22:00 --> Session: Class initialized using 'CodeIgniter\Session\Handlers\FileHandler' driver.
INFO - 2025-11-06 06:22:01 --> Session: Class initialized using 'CodeIgniter\Session\Handlers\FileHandler' driver.
INFO - 2025-11-06 06:22:01 --> Session: Class initialized using 'CodeIgniter\Session\Handlers\FileHandler' driver.
INFO - 2025-11-06 06:22:01 --> Session: Class initialized using 'CodeIgniter\Session\Handlers\FileHandler' driver.
INFO - 2025-11-06 06:22:50 --> Session: Class initialized using 'CodeIgniter\Session\Handlers\FileHandler' driver.
INFO - 2025-11-06 06:38:31 --> Session: Class initialized using 'CodeIgniter\Session\Handlers\FileHandler' driver.
INFO - 2025-11-06 07:08:41 --> Session: Class initialized using 'CodeIgniter\Session\Handlers\FileHandler' driver.
INFO - 2025-11-06 07:10:13 --> Session: Class initialized using 'CodeIgniter\Session\Handlers\FileHandler' driver.
INFO - 2025-11-06 07:10:33 --> Session: Class initialized using 'CodeIgniter\Session\Handlers\FileHandler' driver.
INFO - 2025-11-06 07:10:33 --> Session: Class initialized using 'CodeIgniter\Session\Handlers\FileHandler' driver.
INFO - 2025-11-06 07:11:14 --> Session: Class initialized using 'CodeIgniter\Session\Handlers\FileHandler' driver.
INFO - 2025-11-06 07:11:33 --> Session: Class initialized using 'CodeIgniter\Session\Handlers\FileHandler' driver.
INFO - 2025-11-06 07:11:33 --> Session: Class initialized using 'CodeIgniter\Session\Handlers\FileHandler' driver.
INFO - 2025-11-06 07:13:57 --> Session: Class initialized using 'CodeIgniter\Session\Handlers\FileHandler' driver.
INFO - 2025-11-06 07:14:08 --> Session: Class initialized using 'CodeIgniter\Session\Handlers\FileHandler' driver.
INFO - 2025-11-06 07:14:08 --> Session: Class initialized using 'CodeIgniter\Session\Handlers\FileHandler' driver.
INFO - 2025-11-06 07:20:02 --> Session: Class initialized using 'CodeIgniter\Session\Handlers\FileHandler' driver.
INFO - 2025-11-06 07:20:03 --> Session: Class initialized using 'CodeIgniter\Session\Handlers\FileHandler' driver.
INFO - 2025-11-06 07:20:03 --> Session: Class initialized using 'CodeIgniter\Session\Handlers\FileHandler' driver.
INFO - 2025-11-06 07:20:04 --> Session: Class initialized using 'CodeIgniter\Session\Handlers\FileHandler' driver.
INFO - 2025-11-06 07:20:04 --> Session: Class initialized using 'CodeIgniter\Session\Handlers\FileHandler' driver.
INFO - 2025-11-06 07:20:04 --> Session: Class initialized using 'CodeIgniter\Session\Handlers\FileHandler' driver.
INFO - 2025-11-06 07:20:04 --> Session: Class initialized using 'CodeIgniter\Session\Handlers\FileHandler' driver.
INFO - 2025-11-06 07:20:05 --> Session: Class initialized using 'CodeIgniter\Session\Handlers\FileHandler' driver.
INFO - 2025-11-06 07:20:05 --> Session: Class initialized using 'CodeIgniter\Session\Handlers\FileHandler' driver.
INFO - 2025-11-06 07:20:07 --> Session: Class initialized using 'CodeIgniter\Session\Handlers\FileHandler' driver.
INFO - 2025-11-06 07:20:07 --> Session: Class initialized using 'CodeIgniter\Session\Handlers\FileHandler' driver.
WARNING - 2025-11-06 07:20:08 --> [DEPRECATED] Creation of dynamic property App\Controllers\Home::$session is deprecated in APPPATH\Controllers\Home.php on line 11.
 1 SYSTEMPATH\CodeIgniter.php(904): App\Controllers\Home->__construct()
 2 SYSTEMPATH\CodeIgniter.php(488): CodeIgniter\CodeIgniter->createController()
 3 SYSTEMPATH\CodeIgniter.php(366): CodeIgniter\CodeIgniter->handleRequest(null, Object(Config\Cache), false)
 4 FCPATH\index.php(67): CodeIgniter\CodeIgniter->run()
 5 SYSTEMPATH\Commands\Server\rewrite.php(47): require_once('C:\\xampp\\htdocs\\nbp\\public\\index.php')
WARNING - 2025-11-06 07:20:08 --> [DEPRECATED] Creation of dynamic property App\Controllers\Home::$auth is deprecated in APPPATH\Controllers\Home.php on line 12.
 1 SYSTEMPATH\CodeIgniter.php(904): App\Controllers\Home->__construct()
 2 SYSTEMPATH\CodeIgniter.php(488): CodeIgniter\CodeIgniter->createController()
 3 SYSTEMPATH\CodeIgniter.php(366): CodeIgniter\CodeIgniter->handleRequest(null, Object(Config\Cache), false)
 4 FCPATH\index.php(67): CodeIgniter\CodeIgniter->run()
 5 SYSTEMPATH\Commands\Server\rewrite.php(47): require_once('C:\\xampp\\htdocs\\nbp\\public\\index.php')
INFO - 2025-11-06 07:20:08 --> Session: Class initialized using 'CodeIgniter\Session\Handlers\FileHandler' driver.
INFO - 2025-11-06 07:20:08 --> Session: Class initialized using 'CodeIgniter\Session\Handlers\FileHandler' driver.
INFO - 2025-11-06 07:20:09 --> Session: Class initialized using 'CodeIgniter\Session\Handlers\FileHandler' driver.
INFO - 2025-11-06 07:20:09 --> Session: Class initialized using 'CodeIgniter\Session\Handlers\FileHandler' driver.
INFO - 2025-11-06 07:20:11 --> Session: Class initialized using 'CodeIgniter\Session\Handlers\FileHandler' driver.
INFO - 2025-11-06 07:20:34 --> Session: Class initialized using 'CodeIgniter\Session\Handlers\FileHandler' driver.
INFO - 2025-11-06 07:20:34 --> Session: Class initialized using 'CodeIgniter\Session\Handlers\FileHandler' driver.
ERROR - 2025-11-06 07:20:34 --> mysqli_sql_exception: Column 'kesimpulan1' cannot be null in C:\xampp\htdocs\nbp\system\Database\MySQLi\Connection.php:295
Stack trace:
#0 C:\xampp\htdocs\nbp\system\Database\MySQLi\Connection.php(295): mysqli->query()
#1 C:\xampp\htdocs\nbp\system\Database\BaseConnection.php(692): CodeIgniter\Database\MySQLi\Connection->execute()
#2 C:\xampp\htdocs\nbp\system\Database\BaseConnection.php(606): CodeIgniter\Database\BaseConnection->simpleQuery()
#3 C:\xampp\htdocs\nbp\system\Database\BaseBuilder.php(2309): CodeIgniter\Database\BaseConnection->query()
#4 C:\xampp\htdocs\nbp\system\Model.php(330): CodeIgniter\Database\BaseBuilder->insert()
#5 C:\xampp\htdocs\nbp\system\BaseModel.php(782): CodeIgniter\Model->doInsert()
#6 C:\xampp\htdocs\nbp\system\Model.php(730): CodeIgniter\BaseModel->insert()
#7 C:\xampp\htdocs\nbp\app\Models\M_showprofilresiko.php(152): CodeIgniter\Model->insert()
#8 C:\xampp\htdocs\nbp\app\Controllers\Showprofilresiko.php(240): App\Models\M_showprofilresiko->simpanProfilRisiko()
#9 C:\xampp\htdocs\nbp\system\CodeIgniter.php(932): App\Controllers\Showprofilresiko->index()
#10 C:\xampp\htdocs\nbp\system\CodeIgniter.php(497): CodeIgniter\CodeIgniter->runController()
#11 C:\xampp\htdocs\nbp\system\CodeIgniter.php(366): CodeIgniter\CodeIgniter->handleRequest()
#12 C:\xampp\htdocs\nbp\public\index.php(67): CodeIgniter\CodeIgniter->run()
#13 C:\xampp\htdocs\nbp\system\Commands\Server\rewrite.php(47): require_once('...')
#14 {main}
CRITICAL - 2025-11-06 07:20:34 --> Column 'kesimpulan1' cannot be null
in SYSTEMPATH\Database\MySQLi\Connection.php on line 295.
 1 SYSTEMPATH\Database\MySQLi\Connection.php(295): mysqli->query()
 2 SYSTEMPATH\Database\BaseConnection.php(692): CodeIgniter\Database\MySQLi\Connection->execute()
 3 SYSTEMPATH\Database\BaseConnection.php(606): CodeIgniter\Database\BaseConnection->simpleQuery()
 4 SYSTEMPATH\Database\BaseBuilder.php(2309): CodeIgniter\Database\BaseConnection->query()
 5 SYSTEMPATH\Model.php(330): CodeIgniter\Database\BaseBuilder->insert()
 6 SYSTEMPATH\BaseModel.php(782): CodeIgniter\Model->doInsert()
 7 SYSTEMPATH\Model.php(730): CodeIgniter\BaseModel->insert()
 8 APPPATH\Models\M_showprofilresiko.php(152): CodeIgniter\Model->insert()
 9 APPPATH\Controllers\Showprofilresiko.php(240): App\Models\M_showprofilresiko->simpanProfilRisiko()
10 SYSTEMPATH\CodeIgniter.php(932): App\Controllers\Showprofilresiko->index()
11 SYSTEMPATH\CodeIgniter.php(497): CodeIgniter\CodeIgniter->runController()
12 SYSTEMPATH\CodeIgniter.php(366): CodeIgniter\CodeIgniter->handleRequest()
13 FCPATH\index.php(67): CodeIgniter\CodeIgniter->run()
14 SYSTEMPATH\Commands\Server\rewrite.php(47): require_once('C:\\xampp\\htdocs\\nbp\\public\\index.php')
INFO - 2025-11-06 07:22:40 --> Session: Class initialized using 'CodeIgniter\Session\Handlers\FileHandler' driver.
ERROR - 2025-11-06 07:22:40 --> mysqli_sql_exception: Column 'kesimpulan1' cannot be null in C:\xampp\htdocs\nbp\system\Database\MySQLi\Connection.php:295
Stack trace:
#0 C:\xampp\htdocs\nbp\system\Database\MySQLi\Connection.php(295): mysqli->query()
#1 C:\xampp\htdocs\nbp\system\Database\BaseConnection.php(692): CodeIgniter\Database\MySQLi\Connection->execute()
#2 C:\xampp\htdocs\nbp\system\Database\BaseConnection.php(606): CodeIgniter\Database\BaseConnection->simpleQuery()
#3 C:\xampp\htdocs\nbp\system\Database\BaseBuilder.php(2309): CodeIgniter\Database\BaseConnection->query()
#4 C:\xampp\htdocs\nbp\system\Model.php(330): CodeIgniter\Database\BaseBuilder->insert()
#5 C:\xampp\htdocs\nbp\system\BaseModel.php(782): CodeIgniter\Model->doInsert()
#6 C:\xampp\htdocs\nbp\system\Model.php(730): CodeIgniter\BaseModel->insert()
#7 C:\xampp\htdocs\nbp\app\Models\M_showprofilresiko.php(152): CodeIgniter\Model->insert()
#8 C:\xampp\htdocs\nbp\app\Controllers\Showprofilresiko.php(240): App\Models\M_showprofilresiko->simpanProfilRisiko()
#9 C:\xampp\htdocs\nbp\system\CodeIgniter.php(932): App\Controllers\Showprofilresiko->index()
#10 C:\xampp\htdocs\nbp\system\CodeIgniter.php(497): CodeIgniter\CodeIgniter->runController()
#11 C:\xampp\htdocs\nbp\system\CodeIgniter.php(366): CodeIgniter\CodeIgniter->handleRequest()
#12 C:\xampp\htdocs\nbp\public\index.php(67): CodeIgniter\CodeIgniter->run()
#13 C:\xampp\htdocs\nbp\system\Commands\Server\rewrite.php(47): require_once('...')
#14 {main}
CRITICAL - 2025-11-06 07:22:40 --> Column 'kesimpulan1' cannot be null
in SYSTEMPATH\Database\MySQLi\Connection.php on line 295.
 1 SYSTEMPATH\Database\MySQLi\Connection.php(295): mysqli->query()
 2 SYSTEMPATH\Database\BaseConnection.php(692): CodeIgniter\Database\MySQLi\Connection->execute()
 3 SYSTEMPATH\Database\BaseConnection.php(606): CodeIgniter\Database\BaseConnection->simpleQuery()
 4 SYSTEMPATH\Database\BaseBuilder.php(2309): CodeIgniter\Database\BaseConnection->query()
 5 SYSTEMPATH\Model.php(330): CodeIgniter\Database\BaseBuilder->insert()
 6 SYSTEMPATH\BaseModel.php(782): CodeIgniter\Model->doInsert()
 7 SYSTEMPATH\Model.php(730): CodeIgniter\BaseModel->insert()
 8 APPPATH\Models\M_showprofilresiko.php(152): CodeIgniter\Model->insert()
 9 APPPATH\Controllers\Showprofilresiko.php(240): App\Models\M_showprofilresiko->simpanProfilRisiko()
10 SYSTEMPATH\CodeIgniter.php(932): App\Controllers\Showprofilresiko->index()
11 SYSTEMPATH\CodeIgniter.php(497): CodeIgniter\CodeIgniter->runController()
12 SYSTEMPATH\CodeIgniter.php(366): CodeIgniter\CodeIgniter->handleRequest()
13 FCPATH\index.php(67): CodeIgniter\CodeIgniter->run()
14 SYSTEMPATH\Commands\Server\rewrite.php(47): require_once('C:\\xampp\\htdocs\\nbp\\public\\index.php')
INFO - 2025-11-06 07:22:43 --> Session: Class initialized using 'CodeIgniter\Session\Handlers\FileHandler' driver.
ERROR - 2025-11-06 07:22:43 --> mysqli_sql_exception: Column 'kesimpulan1' cannot be null in C:\xampp\htdocs\nbp\system\Database\MySQLi\Connection.php:295
Stack trace:
#0 C:\xampp\htdocs\nbp\system\Database\MySQLi\Connection.php(295): mysqli->query()
#1 C:\xampp\htdocs\nbp\system\Database\BaseConnection.php(692): CodeIgniter\Database\MySQLi\Connection->execute()
#2 C:\xampp\htdocs\nbp\system\Database\BaseConnection.php(606): CodeIgniter\Database\BaseConnection->simpleQuery()
#3 C:\xampp\htdocs\nbp\system\Database\BaseBuilder.php(2309): CodeIgniter\Database\BaseConnection->query()
#4 C:\xampp\htdocs\nbp\system\Model.php(330): CodeIgniter\Database\BaseBuilder->insert()
#5 C:\xampp\htdocs\nbp\system\BaseModel.php(782): CodeIgniter\Model->doInsert()
#6 C:\xampp\htdocs\nbp\system\Model.php(730): CodeIgniter\BaseModel->insert()
#7 C:\xampp\htdocs\nbp\app\Models\M_showprofilresiko.php(152): CodeIgniter\Model->insert()
#8 C:\xampp\htdocs\nbp\app\Controllers\Showprofilresiko.php(240): App\Models\M_showprofilresiko->simpanProfilRisiko()
#9 C:\xampp\htdocs\nbp\system\CodeIgniter.php(932): App\Controllers\Showprofilresiko->index()
#10 C:\xampp\htdocs\nbp\system\CodeIgniter.php(497): CodeIgniter\CodeIgniter->runController()
#11 C:\xampp\htdocs\nbp\system\CodeIgniter.php(366): CodeIgniter\CodeIgniter->handleRequest()
#12 C:\xampp\htdocs\nbp\public\index.php(67): CodeIgniter\CodeIgniter->run()
#13 C:\xampp\htdocs\nbp\system\Commands\Server\rewrite.php(47): require_once('...')
#14 {main}
CRITICAL - 2025-11-06 07:22:43 --> Column 'kesimpulan1' cannot be null
in SYSTEMPATH\Database\MySQLi\Connection.php on line 295.
 1 SYSTEMPATH\Database\MySQLi\Connection.php(295): mysqli->query()
 2 SYSTEMPATH\Database\BaseConnection.php(692): CodeIgniter\Database\MySQLi\Connection->execute()
 3 SYSTEMPATH\Database\BaseConnection.php(606): CodeIgniter\Database\BaseConnection->simpleQuery()
 4 SYSTEMPATH\Database\BaseBuilder.php(2309): CodeIgniter\Database\BaseConnection->query()
 5 SYSTEMPATH\Model.php(330): CodeIgniter\Database\BaseBuilder->insert()
 6 SYSTEMPATH\BaseModel.php(782): CodeIgniter\Model->doInsert()
 7 SYSTEMPATH\Model.php(730): CodeIgniter\BaseModel->insert()
 8 APPPATH\Models\M_showprofilresiko.php(152): CodeIgniter\Model->insert()
 9 APPPATH\Controllers\Showprofilresiko.php(240): App\Models\M_showprofilresiko->simpanProfilRisiko()
10 SYSTEMPATH\CodeIgniter.php(932): App\Controllers\Showprofilresiko->index()
11 SYSTEMPATH\CodeIgniter.php(497): CodeIgniter\CodeIgniter->runController()
12 SYSTEMPATH\CodeIgniter.php(366): CodeIgniter\CodeIgniter->handleRequest()
13 FCPATH\index.php(67): CodeIgniter\CodeIgniter->run()
14 SYSTEMPATH\Commands\Server\rewrite.php(47): require_once('C:\\xampp\\htdocs\\nbp\\public\\index.php')
INFO - 2025-11-06 07:23:09 --> Session: Class initialized using 'CodeIgniter\Session\Handlers\FileHandler' driver.
ERROR - 2025-11-06 07:23:09 --> mysqli_sql_exception: Column 'kesimpulan1' cannot be null in C:\xampp\htdocs\nbp\system\Database\MySQLi\Connection.php:295
Stack trace:
#0 C:\xampp\htdocs\nbp\system\Database\MySQLi\Connection.php(295): mysqli->query()
#1 C:\xampp\htdocs\nbp\system\Database\BaseConnection.php(692): CodeIgniter\Database\MySQLi\Connection->execute()
#2 C:\xampp\htdocs\nbp\system\Database\BaseConnection.php(606): CodeIgniter\Database\BaseConnection->simpleQuery()
#3 C:\xampp\htdocs\nbp\system\Database\BaseBuilder.php(2309): CodeIgniter\Database\BaseConnection->query()
#4 C:\xampp\htdocs\nbp\system\Model.php(330): CodeIgniter\Database\BaseBuilder->insert()
#5 C:\xampp\htdocs\nbp\system\BaseModel.php(782): CodeIgniter\Model->doInsert()
#6 C:\xampp\htdocs\nbp\system\Model.php(730): CodeIgniter\BaseModel->insert()
#7 C:\xampp\htdocs\nbp\app\Models\M_showprofilresiko.php(152): CodeIgniter\Model->insert()
#8 C:\xampp\htdocs\nbp\app\Controllers\Showprofilresiko.php(240): App\Models\M_showprofilresiko->simpanProfilRisiko()
#9 C:\xampp\htdocs\nbp\system\CodeIgniter.php(932): App\Controllers\Showprofilresiko->index()
#10 C:\xampp\htdocs\nbp\system\CodeIgniter.php(497): CodeIgniter\CodeIgniter->runController()
#11 C:\xampp\htdocs\nbp\system\CodeIgniter.php(366): CodeIgniter\CodeIgniter->handleRequest()
#12 C:\xampp\htdocs\nbp\public\index.php(67): CodeIgniter\CodeIgniter->run()
#13 C:\xampp\htdocs\nbp\system\Commands\Server\rewrite.php(47): require_once('...')
#14 {main}
CRITICAL - 2025-11-06 07:23:09 --> Column 'kesimpulan1' cannot be null
in SYSTEMPATH\Database\MySQLi\Connection.php on line 295.
 1 SYSTEMPATH\Database\MySQLi\Connection.php(295): mysqli->query()
 2 SYSTEMPATH\Database\BaseConnection.php(692): CodeIgniter\Database\MySQLi\Connection->execute()
 3 SYSTEMPATH\Database\BaseConnection.php(606): CodeIgniter\Database\BaseConnection->simpleQuery()
 4 SYSTEMPATH\Database\BaseBuilder.php(2309): CodeIgniter\Database\BaseConnection->query()
 5 SYSTEMPATH\Model.php(330): CodeIgniter\Database\BaseBuilder->insert()
 6 SYSTEMPATH\BaseModel.php(782): CodeIgniter\Model->doInsert()
 7 SYSTEMPATH\Model.php(730): CodeIgniter\BaseModel->insert()
 8 APPPATH\Models\M_showprofilresiko.php(152): CodeIgniter\Model->insert()
 9 APPPATH\Controllers\Showprofilresiko.php(240): App\Models\M_showprofilresiko->simpanProfilRisiko()
10 SYSTEMPATH\CodeIgniter.php(932): App\Controllers\Showprofilresiko->index()
11 SYSTEMPATH\CodeIgniter.php(497): CodeIgniter\CodeIgniter->runController()
12 SYSTEMPATH\CodeIgniter.php(366): CodeIgniter\CodeIgniter->handleRequest()
13 FCPATH\index.php(67): CodeIgniter\CodeIgniter->run()
14 SYSTEMPATH\Commands\Server\rewrite.php(47): require_once('C:\\xampp\\htdocs\\nbp\\public\\index.php')
INFO - 2025-11-06 07:23:11 --> Session: Class initialized using 'CodeIgniter\Session\Handlers\FileHandler' driver.
ERROR - 2025-11-06 07:23:11 --> mysqli_sql_exception: Column 'kesimpulan1' cannot be null in C:\xampp\htdocs\nbp\system\Database\MySQLi\Connection.php:295
Stack trace:
#0 C:\xampp\htdocs\nbp\system\Database\MySQLi\Connection.php(295): mysqli->query()
#1 C:\xampp\htdocs\nbp\system\Database\BaseConnection.php(692): CodeIgniter\Database\MySQLi\Connection->execute()
#2 C:\xampp\htdocs\nbp\system\Database\BaseConnection.php(606): CodeIgniter\Database\BaseConnection->simpleQuery()
#3 C:\xampp\htdocs\nbp\system\Database\BaseBuilder.php(2309): CodeIgniter\Database\BaseConnection->query()
#4 C:\xampp\htdocs\nbp\system\Model.php(330): CodeIgniter\Database\BaseBuilder->insert()
#5 C:\xampp\htdocs\nbp\system\BaseModel.php(782): CodeIgniter\Model->doInsert()
#6 C:\xampp\htdocs\nbp\system\Model.php(730): CodeIgniter\BaseModel->insert()
#7 C:\xampp\htdocs\nbp\app\Models\M_showprofilresiko.php(152): CodeIgniter\Model->insert()
#8 C:\xampp\htdocs\nbp\app\Controllers\Showprofilresiko.php(240): App\Models\M_showprofilresiko->simpanProfilRisiko()
#9 C:\xampp\htdocs\nbp\system\CodeIgniter.php(932): App\Controllers\Showprofilresiko->index()
#10 C:\xampp\htdocs\nbp\system\CodeIgniter.php(497): CodeIgniter\CodeIgniter->runController()
#11 C:\xampp\htdocs\nbp\system\CodeIgniter.php(366): CodeIgniter\CodeIgniter->handleRequest()
#12 C:\xampp\htdocs\nbp\public\index.php(67): CodeIgniter\CodeIgniter->run()
#13 C:\xampp\htdocs\nbp\system\Commands\Server\rewrite.php(47): require_once('...')
#14 {main}
CRITICAL - 2025-11-06 07:23:11 --> Column 'kesimpulan1' cannot be null
in SYSTEMPATH\Database\MySQLi\Connection.php on line 295.
 1 SYSTEMPATH\Database\MySQLi\Connection.php(295): mysqli->query()
 2 SYSTEMPATH\Database\BaseConnection.php(692): CodeIgniter\Database\MySQLi\Connection->execute()
 3 SYSTEMPATH\Database\BaseConnection.php(606): CodeIgniter\Database\BaseConnection->simpleQuery()
 4 SYSTEMPATH\Database\BaseBuilder.php(2309): CodeIgniter\Database\BaseConnection->query()
 5 SYSTEMPATH\Model.php(330): CodeIgniter\Database\BaseBuilder->insert()
 6 SYSTEMPATH\BaseModel.php(782): CodeIgniter\Model->doInsert()
 7 SYSTEMPATH\Model.php(730): CodeIgniter\BaseModel->insert()
 8 APPPATH\Models\M_showprofilresiko.php(152): CodeIgniter\Model->insert()
 9 APPPATH\Controllers\Showprofilresiko.php(240): App\Models\M_showprofilresiko->simpanProfilRisiko()
10 SYSTEMPATH\CodeIgniter.php(932): App\Controllers\Showprofilresiko->index()
11 SYSTEMPATH\CodeIgniter.php(497): CodeIgniter\CodeIgniter->runController()
12 SYSTEMPATH\CodeIgniter.php(366): CodeIgniter\CodeIgniter->handleRequest()
13 FCPATH\index.php(67): CodeIgniter\CodeIgniter->run()
14 SYSTEMPATH\Commands\Server\rewrite.php(47): require_once('C:\\xampp\\htdocs\\nbp\\public\\index.php')
INFO - 2025-11-06 07:24:16 --> Session: Class initialized using 'CodeIgniter\Session\Handlers\FileHandler' driver.
ERROR - 2025-11-06 07:24:16 --> mysqli_sql_exception: Column 'kesimpulan1' cannot be null in C:\xampp\htdocs\nbp\system\Database\MySQLi\Connection.php:295
Stack trace:
#0 C:\xampp\htdocs\nbp\system\Database\MySQLi\Connection.php(295): mysqli->query()
#1 C:\xampp\htdocs\nbp\system\Database\BaseConnection.php(692): CodeIgniter\Database\MySQLi\Connection->execute()
#2 C:\xampp\htdocs\nbp\system\Database\BaseConnection.php(606): CodeIgniter\Database\BaseConnection->simpleQuery()
#3 C:\xampp\htdocs\nbp\system\Database\BaseBuilder.php(2309): CodeIgniter\Database\BaseConnection->query()
#4 C:\xampp\htdocs\nbp\system\Model.php(330): CodeIgniter\Database\BaseBuilder->insert()
#5 C:\xampp\htdocs\nbp\system\BaseModel.php(782): CodeIgniter\Model->doInsert()
#6 C:\xampp\htdocs\nbp\system\Model.php(730): CodeIgniter\BaseModel->insert()
#7 C:\xampp\htdocs\nbp\app\Models\M_showprofilresiko.php(152): CodeIgniter\Model->insert()
#8 C:\xampp\htdocs\nbp\app\Controllers\Showprofilresiko.php(240): App\Models\M_showprofilresiko->simpanProfilRisiko()
#9 C:\xampp\htdocs\nbp\system\CodeIgniter.php(932): App\Controllers\Showprofilresiko->index()
#10 C:\xampp\htdocs\nbp\system\CodeIgniter.php(497): CodeIgniter\CodeIgniter->runController()
#11 C:\xampp\htdocs\nbp\system\CodeIgniter.php(366): CodeIgniter\CodeIgniter->handleRequest()
#12 C:\xampp\htdocs\nbp\public\index.php(67): CodeIgniter\CodeIgniter->run()
#13 C:\xampp\htdocs\nbp\system\Commands\Server\rewrite.php(47): require_once('...')
#14 {main}
CRITICAL - 2025-11-06 07:24:16 --> Column 'kesimpulan1' cannot be null
in SYSTEMPATH\Database\MySQLi\Connection.php on line 295.
 1 SYSTEMPATH\Database\MySQLi\Connection.php(295): mysqli->query()
 2 SYSTEMPATH\Database\BaseConnection.php(692): CodeIgniter\Database\MySQLi\Connection->execute()
 3 SYSTEMPATH\Database\BaseConnection.php(606): CodeIgniter\Database\BaseConnection->simpleQuery()
 4 SYSTEMPATH\Database\BaseBuilder.php(2309): CodeIgniter\Database\BaseConnection->query()
 5 SYSTEMPATH\Model.php(330): CodeIgniter\Database\BaseBuilder->insert()
 6 SYSTEMPATH\BaseModel.php(782): CodeIgniter\Model->doInsert()
 7 SYSTEMPATH\Model.php(730): CodeIgniter\BaseModel->insert()
 8 APPPATH\Models\M_showprofilresiko.php(152): CodeIgniter\Model->insert()
 9 APPPATH\Controllers\Showprofilresiko.php(240): App\Models\M_showprofilresiko->simpanProfilRisiko()
10 SYSTEMPATH\CodeIgniter.php(932): App\Controllers\Showprofilresiko->index()
11 SYSTEMPATH\CodeIgniter.php(497): CodeIgniter\CodeIgniter->runController()
12 SYSTEMPATH\CodeIgniter.php(366): CodeIgniter\CodeIgniter->handleRequest()
13 FCPATH\index.php(67): CodeIgniter\CodeIgniter->run()
14 SYSTEMPATH\Commands\Server\rewrite.php(47): require_once('C:\\xampp\\htdocs\\nbp\\public\\index.php')
INFO - 2025-11-06 07:24:27 --> Session: Class initialized using 'CodeIgniter\Session\Handlers\FileHandler' driver.
ERROR - 2025-11-06 07:24:27 --> mysqli_sql_exception: Column 'kesimpulan2' cannot be null in C:\xampp\htdocs\nbp\system\Database\MySQLi\Connection.php:295
Stack trace:
#0 C:\xampp\htdocs\nbp\system\Database\MySQLi\Connection.php(295): mysqli->query()
#1 C:\xampp\htdocs\nbp\system\Database\BaseConnection.php(692): CodeIgniter\Database\MySQLi\Connection->execute()
#2 C:\xampp\htdocs\nbp\system\Database\BaseConnection.php(606): CodeIgniter\Database\BaseConnection->simpleQuery()
#3 C:\xampp\htdocs\nbp\system\Database\BaseBuilder.php(2309): CodeIgniter\Database\BaseConnection->query()
#4 C:\xampp\htdocs\nbp\system\Model.php(330): CodeIgniter\Database\BaseBuilder->insert()
#5 C:\xampp\htdocs\nbp\system\BaseModel.php(782): CodeIgniter\Model->doInsert()
#6 C:\xampp\htdocs\nbp\system\Model.php(730): CodeIgniter\BaseModel->insert()
#7 C:\xampp\htdocs\nbp\app\Models\M_showprofilresiko.php(152): CodeIgniter\Model->insert()
#8 C:\xampp\htdocs\nbp\app\Controllers\Showprofilresiko.php(240): App\Models\M_showprofilresiko->simpanProfilRisiko()
#9 C:\xampp\htdocs\nbp\system\CodeIgniter.php(932): App\Controllers\Showprofilresiko->index()
#10 C:\xampp\htdocs\nbp\system\CodeIgniter.php(497): CodeIgniter\CodeIgniter->runController()
#11 C:\xampp\htdocs\nbp\system\CodeIgniter.php(366): CodeIgniter\CodeIgniter->handleRequest()
#12 C:\xampp\htdocs\nbp\public\index.php(67): CodeIgniter\CodeIgniter->run()
#13 C:\xampp\htdocs\nbp\system\Commands\Server\rewrite.php(47): require_once('...')
#14 {main}
CRITICAL - 2025-11-06 07:24:27 --> Column 'kesimpulan2' cannot be null
in SYSTEMPATH\Database\MySQLi\Connection.php on line 295.
 1 SYSTEMPATH\Database\MySQLi\Connection.php(295): mysqli->query()
 2 SYSTEMPATH\Database\BaseConnection.php(692): CodeIgniter\Database\MySQLi\Connection->execute()
 3 SYSTEMPATH\Database\BaseConnection.php(606): CodeIgniter\Database\BaseConnection->simpleQuery()
 4 SYSTEMPATH\Database\BaseBuilder.php(2309): CodeIgniter\Database\BaseConnection->query()
 5 SYSTEMPATH\Model.php(330): CodeIgniter\Database\BaseBuilder->insert()
 6 SYSTEMPATH\BaseModel.php(782): CodeIgniter\Model->doInsert()
 7 SYSTEMPATH\Model.php(730): CodeIgniter\BaseModel->insert()
 8 APPPATH\Models\M_showprofilresiko.php(152): CodeIgniter\Model->insert()
 9 APPPATH\Controllers\Showprofilresiko.php(240): App\Models\M_showprofilresiko->simpanProfilRisiko()
10 SYSTEMPATH\CodeIgniter.php(932): App\Controllers\Showprofilresiko->index()
11 SYSTEMPATH\CodeIgniter.php(497): CodeIgniter\CodeIgniter->runController()
12 SYSTEMPATH\CodeIgniter.php(366): CodeIgniter\CodeIgniter->handleRequest()
13 FCPATH\index.php(67): CodeIgniter\CodeIgniter->run()
14 SYSTEMPATH\Commands\Server\rewrite.php(47): require_once('C:\\xampp\\htdocs\\nbp\\public\\index.php')
INFO - 2025-11-06 07:25:06 --> Session: Class initialized using 'CodeIgniter\Session\Handlers\FileHandler' driver.
CRITICAL - 2025-11-06 07:25:06 --> Undefined array key "kesimpulan1"
in APPPATH\Controllers\Showprofilresiko.php on line 277.
 1 APPPATH\Controllers\Showprofilresiko.php(277): CodeIgniter\Debug\Exceptions->errorHandler()
 2 APPPATH\Controllers\Showprofilresiko.php(233): App\Controllers\Showprofilresiko->extractCalculationResults()
 3 SYSTEMPATH\CodeIgniter.php(932): App\Controllers\Showprofilresiko->index()
 4 SYSTEMPATH\CodeIgniter.php(497): CodeIgniter\CodeIgniter->runController()
 5 SYSTEMPATH\CodeIgniter.php(366): CodeIgniter\CodeIgniter->handleRequest()
 6 FCPATH\index.php(67): CodeIgniter\CodeIgniter->run()
 7 SYSTEMPATH\Commands\Server\rewrite.php(47): require_once('C:\\xampp\\htdocs\\nbp\\public\\index.php')
INFO - 2025-11-06 07:25:45 --> Session: Class initialized using 'CodeIgniter\Session\Handlers\FileHandler' driver.
CRITICAL - 2025-11-06 07:25:45 --> Undefined array key "kesimpulan1"
in APPPATH\Controllers\Showprofilresiko.php on line 277.
 1 APPPATH\Controllers\Showprofilresiko.php(277): CodeIgniter\Debug\Exceptions->errorHandler()
 2 APPPATH\Controllers\Showprofilresiko.php(233): App\Controllers\Showprofilresiko->extractCalculationResults()
 3 SYSTEMPATH\CodeIgniter.php(932): App\Controllers\Showprofilresiko->index()
 4 SYSTEMPATH\CodeIgniter.php(497): CodeIgniter\CodeIgniter->runController()
 5 SYSTEMPATH\CodeIgniter.php(366): CodeIgniter\CodeIgniter->handleRequest()
 6 FCPATH\index.php(67): CodeIgniter\CodeIgniter->run()
 7 SYSTEMPATH\Commands\Server\rewrite.php(47): require_once('C:\\xampp\\htdocs\\nbp\\public\\index.php')
INFO - 2025-11-06 07:25:47 --> Session: Class initialized using 'CodeIgniter\Session\Handlers\FileHandler' driver.
CRITICAL - 2025-11-06 07:25:47 --> Undefined array key "kesimpulan1"
in APPPATH\Controllers\Showprofilresiko.php on line 277.
 1 APPPATH\Controllers\Showprofilresiko.php(277): CodeIgniter\Debug\Exceptions->errorHandler()
 2 APPPATH\Controllers\Showprofilresiko.php(233): App\Controllers\Showprofilresiko->extractCalculationResults()
 3 SYSTEMPATH\CodeIgniter.php(932): App\Controllers\Showprofilresiko->index()
 4 SYSTEMPATH\CodeIgniter.php(497): CodeIgniter\CodeIgniter->runController()
 5 SYSTEMPATH\CodeIgniter.php(366): CodeIgniter\CodeIgniter->handleRequest()
 6 FCPATH\index.php(67): CodeIgniter\CodeIgniter->run()
 7 SYSTEMPATH\Commands\Server\rewrite.php(47): require_once('C:\\xampp\\htdocs\\nbp\\public\\index.php')
INFO - 2025-11-06 07:26:02 --> Session: Class initialized using 'CodeIgniter\Session\Handlers\FileHandler' driver.
CRITICAL - 2025-11-06 07:26:02 --> Undefined array key "kesimpulan2"
in APPPATH\Controllers\Showprofilresiko.php on line 279.
 1 APPPATH\Controllers\Showprofilresiko.php(279): CodeIgniter\Debug\Exceptions->errorHandler()
 2 APPPATH\Controllers\Showprofilresiko.php(233): App\Controllers\Showprofilresiko->extractCalculationResults()
 3 SYSTEMPATH\CodeIgniter.php(932): App\Controllers\Showprofilresiko->index()
 4 SYSTEMPATH\CodeIgniter.php(497): CodeIgniter\CodeIgniter->runController()
 5 SYSTEMPATH\CodeIgniter.php(366): CodeIgniter\CodeIgniter->handleRequest()
 6 FCPATH\index.php(67): CodeIgniter\CodeIgniter->run()
 7 SYSTEMPATH\Commands\Server\rewrite.php(47): require_once('C:\\xampp\\htdocs\\nbp\\public\\index.php')
INFO - 2025-11-06 07:26:18 --> Session: Class initialized using 'CodeIgniter\Session\Handlers\FileHandler' driver.
ERROR - 2025-11-06 07:26:19 --> mysqli_sql_exception: Column 'nbelumkredit' cannot be null in C:\xampp\htdocs\nbp\system\Database\MySQLi\Connection.php:295
Stack trace:
#0 C:\xampp\htdocs\nbp\system\Database\MySQLi\Connection.php(295): mysqli->query()
#1 C:\xampp\htdocs\nbp\system\Database\BaseConnection.php(692): CodeIgniter\Database\MySQLi\Connection->execute()
#2 C:\xampp\htdocs\nbp\system\Database\BaseConnection.php(606): CodeIgniter\Database\BaseConnection->simpleQuery()
#3 C:\xampp\htdocs\nbp\system\Database\BaseBuilder.php(2309): CodeIgniter\Database\BaseConnection->query()
#4 C:\xampp\htdocs\nbp\system\Model.php(330): CodeIgniter\Database\BaseBuilder->insert()
#5 C:\xampp\htdocs\nbp\system\BaseModel.php(782): CodeIgniter\Model->doInsert()
#6 C:\xampp\htdocs\nbp\system\Model.php(730): CodeIgniter\BaseModel->insert()
#7 C:\xampp\htdocs\nbp\app\Models\M_showprofilresiko.php(152): CodeIgniter\Model->insert()
#8 C:\xampp\htdocs\nbp\app\Controllers\Showprofilresiko.php(240): App\Models\M_showprofilresiko->simpanProfilRisiko()
#9 C:\xampp\htdocs\nbp\system\CodeIgniter.php(932): App\Controllers\Showprofilresiko->index()
#10 C:\xampp\htdocs\nbp\system\CodeIgniter.php(497): CodeIgniter\CodeIgniter->runController()
#11 C:\xampp\htdocs\nbp\system\CodeIgniter.php(366): CodeIgniter\CodeIgniter->handleRequest()
#12 C:\xampp\htdocs\nbp\public\index.php(67): CodeIgniter\CodeIgniter->run()
#13 C:\xampp\htdocs\nbp\system\Commands\Server\rewrite.php(47): require_once('...')
#14 {main}
CRITICAL - 2025-11-06 07:26:19 --> Column 'nbelumkredit' cannot be null
in SYSTEMPATH\Database\MySQLi\Connection.php on line 295.
 1 SYSTEMPATH\Database\MySQLi\Connection.php(295): mysqli->query()
 2 SYSTEMPATH\Database\BaseConnection.php(692): CodeIgniter\Database\MySQLi\Connection->execute()
 3 SYSTEMPATH\Database\BaseConnection.php(606): CodeIgniter\Database\BaseConnection->simpleQuery()
 4 SYSTEMPATH\Database\BaseBuilder.php(2309): CodeIgniter\Database\BaseConnection->query()
 5 SYSTEMPATH\Model.php(330): CodeIgniter\Database\BaseBuilder->insert()
 6 SYSTEMPATH\BaseModel.php(782): CodeIgniter\Model->doInsert()
 7 SYSTEMPATH\Model.php(730): CodeIgniter\BaseModel->insert()
 8 APPPATH\Models\M_showprofilresiko.php(152): CodeIgniter\Model->insert()
 9 APPPATH\Controllers\Showprofilresiko.php(240): App\Models\M_showprofilresiko->simpanProfilRisiko()
10 SYSTEMPATH\CodeIgniter.php(932): App\Controllers\Showprofilresiko->index()
11 SYSTEMPATH\CodeIgniter.php(497): CodeIgniter\CodeIgniter->runController()
12 SYSTEMPATH\CodeIgniter.php(366): CodeIgniter\CodeIgniter->handleRequest()
13 FCPATH\index.php(67): CodeIgniter\CodeIgniter->run()
14 SYSTEMPATH\Commands\Server\rewrite.php(47): require_once('C:\\xampp\\htdocs\\nbp\\public\\index.php')
INFO - 2025-11-06 07:27:01 --> Session: Class initialized using 'CodeIgniter\Session\Handlers\FileHandler' driver.
ERROR - 2025-11-06 07:27:01 --> mysqli_sql_exception: Column 'kesimpulan1' cannot be null in C:\xampp\htdocs\nbp\system\Database\MySQLi\Connection.php:295
Stack trace:
#0 C:\xampp\htdocs\nbp\system\Database\MySQLi\Connection.php(295): mysqli->query()
#1 C:\xampp\htdocs\nbp\system\Database\BaseConnection.php(692): CodeIgniter\Database\MySQLi\Connection->execute()
#2 C:\xampp\htdocs\nbp\system\Database\BaseConnection.php(606): CodeIgniter\Database\BaseConnection->simpleQuery()
#3 C:\xampp\htdocs\nbp\system\Database\BaseBuilder.php(2309): CodeIgniter\Database\BaseConnection->query()
#4 C:\xampp\htdocs\nbp\system\Model.php(330): CodeIgniter\Database\BaseBuilder->insert()
#5 C:\xampp\htdocs\nbp\system\BaseModel.php(782): CodeIgniter\Model->doInsert()
#6 C:\xampp\htdocs\nbp\system\Model.php(730): CodeIgniter\BaseModel->insert()
#7 C:\xampp\htdocs\nbp\app\Models\M_showprofilresiko.php(152): CodeIgniter\Model->insert()
#8 C:\xampp\htdocs\nbp\app\Controllers\Showprofilresiko.php(240): App\Models\M_showprofilresiko->simpanProfilRisiko()
#9 C:\xampp\htdocs\nbp\system\CodeIgniter.php(932): App\Controllers\Showprofilresiko->index()
#10 C:\xampp\htdocs\nbp\system\CodeIgniter.php(497): CodeIgniter\CodeIgniter->runController()
#11 C:\xampp\htdocs\nbp\system\CodeIgniter.php(366): CodeIgniter\CodeIgniter->handleRequest()
#12 C:\xampp\htdocs\nbp\public\index.php(67): CodeIgniter\CodeIgniter->run()
#13 C:\xampp\htdocs\nbp\system\Commands\Server\rewrite.php(47): require_once('...')
#14 {main}
CRITICAL - 2025-11-06 07:27:01 --> Column 'kesimpulan1' cannot be null
in SYSTEMPATH\Database\MySQLi\Connection.php on line 295.
 1 SYSTEMPATH\Database\MySQLi\Connection.php(295): mysqli->query()
 2 SYSTEMPATH\Database\BaseConnection.php(692): CodeIgniter\Database\MySQLi\Connection->execute()
 3 SYSTEMPATH\Database\BaseConnection.php(606): CodeIgniter\Database\BaseConnection->simpleQuery()
 4 SYSTEMPATH\Database\BaseBuilder.php(2309): CodeIgniter\Database\BaseConnection->query()
 5 SYSTEMPATH\Model.php(330): CodeIgniter\Database\BaseBuilder->insert()
 6 SYSTEMPATH\BaseModel.php(782): CodeIgniter\Model->doInsert()
 7 SYSTEMPATH\Model.php(730): CodeIgniter\BaseModel->insert()
 8 APPPATH\Models\M_showprofilresiko.php(152): CodeIgniter\Model->insert()
 9 APPPATH\Controllers\Showprofilresiko.php(240): App\Models\M_showprofilresiko->simpanProfilRisiko()
10 SYSTEMPATH\CodeIgniter.php(932): App\Controllers\Showprofilresiko->index()
11 SYSTEMPATH\CodeIgniter.php(497): CodeIgniter\CodeIgniter->runController()
12 SYSTEMPATH\CodeIgniter.php(366): CodeIgniter\CodeIgniter->handleRequest()
13 FCPATH\index.php(67): CodeIgniter\CodeIgniter->run()
14 SYSTEMPATH\Commands\Server\rewrite.php(47): require_once('C:\\xampp\\htdocs\\nbp\\public\\index.php')
INFO - 2025-11-06 07:27:22 --> Session: Class initialized using 'CodeIgniter\Session\Handlers\FileHandler' driver.
ERROR - 2025-11-06 07:27:22 --> mysqli_sql_exception: Column 'kesimpulan2' cannot be null in C:\xampp\htdocs\nbp\system\Database\MySQLi\Connection.php:295
Stack trace:
#0 C:\xampp\htdocs\nbp\system\Database\MySQLi\Connection.php(295): mysqli->query()
#1 C:\xampp\htdocs\nbp\system\Database\BaseConnection.php(692): CodeIgniter\Database\MySQLi\Connection->execute()
#2 C:\xampp\htdocs\nbp\system\Database\BaseConnection.php(606): CodeIgniter\Database\BaseConnection->simpleQuery()
#3 C:\xampp\htdocs\nbp\system\Database\BaseBuilder.php(2309): CodeIgniter\Database\BaseConnection->query()
#4 C:\xampp\htdocs\nbp\system\Model.php(330): CodeIgniter\Database\BaseBuilder->insert()
#5 C:\xampp\htdocs\nbp\system\BaseModel.php(782): CodeIgniter\Model->doInsert()
#6 C:\xampp\htdocs\nbp\system\Model.php(730): CodeIgniter\BaseModel->insert()
#7 C:\xampp\htdocs\nbp\app\Models\M_showprofilresiko.php(152): CodeIgniter\Model->insert()
#8 C:\xampp\htdocs\nbp\app\Controllers\Showprofilresiko.php(240): App\Models\M_showprofilresiko->simpanProfilRisiko()
#9 C:\xampp\htdocs\nbp\system\CodeIgniter.php(932): App\Controllers\Showprofilresiko->index()
#10 C:\xampp\htdocs\nbp\system\CodeIgniter.php(497): CodeIgniter\CodeIgniter->runController()
#11 C:\xampp\htdocs\nbp\system\CodeIgniter.php(366): CodeIgniter\CodeIgniter->handleRequest()
#12 C:\xampp\htdocs\nbp\public\index.php(67): CodeIgniter\CodeIgniter->run()
#13 C:\xampp\htdocs\nbp\system\Commands\Server\rewrite.php(47): require_once('...')
#14 {main}
CRITICAL - 2025-11-06 07:27:22 --> Column 'kesimpulan2' cannot be null
in SYSTEMPATH\Database\MySQLi\Connection.php on line 295.
 1 SYSTEMPATH\Database\MySQLi\Connection.php(295): mysqli->query()
 2 SYSTEMPATH\Database\BaseConnection.php(692): CodeIgniter\Database\MySQLi\Connection->execute()
 3 SYSTEMPATH\Database\BaseConnection.php(606): CodeIgniter\Database\BaseConnection->simpleQuery()
 4 SYSTEMPATH\Database\BaseBuilder.php(2309): CodeIgniter\Database\BaseConnection->query()
 5 SYSTEMPATH\Model.php(330): CodeIgniter\Database\BaseBuilder->insert()
 6 SYSTEMPATH\BaseModel.php(782): CodeIgniter\Model->doInsert()
 7 SYSTEMPATH\Model.php(730): CodeIgniter\BaseModel->insert()
 8 APPPATH\Models\M_showprofilresiko.php(152): CodeIgniter\Model->insert()
 9 APPPATH\Controllers\Showprofilresiko.php(240): App\Models\M_showprofilresiko->simpanProfilRisiko()
10 SYSTEMPATH\CodeIgniter.php(932): App\Controllers\Showprofilresiko->index()
11 SYSTEMPATH\CodeIgniter.php(497): CodeIgniter\CodeIgniter->runController()
12 SYSTEMPATH\CodeIgniter.php(366): CodeIgniter\CodeIgniter->handleRequest()
13 FCPATH\index.php(67): CodeIgniter\CodeIgniter->run()
14 SYSTEMPATH\Commands\Server\rewrite.php(47): require_once('C:\\xampp\\htdocs\\nbp\\public\\index.php')
INFO - 2025-11-06 07:29:44 --> Session: Class initialized using 'CodeIgniter\Session\Handlers\FileHandler' driver.
ERROR - 2025-11-06 07:29:44 --> mysqli_sql_exception: Column 'nbelumkredit' cannot be null in C:\xampp\htdocs\nbp\system\Database\MySQLi\Connection.php:295
Stack trace:
#0 C:\xampp\htdocs\nbp\system\Database\MySQLi\Connection.php(295): mysqli->query()
#1 C:\xampp\htdocs\nbp\system\Database\BaseConnection.php(692): CodeIgniter\Database\MySQLi\Connection->execute()
#2 C:\xampp\htdocs\nbp\system\Database\BaseConnection.php(606): CodeIgniter\Database\BaseConnection->simpleQuery()
#3 C:\xampp\htdocs\nbp\system\Database\BaseBuilder.php(2309): CodeIgniter\Database\BaseConnection->query()
#4 C:\xampp\htdocs\nbp\system\Model.php(330): CodeIgniter\Database\BaseBuilder->insert()
#5 C:\xampp\htdocs\nbp\system\BaseModel.php(782): CodeIgniter\Model->doInsert()
#6 C:\xampp\htdocs\nbp\system\Model.php(730): CodeIgniter\BaseModel->insert()
#7 C:\xampp\htdocs\nbp\app\Models\M_showprofilresiko.php(152): CodeIgniter\Model->insert()
#8 C:\xampp\htdocs\nbp\app\Controllers\Showprofilresiko.php(240): App\Models\M_showprofilresiko->simpanProfilRisiko()
#9 C:\xampp\htdocs\nbp\system\CodeIgniter.php(932): App\Controllers\Showprofilresiko->index()
#10 C:\xampp\htdocs\nbp\system\CodeIgniter.php(497): CodeIgniter\CodeIgniter->runController()
#11 C:\xampp\htdocs\nbp\system\CodeIgniter.php(366): CodeIgniter\CodeIgniter->handleRequest()
#12 C:\xampp\htdocs\nbp\public\index.php(67): CodeIgniter\CodeIgniter->run()
#13 C:\xampp\htdocs\nbp\system\Commands\Server\rewrite.php(47): require_once('...')
#14 {main}
CRITICAL - 2025-11-06 07:29:44 --> Column 'nbelumkredit' cannot be null
in SYSTEMPATH\Database\MySQLi\Connection.php on line 295.
 1 SYSTEMPATH\Database\MySQLi\Connection.php(295): mysqli->query()
 2 SYSTEMPATH\Database\BaseConnection.php(692): CodeIgniter\Database\MySQLi\Connection->execute()
 3 SYSTEMPATH\Database\BaseConnection.php(606): CodeIgniter\Database\BaseConnection->simpleQuery()
 4 SYSTEMPATH\Database\BaseBuilder.php(2309): CodeIgniter\Database\BaseConnection->query()
 5 SYSTEMPATH\Model.php(330): CodeIgniter\Database\BaseBuilder->insert()
 6 SYSTEMPATH\BaseModel.php(782): CodeIgniter\Model->doInsert()
 7 SYSTEMPATH\Model.php(730): CodeIgniter\BaseModel->insert()
 8 APPPATH\Models\M_showprofilresiko.php(152): CodeIgniter\Model->insert()
 9 APPPATH\Controllers\Showprofilresiko.php(240): App\Models\M_showprofilresiko->simpanProfilRisiko()
10 SYSTEMPATH\CodeIgniter.php(932): App\Controllers\Showprofilresiko->index()
11 SYSTEMPATH\CodeIgniter.php(497): CodeIgniter\CodeIgniter->runController()
12 SYSTEMPATH\CodeIgniter.php(366): CodeIgniter\CodeIgniter->handleRequest()
13 FCPATH\index.php(67): CodeIgniter\CodeIgniter->run()
14 SYSTEMPATH\Commands\Server\rewrite.php(47): require_once('C:\\xampp\\htdocs\\nbp\\public\\index.php')
INFO - 2025-11-06 07:30:40 --> Session: Class initialized using 'CodeIgniter\Session\Handlers\FileHandler' driver.
ERROR - 2025-11-06 07:30:40 --> mysqli_sql_exception: Column 'nbelumtotalrisk' cannot be null in C:\xampp\htdocs\nbp\system\Database\MySQLi\Connection.php:295
Stack trace:
#0 C:\xampp\htdocs\nbp\system\Database\MySQLi\Connection.php(295): mysqli->query()
#1 C:\xampp\htdocs\nbp\system\Database\BaseConnection.php(692): CodeIgniter\Database\MySQLi\Connection->execute()
#2 C:\xampp\htdocs\nbp\system\Database\BaseConnection.php(606): CodeIgniter\Database\BaseConnection->simpleQuery()
#3 C:\xampp\htdocs\nbp\system\Database\BaseBuilder.php(2309): CodeIgniter\Database\BaseConnection->query()
#4 C:\xampp\htdocs\nbp\system\Model.php(330): CodeIgniter\Database\BaseBuilder->insert()
#5 C:\xampp\htdocs\nbp\system\BaseModel.php(782): CodeIgniter\Model->doInsert()
#6 C:\xampp\htdocs\nbp\system\Model.php(730): CodeIgniter\BaseModel->insert()
#7 C:\xampp\htdocs\nbp\app\Models\M_showprofilresiko.php(152): CodeIgniter\Model->insert()
#8 C:\xampp\htdocs\nbp\app\Controllers\Showprofilresiko.php(240): App\Models\M_showprofilresiko->simpanProfilRisiko()
#9 C:\xampp\htdocs\nbp\system\CodeIgniter.php(932): App\Controllers\Showprofilresiko->index()
#10 C:\xampp\htdocs\nbp\system\CodeIgniter.php(497): CodeIgniter\CodeIgniter->runController()
#11 C:\xampp\htdocs\nbp\system\CodeIgniter.php(366): CodeIgniter\CodeIgniter->handleRequest()
#12 C:\xampp\htdocs\nbp\public\index.php(67): CodeIgniter\CodeIgniter->run()
#13 C:\xampp\htdocs\nbp\system\Commands\Server\rewrite.php(47): require_once('...')
#14 {main}
CRITICAL - 2025-11-06 07:30:40 --> Column 'nbelumtotalrisk' cannot be null
in SYSTEMPATH\Database\MySQLi\Connection.php on line 295.
 1 SYSTEMPATH\Database\MySQLi\Connection.php(295): mysqli->query()
 2 SYSTEMPATH\Database\BaseConnection.php(692): CodeIgniter\Database\MySQLi\Connection->execute()
 3 SYSTEMPATH\Database\BaseConnection.php(606): CodeIgniter\Database\BaseConnection->simpleQuery()
 4 SYSTEMPATH\Database\BaseBuilder.php(2309): CodeIgniter\Database\BaseConnection->query()
 5 SYSTEMPATH\Model.php(330): CodeIgniter\Database\BaseBuilder->insert()
 6 SYSTEMPATH\BaseModel.php(782): CodeIgniter\Model->doInsert()
 7 SYSTEMPATH\Model.php(730): CodeIgniter\BaseModel->insert()
 8 APPPATH\Models\M_showprofilresiko.php(152): CodeIgniter\Model->insert()
 9 APPPATH\Controllers\Showprofilresiko.php(240): App\Models\M_showprofilresiko->simpanProfilRisiko()
10 SYSTEMPATH\CodeIgniter.php(932): App\Controllers\Showprofilresiko->index()
11 SYSTEMPATH\CodeIgniter.php(497): CodeIgniter\CodeIgniter->runController()
12 SYSTEMPATH\CodeIgniter.php(366): CodeIgniter\CodeIgniter->handleRequest()
13 FCPATH\index.php(67): CodeIgniter\CodeIgniter->run()
14 SYSTEMPATH\Commands\Server\rewrite.php(47): require_once('C:\\xampp\\htdocs\\nbp\\public\\index.php')
INFO - 2025-11-06 07:30:50 --> Session: Class initialized using 'CodeIgniter\Session\Handlers\FileHandler' driver.
ERROR - 2025-11-06 07:30:50 --> mysqli_sql_exception: Column 'nbelumtotalrisk' cannot be null in C:\xampp\htdocs\nbp\system\Database\MySQLi\Connection.php:295
Stack trace:
#0 C:\xampp\htdocs\nbp\system\Database\MySQLi\Connection.php(295): mysqli->query()
#1 C:\xampp\htdocs\nbp\system\Database\BaseConnection.php(692): CodeIgniter\Database\MySQLi\Connection->execute()
#2 C:\xampp\htdocs\nbp\system\Database\BaseConnection.php(606): CodeIgniter\Database\BaseConnection->simpleQuery()
#3 C:\xampp\htdocs\nbp\system\Database\BaseBuilder.php(2309): CodeIgniter\Database\BaseConnection->query()
#4 C:\xampp\htdocs\nbp\system\Model.php(330): CodeIgniter\Database\BaseBuilder->insert()
#5 C:\xampp\htdocs\nbp\system\BaseModel.php(782): CodeIgniter\Model->doInsert()
#6 C:\xampp\htdocs\nbp\system\Model.php(730): CodeIgniter\BaseModel->insert()
#7 C:\xampp\htdocs\nbp\app\Models\M_showprofilresiko.php(152): CodeIgniter\Model->insert()
#8 C:\xampp\htdocs\nbp\app\Controllers\Showprofilresiko.php(240): App\Models\M_showprofilresiko->simpanProfilRisiko()
#9 C:\xampp\htdocs\nbp\system\CodeIgniter.php(932): App\Controllers\Showprofilresiko->index()
#10 C:\xampp\htdocs\nbp\system\CodeIgniter.php(497): CodeIgniter\CodeIgniter->runController()
#11 C:\xampp\htdocs\nbp\system\CodeIgniter.php(366): CodeIgniter\CodeIgniter->handleRequest()
#12 C:\xampp\htdocs\nbp\public\index.php(67): CodeIgniter\CodeIgniter->run()
#13 C:\xampp\htdocs\nbp\system\Commands\Server\rewrite.php(47): require_once('...')
#14 {main}
CRITICAL - 2025-11-06 07:30:50 --> Column 'nbelumtotalrisk' cannot be null
in SYSTEMPATH\Database\MySQLi\Connection.php on line 295.
 1 SYSTEMPATH\Database\MySQLi\Connection.php(295): mysqli->query()
 2 SYSTEMPATH\Database\BaseConnection.php(692): CodeIgniter\Database\MySQLi\Connection->execute()
 3 SYSTEMPATH\Database\BaseConnection.php(606): CodeIgniter\Database\BaseConnection->simpleQuery()
 4 SYSTEMPATH\Database\BaseBuilder.php(2309): CodeIgniter\Database\BaseConnection->query()
 5 SYSTEMPATH\Model.php(330): CodeIgniter\Database\BaseBuilder->insert()
 6 SYSTEMPATH\BaseModel.php(782): CodeIgniter\Model->doInsert()
 7 SYSTEMPATH\Model.php(730): CodeIgniter\BaseModel->insert()
 8 APPPATH\Models\M_showprofilresiko.php(152): CodeIgniter\Model->insert()
 9 APPPATH\Controllers\Showprofilresiko.php(240): App\Models\M_showprofilresiko->simpanProfilRisiko()
10 SYSTEMPATH\CodeIgniter.php(932): App\Controllers\Showprofilresiko->index()
11 SYSTEMPATH\CodeIgniter.php(497): CodeIgniter\CodeIgniter->runController()
12 SYSTEMPATH\CodeIgniter.php(366): CodeIgniter\CodeIgniter->handleRequest()
13 FCPATH\index.php(67): CodeIgniter\CodeIgniter->run()
14 SYSTEMPATH\Commands\Server\rewrite.php(47): require_once('C:\\xampp\\htdocs\\nbp\\public\\index.php')
INFO - 2025-11-06 07:32:25 --> Session: Class initialized using 'CodeIgniter\Session\Handlers\FileHandler' driver.
INFO - 2025-11-06 07:32:31 --> Session: Class initialized using 'CodeIgniter\Session\Handlers\FileHandler' driver.
INFO - 2025-11-06 07:32:31 --> Session: Class initialized using 'CodeIgniter\Session\Handlers\FileHandler' driver.
ERROR - 2025-11-06 07:32:31 --> mysqli_sql_exception: Column 'nbelumtotalrisk' cannot be null in C:\xampp\htdocs\nbp\system\Database\MySQLi\Connection.php:295
Stack trace:
#0 C:\xampp\htdocs\nbp\system\Database\MySQLi\Connection.php(295): mysqli->query()
#1 C:\xampp\htdocs\nbp\system\Database\BaseConnection.php(692): CodeIgniter\Database\MySQLi\Connection->execute()
#2 C:\xampp\htdocs\nbp\system\Database\BaseConnection.php(606): CodeIgniter\Database\BaseConnection->simpleQuery()
#3 C:\xampp\htdocs\nbp\system\Database\BaseBuilder.php(2309): CodeIgniter\Database\BaseConnection->query()
#4 C:\xampp\htdocs\nbp\system\Model.php(330): CodeIgniter\Database\BaseBuilder->insert()
#5 C:\xampp\htdocs\nbp\system\BaseModel.php(782): CodeIgniter\Model->doInsert()
#6 C:\xampp\htdocs\nbp\system\Model.php(730): CodeIgniter\BaseModel->insert()
#7 C:\xampp\htdocs\nbp\app\Models\M_showprofilresiko.php(152): CodeIgniter\Model->insert()
#8 C:\xampp\htdocs\nbp\app\Controllers\Showprofilresiko.php(240): App\Models\M_showprofilresiko->simpanProfilRisiko()
#9 C:\xampp\htdocs\nbp\system\CodeIgniter.php(932): App\Controllers\Showprofilresiko->index()
#10 C:\xampp\htdocs\nbp\system\CodeIgniter.php(497): CodeIgniter\CodeIgniter->runController()
#11 C:\xampp\htdocs\nbp\system\CodeIgniter.php(366): CodeIgniter\CodeIgniter->handleRequest()
#12 C:\xampp\htdocs\nbp\public\index.php(67): CodeIgniter\CodeIgniter->run()
#13 C:\xampp\htdocs\nbp\system\Commands\Server\rewrite.php(47): require_once('...')
#14 {main}
CRITICAL - 2025-11-06 07:32:31 --> Column 'nbelumtotalrisk' cannot be null
in SYSTEMPATH\Database\MySQLi\Connection.php on line 295.
 1 SYSTEMPATH\Database\MySQLi\Connection.php(295): mysqli->query()
 2 SYSTEMPATH\Database\BaseConnection.php(692): CodeIgniter\Database\MySQLi\Connection->execute()
 3 SYSTEMPATH\Database\BaseConnection.php(606): CodeIgniter\Database\BaseConnection->simpleQuery()
 4 SYSTEMPATH\Database\BaseBuilder.php(2309): CodeIgniter\Database\BaseConnection->query()
 5 SYSTEMPATH\Model.php(330): CodeIgniter\Database\BaseBuilder->insert()
 6 SYSTEMPATH\BaseModel.php(782): CodeIgniter\Model->doInsert()
 7 SYSTEMPATH\Model.php(730): CodeIgniter\BaseModel->insert()
 8 APPPATH\Models\M_showprofilresiko.php(152): CodeIgniter\Model->insert()
 9 APPPATH\Controllers\Showprofilresiko.php(240): App\Models\M_showprofilresiko->simpanProfilRisiko()
10 SYSTEMPATH\CodeIgniter.php(932): App\Controllers\Showprofilresiko->index()
11 SYSTEMPATH\CodeIgniter.php(497): CodeIgniter\CodeIgniter->runController()
12 SYSTEMPATH\CodeIgniter.php(366): CodeIgniter\CodeIgniter->handleRequest()
13 FCPATH\index.php(67): CodeIgniter\CodeIgniter->run()
14 SYSTEMPATH\Commands\Server\rewrite.php(47): require_once('C:\\xampp\\htdocs\\nbp\\public\\index.php')
INFO - 2025-11-06 07:32:35 --> Session: Class initialized using 'CodeIgniter\Session\Handlers\FileHandler' driver.
INFO - 2025-11-06 07:33:45 --> Session: Class initialized using 'CodeIgniter\Session\Handlers\FileHandler' driver.
INFO - 2025-11-06 07:33:47 --> Session: Class initialized using 'CodeIgniter\Session\Handlers\FileHandler' driver.
INFO - 2025-11-06 07:33:48 --> Session: Class initialized using 'CodeIgniter\Session\Handlers\FileHandler' driver.
ERROR - 2025-11-06 07:33:48 --> mysqli_sql_exception: Column 'nbelumtotalrisk' cannot be null in C:\xampp\htdocs\nbp\system\Database\MySQLi\Connection.php:295
Stack trace:
#0 C:\xampp\htdocs\nbp\system\Database\MySQLi\Connection.php(295): mysqli->query()
#1 C:\xampp\htdocs\nbp\system\Database\BaseConnection.php(692): CodeIgniter\Database\MySQLi\Connection->execute()
#2 C:\xampp\htdocs\nbp\system\Database\BaseConnection.php(606): CodeIgniter\Database\BaseConnection->simpleQuery()
#3 C:\xampp\htdocs\nbp\system\Database\BaseBuilder.php(2309): CodeIgniter\Database\BaseConnection->query()
#4 C:\xampp\htdocs\nbp\system\Model.php(330): CodeIgniter\Database\BaseBuilder->insert()
#5 C:\xampp\htdocs\nbp\system\BaseModel.php(782): CodeIgniter\Model->doInsert()
#6 C:\xampp\htdocs\nbp\system\Model.php(730): CodeIgniter\BaseModel->insert()
#7 C:\xampp\htdocs\nbp\app\Models\M_showprofilresiko.php(152): CodeIgniter\Model->insert()
#8 C:\xampp\htdocs\nbp\app\Controllers\Showprofilresiko.php(240): App\Models\M_showprofilresiko->simpanProfilRisiko()
#9 C:\xampp\htdocs\nbp\system\CodeIgniter.php(932): App\Controllers\Showprofilresiko->index()
#10 C:\xampp\htdocs\nbp\system\CodeIgniter.php(497): CodeIgniter\CodeIgniter->runController()
#11 C:\xampp\htdocs\nbp\system\CodeIgniter.php(366): CodeIgniter\CodeIgniter->handleRequest()
#12 C:\xampp\htdocs\nbp\public\index.php(67): CodeIgniter\CodeIgniter->run()
#13 C:\xampp\htdocs\nbp\system\Commands\Server\rewrite.php(47): require_once('...')
#14 {main}
CRITICAL - 2025-11-06 07:33:48 --> Column 'nbelumtotalrisk' cannot be null
in SYSTEMPATH\Database\MySQLi\Connection.php on line 295.
 1 SYSTEMPATH\Database\MySQLi\Connection.php(295): mysqli->query()
 2 SYSTEMPATH\Database\BaseConnection.php(692): CodeIgniter\Database\MySQLi\Connection->execute()
 3 SYSTEMPATH\Database\BaseConnection.php(606): CodeIgniter\Database\BaseConnection->simpleQuery()
 4 SYSTEMPATH\Database\BaseBuilder.php(2309): CodeIgniter\Database\BaseConnection->query()
 5 SYSTEMPATH\Model.php(330): CodeIgniter\Database\BaseBuilder->insert()
 6 SYSTEMPATH\BaseModel.php(782): CodeIgniter\Model->doInsert()
 7 SYSTEMPATH\Model.php(730): CodeIgniter\BaseModel->insert()
 8 APPPATH\Models\M_showprofilresiko.php(152): CodeIgniter\Model->insert()
 9 APPPATH\Controllers\Showprofilresiko.php(240): App\Models\M_showprofilresiko->simpanProfilRisiko()
10 SYSTEMPATH\CodeIgniter.php(932): App\Controllers\Showprofilresiko->index()
11 SYSTEMPATH\CodeIgniter.php(497): CodeIgniter\CodeIgniter->runController()
12 SYSTEMPATH\CodeIgniter.php(366): CodeIgniter\CodeIgniter->handleRequest()
13 FCPATH\index.php(67): CodeIgniter\CodeIgniter->run()
14 SYSTEMPATH\Commands\Server\rewrite.php(47): require_once('C:\\xampp\\htdocs\\nbp\\public\\index.php')
INFO - 2025-11-06 07:33:51 --> Session: Class initialized using 'CodeIgniter\Session\Handlers\FileHandler' driver.
ERROR - 2025-11-06 07:33:51 --> mysqli_sql_exception: Column 'nbelumtotalrisk' cannot be null in C:\xampp\htdocs\nbp\system\Database\MySQLi\Connection.php:295
Stack trace:
#0 C:\xampp\htdocs\nbp\system\Database\MySQLi\Connection.php(295): mysqli->query()
#1 C:\xampp\htdocs\nbp\system\Database\BaseConnection.php(692): CodeIgniter\Database\MySQLi\Connection->execute()
#2 C:\xampp\htdocs\nbp\system\Database\BaseConnection.php(606): CodeIgniter\Database\BaseConnection->simpleQuery()
#3 C:\xampp\htdocs\nbp\system\Database\BaseBuilder.php(2309): CodeIgniter\Database\BaseConnection->query()
#4 C:\xampp\htdocs\nbp\system\Model.php(330): CodeIgniter\Database\BaseBuilder->insert()
#5 C:\xampp\htdocs\nbp\system\BaseModel.php(782): CodeIgniter\Model->doInsert()
#6 C:\xampp\htdocs\nbp\system\Model.php(730): CodeIgniter\BaseModel->insert()
#7 C:\xampp\htdocs\nbp\app\Models\M_showprofilresiko.php(152): CodeIgniter\Model->insert()
#8 C:\xampp\htdocs\nbp\app\Controllers\Showprofilresiko.php(240): App\Models\M_showprofilresiko->simpanProfilRisiko()
#9 C:\xampp\htdocs\nbp\system\CodeIgniter.php(932): App\Controllers\Showprofilresiko->index()
#10 C:\xampp\htdocs\nbp\system\CodeIgniter.php(497): CodeIgniter\CodeIgniter->runController()
#11 C:\xampp\htdocs\nbp\system\CodeIgniter.php(366): CodeIgniter\CodeIgniter->handleRequest()
#12 C:\xampp\htdocs\nbp\public\index.php(67): CodeIgniter\CodeIgniter->run()
#13 C:\xampp\htdocs\nbp\system\Commands\Server\rewrite.php(47): require_once('...')
#14 {main}
CRITICAL - 2025-11-06 07:33:51 --> Column 'nbelumtotalrisk' cannot be null
in SYSTEMPATH\Database\MySQLi\Connection.php on line 295.
 1 SYSTEMPATH\Database\MySQLi\Connection.php(295): mysqli->query()
 2 SYSTEMPATH\Database\BaseConnection.php(692): CodeIgniter\Database\MySQLi\Connection->execute()
 3 SYSTEMPATH\Database\BaseConnection.php(606): CodeIgniter\Database\BaseConnection->simpleQuery()
 4 SYSTEMPATH\Database\BaseBuilder.php(2309): CodeIgniter\Database\BaseConnection->query()
 5 SYSTEMPATH\Model.php(330): CodeIgniter\Database\BaseBuilder->insert()
 6 SYSTEMPATH\BaseModel.php(782): CodeIgniter\Model->doInsert()
 7 SYSTEMPATH\Model.php(730): CodeIgniter\BaseModel->insert()
 8 APPPATH\Models\M_showprofilresiko.php(152): CodeIgniter\Model->insert()
 9 APPPATH\Controllers\Showprofilresiko.php(240): App\Models\M_showprofilresiko->simpanProfilRisiko()
10 SYSTEMPATH\CodeIgniter.php(932): App\Controllers\Showprofilresiko->index()
11 SYSTEMPATH\CodeIgniter.php(497): CodeIgniter\CodeIgniter->runController()
12 SYSTEMPATH\CodeIgniter.php(366): CodeIgniter\CodeIgniter->handleRequest()
13 FCPATH\index.php(67): CodeIgniter\CodeIgniter->run()
14 SYSTEMPATH\Commands\Server\rewrite.php(47): require_once('C:\\xampp\\htdocs\\nbp\\public\\index.php')
INFO - 2025-11-06 07:34:16 --> Session: Class initialized using 'CodeIgniter\Session\Handlers\FileHandler' driver.
INFO - 2025-11-06 07:39:16 --> Session: Class initialized using 'CodeIgniter\Session\Handlers\FileHandler' driver.
INFO - 2025-11-06 07:39:30 --> Session: Class initialized using 'CodeIgniter\Session\Handlers\FileHandler' driver.
ERROR - 2025-11-06 07:39:30 --> mysqli_sql_exception: Column 'kesimpulan1' cannot be null in C:\xampp\htdocs\nbp\system\Database\MySQLi\Connection.php:295
Stack trace:
#0 C:\xampp\htdocs\nbp\system\Database\MySQLi\Connection.php(295): mysqli->query()
#1 C:\xampp\htdocs\nbp\system\Database\BaseConnection.php(692): CodeIgniter\Database\MySQLi\Connection->execute()
#2 C:\xampp\htdocs\nbp\system\Database\BaseConnection.php(606): CodeIgniter\Database\BaseConnection->simpleQuery()
#3 C:\xampp\htdocs\nbp\system\Database\BaseBuilder.php(2309): CodeIgniter\Database\BaseConnection->query()
#4 C:\xampp\htdocs\nbp\system\Model.php(330): CodeIgniter\Database\BaseBuilder->insert()
#5 C:\xampp\htdocs\nbp\system\BaseModel.php(782): CodeIgniter\Model->doInsert()
#6 C:\xampp\htdocs\nbp\system\Model.php(730): CodeIgniter\BaseModel->insert()
#7 C:\xampp\htdocs\nbp\app\Models\M_showprofilresiko.php(152): CodeIgniter\Model->insert()
#8 C:\xampp\htdocs\nbp\app\Controllers\Showprofilresiko.php(240): App\Models\M_showprofilresiko->simpanProfilRisiko()
#9 C:\xampp\htdocs\nbp\system\CodeIgniter.php(932): App\Controllers\Showprofilresiko->index()
#10 C:\xampp\htdocs\nbp\system\CodeIgniter.php(497): CodeIgniter\CodeIgniter->runController()
#11 C:\xampp\htdocs\nbp\system\CodeIgniter.php(366): CodeIgniter\CodeIgniter->handleRequest()
#12 C:\xampp\htdocs\nbp\public\index.php(67): CodeIgniter\CodeIgniter->run()
#13 C:\xampp\htdocs\nbp\system\Commands\Server\rewrite.php(47): require_once('...')
#14 {main}
CRITICAL - 2025-11-06 07:39:30 --> Column 'kesimpulan1' cannot be null
in SYSTEMPATH\Database\MySQLi\Connection.php on line 295.
 1 SYSTEMPATH\Database\MySQLi\Connection.php(295): mysqli->query()
 2 SYSTEMPATH\Database\BaseConnection.php(692): CodeIgniter\Database\MySQLi\Connection->execute()
 3 SYSTEMPATH\Database\BaseConnection.php(606): CodeIgniter\Database\BaseConnection->simpleQuery()
 4 SYSTEMPATH\Database\BaseBuilder.php(2309): CodeIgniter\Database\BaseConnection->query()
 5 SYSTEMPATH\Model.php(330): CodeIgniter\Database\BaseBuilder->insert()
 6 SYSTEMPATH\BaseModel.php(782): CodeIgniter\Model->doInsert()
 7 SYSTEMPATH\Model.php(730): CodeIgniter\BaseModel->insert()
 8 APPPATH\Models\M_showprofilresiko.php(152): CodeIgniter\Model->insert()
 9 APPPATH\Controllers\Showprofilresiko.php(240): App\Models\M_showprofilresiko->simpanProfilRisiko()
10 SYSTEMPATH\CodeIgniter.php(932): App\Controllers\Showprofilresiko->index()
11 SYSTEMPATH\CodeIgniter.php(497): CodeIgniter\CodeIgniter->runController()
12 SYSTEMPATH\CodeIgniter.php(366): CodeIgniter\CodeIgniter->handleRequest()
13 FCPATH\index.php(67): CodeIgniter\CodeIgniter->run()
14 SYSTEMPATH\Commands\Server\rewrite.php(47): require_once('C:\\xampp\\htdocs\\nbp\\public\\index.php')
INFO - 2025-11-06 07:39:31 --> Session: Class initialized using 'CodeIgniter\Session\Handlers\FileHandler' driver.
INFO - 2025-11-06 07:39:34 --> Session: Class initialized using 'CodeIgniter\Session\Handlers\FileHandler' driver.
WARNING - 2025-11-06 07:39:34 --> [DEPRECATED] Creation of dynamic property App\Controllers\Home::$session is deprecated in APPPATH\Controllers\Home.php on line 11.
 1 SYSTEMPATH\CodeIgniter.php(904): App\Controllers\Home->__construct()
 2 SYSTEMPATH\CodeIgniter.php(488): CodeIgniter\CodeIgniter->createController()
 3 SYSTEMPATH\CodeIgniter.php(366): CodeIgniter\CodeIgniter->handleRequest(null, Object(Config\Cache), false)
 4 FCPATH\index.php(67): CodeIgniter\CodeIgniter->run()
 5 SYSTEMPATH\Commands\Server\rewrite.php(47): require_once('C:\\xampp\\htdocs\\nbp\\public\\index.php')
WARNING - 2025-11-06 07:39:34 --> [DEPRECATED] Creation of dynamic property App\Controllers\Home::$auth is deprecated in APPPATH\Controllers\Home.php on line 12.
 1 SYSTEMPATH\CodeIgniter.php(904): App\Controllers\Home->__construct()
 2 SYSTEMPATH\CodeIgniter.php(488): CodeIgniter\CodeIgniter->createController()
 3 SYSTEMPATH\CodeIgniter.php(366): CodeIgniter\CodeIgniter->handleRequest(null, Object(Config\Cache), false)
 4 FCPATH\index.php(67): CodeIgniter\CodeIgniter->run()
 5 SYSTEMPATH\Commands\Server\rewrite.php(47): require_once('C:\\xampp\\htdocs\\nbp\\public\\index.php')
INFO - 2025-11-06 07:39:34 --> Session: Class initialized using 'CodeIgniter\Session\Handlers\FileHandler' driver.
INFO - 2025-11-06 07:39:34 --> Session: Class initialized using 'CodeIgniter\Session\Handlers\FileHandler' driver.
INFO - 2025-11-06 07:39:34 --> Session: Class initialized using 'CodeIgniter\Session\Handlers\FileHandler' driver.
INFO - 2025-11-06 07:39:34 --> Session: Class initialized using 'CodeIgniter\Session\Handlers\FileHandler' driver.
INFO - 2025-11-06 07:39:44 --> Session: Class initialized using 'CodeIgniter\Session\Handlers\FileHandler' driver.
INFO - 2025-11-06 07:40:08 --> Session: Class initialized using 'CodeIgniter\Session\Handlers\FileHandler' driver.
INFO - 2025-11-06 07:40:08 --> Session: Class initialized using 'CodeIgniter\Session\Handlers\FileHandler' driver.
ERROR - 2025-11-06 07:40:08 --> mysqli_sql_exception: Column 'kesimpulan1' cannot be null in C:\xampp\htdocs\nbp\system\Database\MySQLi\Connection.php:295
Stack trace:
#0 C:\xampp\htdocs\nbp\system\Database\MySQLi\Connection.php(295): mysqli->query()
#1 C:\xampp\htdocs\nbp\system\Database\BaseConnection.php(692): CodeIgniter\Database\MySQLi\Connection->execute()
#2 C:\xampp\htdocs\nbp\system\Database\BaseConnection.php(606): CodeIgniter\Database\BaseConnection->simpleQuery()
#3 C:\xampp\htdocs\nbp\system\Database\BaseBuilder.php(2309): CodeIgniter\Database\BaseConnection->query()
#4 C:\xampp\htdocs\nbp\system\Model.php(330): CodeIgniter\Database\BaseBuilder->insert()
#5 C:\xampp\htdocs\nbp\system\BaseModel.php(782): CodeIgniter\Model->doInsert()
#6 C:\xampp\htdocs\nbp\system\Model.php(730): CodeIgniter\BaseModel->insert()
#7 C:\xampp\htdocs\nbp\app\Models\M_showprofilresiko.php(152): CodeIgniter\Model->insert()
#8 C:\xampp\htdocs\nbp\app\Controllers\Showprofilresiko.php(240): App\Models\M_showprofilresiko->simpanProfilRisiko()
#9 C:\xampp\htdocs\nbp\system\CodeIgniter.php(932): App\Controllers\Showprofilresiko->index()
#10 C:\xampp\htdocs\nbp\system\CodeIgniter.php(497): CodeIgniter\CodeIgniter->runController()
#11 C:\xampp\htdocs\nbp\system\CodeIgniter.php(366): CodeIgniter\CodeIgniter->handleRequest()
#12 C:\xampp\htdocs\nbp\public\index.php(67): CodeIgniter\CodeIgniter->run()
#13 C:\xampp\htdocs\nbp\system\Commands\Server\rewrite.php(47): require_once('...')
#14 {main}
CRITICAL - 2025-11-06 07:40:08 --> Column 'kesimpulan1' cannot be null
in SYSTEMPATH\Database\MySQLi\Connection.php on line 295.
 1 SYSTEMPATH\Database\MySQLi\Connection.php(295): mysqli->query()
 2 SYSTEMPATH\Database\BaseConnection.php(692): CodeIgniter\Database\MySQLi\Connection->execute()
 3 SYSTEMPATH\Database\BaseConnection.php(606): CodeIgniter\Database\BaseConnection->simpleQuery()
 4 SYSTEMPATH\Database\BaseBuilder.php(2309): CodeIgniter\Database\BaseConnection->query()
 5 SYSTEMPATH\Model.php(330): CodeIgniter\Database\BaseBuilder->insert()
 6 SYSTEMPATH\BaseModel.php(782): CodeIgniter\Model->doInsert()
 7 SYSTEMPATH\Model.php(730): CodeIgniter\BaseModel->insert()
 8 APPPATH\Models\M_showprofilresiko.php(152): CodeIgniter\Model->insert()
 9 APPPATH\Controllers\Showprofilresiko.php(240): App\Models\M_showprofilresiko->simpanProfilRisiko()
10 SYSTEMPATH\CodeIgniter.php(932): App\Controllers\Showprofilresiko->index()
11 SYSTEMPATH\CodeIgniter.php(497): CodeIgniter\CodeIgniter->runController()
12 SYSTEMPATH\CodeIgniter.php(366): CodeIgniter\CodeIgniter->handleRequest()
13 FCPATH\index.php(67): CodeIgniter\CodeIgniter->run()
14 SYSTEMPATH\Commands\Server\rewrite.php(47): require_once('C:\\xampp\\htdocs\\nbp\\public\\index.php')
INFO - 2025-11-06 07:40:46 --> Session: Class initialized using 'CodeIgniter\Session\Handlers\FileHandler' driver.
ERROR - 2025-11-06 07:40:46 --> mysqli_sql_exception: Column 'kesimpulan2' cannot be null in C:\xampp\htdocs\nbp\system\Database\MySQLi\Connection.php:295
Stack trace:
#0 C:\xampp\htdocs\nbp\system\Database\MySQLi\Connection.php(295): mysqli->query()
#1 C:\xampp\htdocs\nbp\system\Database\BaseConnection.php(692): CodeIgniter\Database\MySQLi\Connection->execute()
#2 C:\xampp\htdocs\nbp\system\Database\BaseConnection.php(606): CodeIgniter\Database\BaseConnection->simpleQuery()
#3 C:\xampp\htdocs\nbp\system\Database\BaseBuilder.php(2309): CodeIgniter\Database\BaseConnection->query()
#4 C:\xampp\htdocs\nbp\system\Model.php(330): CodeIgniter\Database\BaseBuilder->insert()
#5 C:\xampp\htdocs\nbp\system\BaseModel.php(782): CodeIgniter\Model->doInsert()
#6 C:\xampp\htdocs\nbp\system\Model.php(730): CodeIgniter\BaseModel->insert()
#7 C:\xampp\htdocs\nbp\app\Models\M_showprofilresiko.php(152): CodeIgniter\Model->insert()
#8 C:\xampp\htdocs\nbp\app\Controllers\Showprofilresiko.php(240): App\Models\M_showprofilresiko->simpanProfilRisiko()
#9 C:\xampp\htdocs\nbp\system\CodeIgniter.php(932): App\Controllers\Showprofilresiko->index()
#10 C:\xampp\htdocs\nbp\system\CodeIgniter.php(497): CodeIgniter\CodeIgniter->runController()
#11 C:\xampp\htdocs\nbp\system\CodeIgniter.php(366): CodeIgniter\CodeIgniter->handleRequest()
#12 C:\xampp\htdocs\nbp\public\index.php(67): CodeIgniter\CodeIgniter->run()
#13 C:\xampp\htdocs\nbp\system\Commands\Server\rewrite.php(47): require_once('...')
#14 {main}
CRITICAL - 2025-11-06 07:40:46 --> Column 'kesimpulan2' cannot be null
in SYSTEMPATH\Database\MySQLi\Connection.php on line 295.
 1 SYSTEMPATH\Database\MySQLi\Connection.php(295): mysqli->query()
 2 SYSTEMPATH\Database\BaseConnection.php(692): CodeIgniter\Database\MySQLi\Connection->execute()
 3 SYSTEMPATH\Database\BaseConnection.php(606): CodeIgniter\Database\BaseConnection->simpleQuery()
 4 SYSTEMPATH\Database\BaseBuilder.php(2309): CodeIgniter\Database\BaseConnection->query()
 5 SYSTEMPATH\Model.php(330): CodeIgniter\Database\BaseBuilder->insert()
 6 SYSTEMPATH\BaseModel.php(782): CodeIgniter\Model->doInsert()
 7 SYSTEMPATH\Model.php(730): CodeIgniter\BaseModel->insert()
 8 APPPATH\Models\M_showprofilresiko.php(152): CodeIgniter\Model->insert()
 9 APPPATH\Controllers\Showprofilresiko.php(240): App\Models\M_showprofilresiko->simpanProfilRisiko()
10 SYSTEMPATH\CodeIgniter.php(932): App\Controllers\Showprofilresiko->index()
11 SYSTEMPATH\CodeIgniter.php(497): CodeIgniter\CodeIgniter->runController()
12 SYSTEMPATH\CodeIgniter.php(366): CodeIgniter\CodeIgniter->handleRequest()
13 FCPATH\index.php(67): CodeIgniter\CodeIgniter->run()
14 SYSTEMPATH\Commands\Server\rewrite.php(47): require_once('C:\\xampp\\htdocs\\nbp\\public\\index.php')
INFO - 2025-11-06 07:42:36 --> Session: Class initialized using 'CodeIgniter\Session\Handlers\FileHandler' driver.
ERROR - 2025-11-06 07:42:36 --> mysqli_sql_exception: Column 'nbelumkredit' cannot be null in C:\xampp\htdocs\nbp\system\Database\MySQLi\Connection.php:295
Stack trace:
#0 C:\xampp\htdocs\nbp\system\Database\MySQLi\Connection.php(295): mysqli->query()
#1 C:\xampp\htdocs\nbp\system\Database\BaseConnection.php(692): CodeIgniter\Database\MySQLi\Connection->execute()
#2 C:\xampp\htdocs\nbp\system\Database\BaseConnection.php(606): CodeIgniter\Database\BaseConnection->simpleQuery()
#3 C:\xampp\htdocs\nbp\system\Database\BaseBuilder.php(2309): CodeIgniter\Database\BaseConnection->query()
#4 C:\xampp\htdocs\nbp\system\Model.php(330): CodeIgniter\Database\BaseBuilder->insert()
#5 C:\xampp\htdocs\nbp\system\BaseModel.php(782): CodeIgniter\Model->doInsert()
#6 C:\xampp\htdocs\nbp\system\Model.php(730): CodeIgniter\BaseModel->insert()
#7 C:\xampp\htdocs\nbp\app\Models\M_showprofilresiko.php(152): CodeIgniter\Model->insert()
#8 C:\xampp\htdocs\nbp\app\Controllers\Showprofilresiko.php(240): App\Models\M_showprofilresiko->simpanProfilRisiko()
#9 C:\xampp\htdocs\nbp\system\CodeIgniter.php(932): App\Controllers\Showprofilresiko->index()
#10 C:\xampp\htdocs\nbp\system\CodeIgniter.php(497): CodeIgniter\CodeIgniter->runController()
#11 C:\xampp\htdocs\nbp\system\CodeIgniter.php(366): CodeIgniter\CodeIgniter->handleRequest()
#12 C:\xampp\htdocs\nbp\public\index.php(67): CodeIgniter\CodeIgniter->run()
#13 C:\xampp\htdocs\nbp\system\Commands\Server\rewrite.php(47): require_once('...')
#14 {main}
CRITICAL - 2025-11-06 07:42:36 --> Column 'nbelumkredit' cannot be null
in SYSTEMPATH\Database\MySQLi\Connection.php on line 295.
 1 SYSTEMPATH\Database\MySQLi\Connection.php(295): mysqli->query()
 2 SYSTEMPATH\Database\BaseConnection.php(692): CodeIgniter\Database\MySQLi\Connection->execute()
 3 SYSTEMPATH\Database\BaseConnection.php(606): CodeIgniter\Database\BaseConnection->simpleQuery()
 4 SYSTEMPATH\Database\BaseBuilder.php(2309): CodeIgniter\Database\BaseConnection->query()
 5 SYSTEMPATH\Model.php(330): CodeIgniter\Database\BaseBuilder->insert()
 6 SYSTEMPATH\BaseModel.php(782): CodeIgniter\Model->doInsert()
 7 SYSTEMPATH\Model.php(730): CodeIgniter\BaseModel->insert()
 8 APPPATH\Models\M_showprofilresiko.php(152): CodeIgniter\Model->insert()
 9 APPPATH\Controllers\Showprofilresiko.php(240): App\Models\M_showprofilresiko->simpanProfilRisiko()
10 SYSTEMPATH\CodeIgniter.php(932): App\Controllers\Showprofilresiko->index()
11 SYSTEMPATH\CodeIgniter.php(497): CodeIgniter\CodeIgniter->runController()
12 SYSTEMPATH\CodeIgniter.php(366): CodeIgniter\CodeIgniter->handleRequest()
13 FCPATH\index.php(67): CodeIgniter\CodeIgniter->run()
14 SYSTEMPATH\Commands\Server\rewrite.php(47): require_once('C:\\xampp\\htdocs\\nbp\\public\\index.php')
INFO - 2025-11-06 07:43:09 --> Session: Class initialized using 'CodeIgniter\Session\Handlers\FileHandler' driver.
ERROR - 2025-11-06 07:43:09 --> mysqli_sql_exception: Column 'nbelumoperasional' cannot be null in C:\xampp\htdocs\nbp\system\Database\MySQLi\Connection.php:295
Stack trace:
#0 C:\xampp\htdocs\nbp\system\Database\MySQLi\Connection.php(295): mysqli->query()
#1 C:\xampp\htdocs\nbp\system\Database\BaseConnection.php(692): CodeIgniter\Database\MySQLi\Connection->execute()
#2 C:\xampp\htdocs\nbp\system\Database\BaseConnection.php(606): CodeIgniter\Database\BaseConnection->simpleQuery()
#3 C:\xampp\htdocs\nbp\system\Database\BaseBuilder.php(2309): CodeIgniter\Database\BaseConnection->query()
#4 C:\xampp\htdocs\nbp\system\Model.php(330): CodeIgniter\Database\BaseBuilder->insert()
#5 C:\xampp\htdocs\nbp\system\BaseModel.php(782): CodeIgniter\Model->doInsert()
#6 C:\xampp\htdocs\nbp\system\Model.php(730): CodeIgniter\BaseModel->insert()
#7 C:\xampp\htdocs\nbp\app\Models\M_showprofilresiko.php(152): CodeIgniter\Model->insert()
#8 C:\xampp\htdocs\nbp\app\Controllers\Showprofilresiko.php(240): App\Models\M_showprofilresiko->simpanProfilRisiko()
#9 C:\xampp\htdocs\nbp\system\CodeIgniter.php(932): App\Controllers\Showprofilresiko->index()
#10 C:\xampp\htdocs\nbp\system\CodeIgniter.php(497): CodeIgniter\CodeIgniter->runController()
#11 C:\xampp\htdocs\nbp\system\CodeIgniter.php(366): CodeIgniter\CodeIgniter->handleRequest()
#12 C:\xampp\htdocs\nbp\public\index.php(67): CodeIgniter\CodeIgniter->run()
#13 C:\xampp\htdocs\nbp\system\Commands\Server\rewrite.php(47): require_once('...')
#14 {main}
CRITICAL - 2025-11-06 07:43:09 --> Column 'nbelumoperasional' cannot be null
in SYSTEMPATH\Database\MySQLi\Connection.php on line 295.
 1 SYSTEMPATH\Database\MySQLi\Connection.php(295): mysqli->query()
 2 SYSTEMPATH\Database\BaseConnection.php(692): CodeIgniter\Database\MySQLi\Connection->execute()
 3 SYSTEMPATH\Database\BaseConnection.php(606): CodeIgniter\Database\BaseConnection->simpleQuery()
 4 SYSTEMPATH\Database\BaseBuilder.php(2309): CodeIgniter\Database\BaseConnection->query()
 5 SYSTEMPATH\Model.php(330): CodeIgniter\Database\BaseBuilder->insert()
 6 SYSTEMPATH\BaseModel.php(782): CodeIgniter\Model->doInsert()
 7 SYSTEMPATH\Model.php(730): CodeIgniter\BaseModel->insert()
 8 APPPATH\Models\M_showprofilresiko.php(152): CodeIgniter\Model->insert()
 9 APPPATH\Controllers\Showprofilresiko.php(240): App\Models\M_showprofilresiko->simpanProfilRisiko()
10 SYSTEMPATH\CodeIgniter.php(932): App\Controllers\Showprofilresiko->index()
11 SYSTEMPATH\CodeIgniter.php(497): CodeIgniter\CodeIgniter->runController()
12 SYSTEMPATH\CodeIgniter.php(366): CodeIgniter\CodeIgniter->handleRequest()
13 FCPATH\index.php(67): CodeIgniter\CodeIgniter->run()
14 SYSTEMPATH\Commands\Server\rewrite.php(47): require_once('C:\\xampp\\htdocs\\nbp\\public\\index.php')
INFO - 2025-11-06 07:44:26 --> Session: Class initialized using 'CodeIgniter\Session\Handlers\FileHandler' driver.
ERROR - 2025-11-06 07:44:26 --> mysqli_sql_exception: Column 'nbelumstratejik' cannot be null in C:\xampp\htdocs\nbp\system\Database\MySQLi\Connection.php:295
Stack trace:
#0 C:\xampp\htdocs\nbp\system\Database\MySQLi\Connection.php(295): mysqli->query()
#1 C:\xampp\htdocs\nbp\system\Database\BaseConnection.php(692): CodeIgniter\Database\MySQLi\Connection->execute()
#2 C:\xampp\htdocs\nbp\system\Database\BaseConnection.php(606): CodeIgniter\Database\BaseConnection->simpleQuery()
#3 C:\xampp\htdocs\nbp\system\Database\BaseBuilder.php(2309): CodeIgniter\Database\BaseConnection->query()
#4 C:\xampp\htdocs\nbp\system\Model.php(330): CodeIgniter\Database\BaseBuilder->insert()
#5 C:\xampp\htdocs\nbp\system\BaseModel.php(782): CodeIgniter\Model->doInsert()
#6 C:\xampp\htdocs\nbp\system\Model.php(730): CodeIgniter\BaseModel->insert()
#7 C:\xampp\htdocs\nbp\app\Models\M_showprofilresiko.php(152): CodeIgniter\Model->insert()
#8 C:\xampp\htdocs\nbp\app\Controllers\Showprofilresiko.php(240): App\Models\M_showprofilresiko->simpanProfilRisiko()
#9 C:\xampp\htdocs\nbp\system\CodeIgniter.php(932): App\Controllers\Showprofilresiko->index()
#10 C:\xampp\htdocs\nbp\system\CodeIgniter.php(497): CodeIgniter\CodeIgniter->runController()
#11 C:\xampp\htdocs\nbp\system\CodeIgniter.php(366): CodeIgniter\CodeIgniter->handleRequest()
#12 C:\xampp\htdocs\nbp\public\index.php(67): CodeIgniter\CodeIgniter->run()
#13 C:\xampp\htdocs\nbp\system\Commands\Server\rewrite.php(47): require_once('...')
#14 {main}
CRITICAL - 2025-11-06 07:44:26 --> Column 'nbelumstratejik' cannot be null
in SYSTEMPATH\Database\MySQLi\Connection.php on line 295.
 1 SYSTEMPATH\Database\MySQLi\Connection.php(295): mysqli->query()
 2 SYSTEMPATH\Database\BaseConnection.php(692): CodeIgniter\Database\MySQLi\Connection->execute()
 3 SYSTEMPATH\Database\BaseConnection.php(606): CodeIgniter\Database\BaseConnection->simpleQuery()
 4 SYSTEMPATH\Database\BaseBuilder.php(2309): CodeIgniter\Database\BaseConnection->query()
 5 SYSTEMPATH\Model.php(330): CodeIgniter\Database\BaseBuilder->insert()
 6 SYSTEMPATH\BaseModel.php(782): CodeIgniter\Model->doInsert()
 7 SYSTEMPATH\Model.php(730): CodeIgniter\BaseModel->insert()
 8 APPPATH\Models\M_showprofilresiko.php(152): CodeIgniter\Model->insert()
 9 APPPATH\Controllers\Showprofilresiko.php(240): App\Models\M_showprofilresiko->simpanProfilRisiko()
10 SYSTEMPATH\CodeIgniter.php(932): App\Controllers\Showprofilresiko->index()
11 SYSTEMPATH\CodeIgniter.php(497): CodeIgniter\CodeIgniter->runController()
12 SYSTEMPATH\CodeIgniter.php(366): CodeIgniter\CodeIgniter->handleRequest()
13 FCPATH\index.php(67): CodeIgniter\CodeIgniter->run()
14 SYSTEMPATH\Commands\Server\rewrite.php(47): require_once('C:\\xampp\\htdocs\\nbp\\public\\index.php')
INFO - 2025-11-06 07:44:40 --> Session: Class initialized using 'CodeIgniter\Session\Handlers\FileHandler' driver.
INFO - 2025-11-06 07:44:44 --> Session: Class initialized using 'CodeIgniter\Session\Handlers\FileHandler' driver.
INFO - 2025-11-06 07:44:47 --> Session: Class initialized using 'CodeIgniter\Session\Handlers\FileHandler' driver.
INFO - 2025-11-06 07:44:47 --> Session: Class initialized using 'CodeIgniter\Session\Handlers\FileHandler' driver.
INFO - 2025-11-06 07:44:48 --> Session: Class initialized using 'CodeIgniter\Session\Handlers\FileHandler' driver.
INFO - 2025-11-06 07:44:48 --> Session: Class initialized using 'CodeIgniter\Session\Handlers\FileHandler' driver.
INFO - 2025-11-06 07:44:48 --> Session: Class initialized using 'CodeIgniter\Session\Handlers\FileHandler' driver.
INFO - 2025-11-06 07:44:48 --> Session: Class initialized using 'CodeIgniter\Session\Handlers\FileHandler' driver.
INFO - 2025-11-06 07:44:48 --> Session: Class initialized using 'CodeIgniter\Session\Handlers\FileHandler' driver.
INFO - 2025-11-06 07:44:49 --> Session: Class initialized using 'CodeIgniter\Session\Handlers\FileHandler' driver.
INFO - 2025-11-06 07:44:49 --> Session: Class initialized using 'CodeIgniter\Session\Handlers\FileHandler' driver.
INFO - 2025-11-06 07:44:49 --> Session: Class initialized using 'CodeIgniter\Session\Handlers\FileHandler' driver.
INFO - 2025-11-06 07:44:49 --> Session: Class initialized using 'CodeIgniter\Session\Handlers\FileHandler' driver.
INFO - 2025-11-06 07:44:49 --> Session: Class initialized using 'CodeIgniter\Session\Handlers\FileHandler' driver.
INFO - 2025-11-06 07:44:49 --> Session: Class initialized using 'CodeIgniter\Session\Handlers\FileHandler' driver.
INFO - 2025-11-06 07:44:52 --> Session: Class initialized using 'CodeIgniter\Session\Handlers\FileHandler' driver.
INFO - 2025-11-06 07:44:53 --> Session: Class initialized using 'CodeIgniter\Session\Handlers\FileHandler' driver.
INFO - 2025-11-06 07:44:56 --> Session: Class initialized using 'CodeIgniter\Session\Handlers\FileHandler' driver.
INFO - 2025-11-06 07:44:56 --> Session: Class initialized using 'CodeIgniter\Session\Handlers\FileHandler' driver.
INFO - 2025-11-06 07:44:56 --> Session: Class initialized using 'CodeIgniter\Session\Handlers\FileHandler' driver.
INFO - 2025-11-06 07:44:56 --> Session: Class initialized using 'CodeIgniter\Session\Handlers\FileHandler' driver.
INFO - 2025-11-06 07:44:57 --> Session: Class initialized using 'CodeIgniter\Session\Handlers\FileHandler' driver.
INFO - 2025-11-06 07:44:57 --> Session: Class initialized using 'CodeIgniter\Session\Handlers\FileHandler' driver.
INFO - 2025-11-06 07:44:57 --> Session: Class initialized using 'CodeIgniter\Session\Handlers\FileHandler' driver.
INFO - 2025-11-06 07:44:57 --> Session: Class initialized using 'CodeIgniter\Session\Handlers\FileHandler' driver.
INFO - 2025-11-06 07:44:57 --> Session: Class initialized using 'CodeIgniter\Session\Handlers\FileHandler' driver.
INFO - 2025-11-06 07:44:57 --> Session: Class initialized using 'CodeIgniter\Session\Handlers\FileHandler' driver.
INFO - 2025-11-06 07:44:58 --> Session: Class initialized using 'CodeIgniter\Session\Handlers\FileHandler' driver.
INFO - 2025-11-06 07:44:58 --> Session: Class initialized using 'CodeIgniter\Session\Handlers\FileHandler' driver.
INFO - 2025-11-06 07:44:58 --> Session: Class initialized using 'CodeIgniter\Session\Handlers\FileHandler' driver.
INFO - 2025-11-06 07:44:58 --> Session: Class initialized using 'CodeIgniter\Session\Handlers\FileHandler' driver.
INFO - 2025-11-06 07:45:12 --> Session: Class initialized using 'CodeIgniter\Session\Handlers\FileHandler' driver.
INFO - 2025-11-06 07:45:15 --> Session: Class initialized using 'CodeIgniter\Session\Handlers\FileHandler' driver.
INFO - 2025-11-06 07:45:15 --> Session: Class initialized using 'CodeIgniter\Session\Handlers\FileHandler' driver.
INFO - 2025-11-06 07:45:15 --> Session: Class initialized using 'CodeIgniter\Session\Handlers\FileHandler' driver.
INFO - 2025-11-06 07:45:16 --> Session: Class initialized using 'CodeIgniter\Session\Handlers\FileHandler' driver.
INFO - 2025-11-06 07:45:16 --> Session: Class initialized using 'CodeIgniter\Session\Handlers\FileHandler' driver.
INFO - 2025-11-06 07:45:16 --> Session: Class initialized using 'CodeIgniter\Session\Handlers\FileHandler' driver.
INFO - 2025-11-06 07:45:16 --> Session: Class initialized using 'CodeIgniter\Session\Handlers\FileHandler' driver.
INFO - 2025-11-06 07:45:16 --> Session: Class initialized using 'CodeIgniter\Session\Handlers\FileHandler' driver.
INFO - 2025-11-06 07:45:16 --> Session: Class initialized using 'CodeIgniter\Session\Handlers\FileHandler' driver.
INFO - 2025-11-06 07:45:17 --> Session: Class initialized using 'CodeIgniter\Session\Handlers\FileHandler' driver.
INFO - 2025-11-06 07:45:17 --> Session: Class initialized using 'CodeIgniter\Session\Handlers\FileHandler' driver.
INFO - 2025-11-06 07:45:17 --> Session: Class initialized using 'CodeIgniter\Session\Handlers\FileHandler' driver.
INFO - 2025-11-06 07:45:17 --> Session: Class initialized using 'CodeIgniter\Session\Handlers\FileHandler' driver.
INFO - 2025-11-06 07:45:59 --> Session: Class initialized using 'CodeIgniter\Session\Handlers\FileHandler' driver.
INFO - 2025-11-06 07:45:59 --> Session: Class initialized using 'CodeIgniter\Session\Handlers\FileHandler' driver.
INFO - 2025-11-06 07:46:03 --> Session: Class initialized using 'CodeIgniter\Session\Handlers\FileHandler' driver.
INFO - 2025-11-06 07:46:03 --> Session: Class initialized using 'CodeIgniter\Session\Handlers\FileHandler' driver.
INFO - 2025-11-06 07:46:03 --> Session: Class initialized using 'CodeIgniter\Session\Handlers\FileHandler' driver.
INFO - 2025-11-06 07:46:03 --> Session: Class initialized using 'CodeIgniter\Session\Handlers\FileHandler' driver.
INFO - 2025-11-06 07:46:03 --> Session: Class initialized using 'CodeIgniter\Session\Handlers\FileHandler' driver.
INFO - 2025-11-06 07:46:03 --> Session: Class initialized using 'CodeIgniter\Session\Handlers\FileHandler' driver.
INFO - 2025-11-06 07:46:04 --> Session: Class initialized using 'CodeIgniter\Session\Handlers\FileHandler' driver.
INFO - 2025-11-06 07:46:04 --> Session: Class initialized using 'CodeIgniter\Session\Handlers\FileHandler' driver.
INFO - 2025-11-06 07:46:04 --> Session: Class initialized using 'CodeIgniter\Session\Handlers\FileHandler' driver.
INFO - 2025-11-06 07:46:04 --> Session: Class initialized using 'CodeIgniter\Session\Handlers\FileHandler' driver.
INFO - 2025-11-06 07:46:05 --> Session: Class initialized using 'CodeIgniter\Session\Handlers\FileHandler' driver.
INFO - 2025-11-06 07:46:05 --> Session: Class initialized using 'CodeIgniter\Session\Handlers\FileHandler' driver.
INFO - 2025-11-06 07:46:05 --> Session: Class initialized using 'CodeIgniter\Session\Handlers\FileHandler' driver.
INFO - 2025-11-06 09:45:13 --> Session: Class initialized using 'CodeIgniter\Session\Handlers\FileHandler' driver.
INFO - 2025-11-06 09:46:07 --> Session: Class initialized using 'CodeIgniter\Session\Handlers\FileHandler' driver.
INFO - 2025-11-06 09:46:11 --> Session: Class initialized using 'CodeIgniter\Session\Handlers\FileHandler' driver.
INFO - 2025-11-06 09:46:12 --> Session: Class initialized using 'CodeIgniter\Session\Handlers\FileHandler' driver.
INFO - 2025-11-06 09:46:20 --> Session: Class initialized using 'CodeIgniter\Session\Handlers\FileHandler' driver.
INFO - 2025-11-06 09:46:38 --> Session: Class initialized using 'CodeIgniter\Session\Handlers\FileHandler' driver.
