INFO - 2023-08-24 04:12:28 --> Session: Class initialized using 'CodeIgniter\Session\Handlers\FileHandler' driver.
INFO - 2023-08-24 04:12:28 --> Session: Class initialized using 'CodeIgniter\Session\Handlers\FileHandler' driver.
INFO - 2023-08-24 04:12:31 --> Session: Class initialized using 'CodeIgniter\Session\Handlers\FileHandler' driver.
INFO - 2023-08-24 04:12:31 --> Session: Class initialized using 'CodeIgniter\Session\Handlers\FileHandler' driver.
INFO - 2023-08-24 04:12:34 --> Session: Class initialized using 'CodeIgniter\Session\Handlers\FileHandler' driver.
INFO - 2023-08-24 04:12:34 --> Session: Class initialized using 'CodeIgniter\Session\Handlers\FileHandler' driver.
INFO - 2023-08-24 04:12:34 --> Session: Class initialized using 'CodeIgniter\Session\Handlers\FileHandler' driver.
INFO - 2023-08-24 04:12:35 --> Session: Class initialized using 'CodeIgniter\Session\Handlers\FileHandler' driver.
INFO - 2023-08-24 04:12:35 --> Session: Class initialized using 'CodeIgniter\Session\Handlers\FileHandler' driver.
INFO - 2023-08-24 04:12:35 --> Session: Class initialized using 'CodeIgniter\Session\Handlers\FileHandler' driver.
INFO - 2023-08-24 04:12:37 --> Session: Class initialized using 'CodeIgniter\Session\Handlers\FileHandler' driver.
INFO - 2023-08-24 04:12:38 --> Session: Class initialized using 'CodeIgniter\Session\Handlers\FileHandler' driver.
WARNING - 2023-08-24 04:12:38 --> [DEPRECATED] Creation of dynamic property App\Controllers\user::$session is deprecated in APPPATH\Controllers\user.php on line 13.
 1 SYSTEMPATH\CodeIgniter.php(904): App\Controllers\user->__construct()
 2 SYSTEMPATH\CodeIgniter.php(488): CodeIgniter\CodeIgniter->createController()
 3 SYSTEMPATH\CodeIgniter.php(366): CodeIgniter\CodeIgniter->handleRequest(null, Object(Config\Cache), false)
 4 FCPATH\index.php(67): CodeIgniter\CodeIgniter->run()
 5 SYSTEMPATH\Commands\Server\rewrite.php(47): require_once('C:\\xampp\\htdocs\\sibia\\public\\index.php')
WARNING - 2023-08-24 04:12:38 --> [DEPRECATED] Creation of dynamic property App\Controllers\user::$auth is deprecated in APPPATH\Controllers\user.php on line 14.
 1 SYSTEMPATH\CodeIgniter.php(904): App\Controllers\user->__construct()
 2 SYSTEMPATH\CodeIgniter.php(488): CodeIgniter\CodeIgniter->createController()
 3 SYSTEMPATH\CodeIgniter.php(366): CodeIgniter\CodeIgniter->handleRequest(null, Object(Config\Cache), false)
 4 FCPATH\index.php(67): CodeIgniter\CodeIgniter->run()
 5 SYSTEMPATH\Commands\Server\rewrite.php(47): require_once('C:\\xampp\\htdocs\\sibia\\public\\index.php')
INFO - 2023-08-24 04:12:38 --> Session: Class initialized using 'CodeIgniter\Session\Handlers\FileHandler' driver.
INFO - 2023-08-24 04:12:38 --> Session: Class initialized using 'CodeIgniter\Session\Handlers\FileHandler' driver.
INFO - 2023-08-24 04:12:46 --> Session: Class initialized using 'CodeIgniter\Session\Handlers\FileHandler' driver.
WARNING - 2023-08-24 04:12:46 --> [DEPRECATED] Creation of dynamic property App\Controllers\Admin::$session is deprecated in APPPATH\Controllers\admin.php on line 15.
 1 SYSTEMPATH\CodeIgniter.php(904): App\Controllers\Admin->__construct()
 2 SYSTEMPATH\CodeIgniter.php(488): CodeIgniter\CodeIgniter->createController()
 3 SYSTEMPATH\CodeIgniter.php(366): CodeIgniter\CodeIgniter->handleRequest(null, Object(Config\Cache), false)
 4 FCPATH\index.php(67): CodeIgniter\CodeIgniter->run()
 5 SYSTEMPATH\Commands\Server\rewrite.php(47): require_once('C:\\xampp\\htdocs\\sibia\\public\\index.php')
WARNING - 2023-08-24 04:12:46 --> [DEPRECATED] Creation of dynamic property App\Controllers\Admin::$auth is deprecated in APPPATH\Controllers\admin.php on line 16.
 1 SYSTEMPATH\CodeIgniter.php(904): App\Controllers\Admin->__construct()
 2 SYSTEMPATH\CodeIgniter.php(488): CodeIgniter\CodeIgniter->createController()
 3 SYSTEMPATH\CodeIgniter.php(366): CodeIgniter\CodeIgniter->handleRequest(null, Object(Config\Cache), false)
 4 FCPATH\index.php(67): CodeIgniter\CodeIgniter->run()
 5 SYSTEMPATH\Commands\Server\rewrite.php(47): require_once('C:\\xampp\\htdocs\\sibia\\public\\index.php')
INFO - 2023-08-24 04:12:47 --> Session: Class initialized using 'CodeIgniter\Session\Handlers\FileHandler' driver.
INFO - 2023-08-24 04:12:49 --> Session: Class initialized using 'CodeIgniter\Session\Handlers\FileHandler' driver.
WARNING - 2023-08-24 04:12:49 --> [DEPRECATED] Creation of dynamic property App\Controllers\Bisnis::$session is deprecated in APPPATH\Controllers\Bisnis.php on line 14.
 1 SYSTEMPATH\CodeIgniter.php(904): App\Controllers\Bisnis->__construct()
 2 SYSTEMPATH\CodeIgniter.php(488): CodeIgniter\CodeIgniter->createController()
 3 SYSTEMPATH\CodeIgniter.php(366): CodeIgniter\CodeIgniter->handleRequest(null, Object(Config\Cache), false)
 4 FCPATH\index.php(67): CodeIgniter\CodeIgniter->run()
 5 SYSTEMPATH\Commands\Server\rewrite.php(47): require_once('C:\\xampp\\htdocs\\sibia\\public\\index.php')
WARNING - 2023-08-24 04:12:49 --> [DEPRECATED] Creation of dynamic property App\Controllers\Bisnis::$auth is deprecated in APPPATH\Controllers\Bisnis.php on line 15.
 1 SYSTEMPATH\CodeIgniter.php(904): App\Controllers\Bisnis->__construct()
 2 SYSTEMPATH\CodeIgniter.php(488): CodeIgniter\CodeIgniter->createController()
 3 SYSTEMPATH\CodeIgniter.php(366): CodeIgniter\CodeIgniter->handleRequest(null, Object(Config\Cache), false)
 4 FCPATH\index.php(67): CodeIgniter\CodeIgniter->run()
 5 SYSTEMPATH\Commands\Server\rewrite.php(47): require_once('C:\\xampp\\htdocs\\sibia\\public\\index.php')
INFO - 2023-08-24 04:12:49 --> Session: Class initialized using 'CodeIgniter\Session\Handlers\FileHandler' driver.
INFO - 2023-08-24 04:12:50 --> Session: Class initialized using 'CodeIgniter\Session\Handlers\FileHandler' driver.
WARNING - 2023-08-24 04:12:50 --> [DEPRECATED] Creation of dynamic property App\Controllers\Inv::$session is deprecated in APPPATH\Controllers\inv.php on line 14.
 1 SYSTEMPATH\CodeIgniter.php(904): App\Controllers\Inv->__construct()
 2 SYSTEMPATH\CodeIgniter.php(488): CodeIgniter\CodeIgniter->createController()
 3 SYSTEMPATH\CodeIgniter.php(366): CodeIgniter\CodeIgniter->handleRequest(null, Object(Config\Cache), false)
 4 FCPATH\index.php(67): CodeIgniter\CodeIgniter->run()
 5 SYSTEMPATH\Commands\Server\rewrite.php(47): require_once('C:\\xampp\\htdocs\\sibia\\public\\index.php')
WARNING - 2023-08-24 04:12:50 --> [DEPRECATED] Creation of dynamic property App\Controllers\Inv::$auth is deprecated in APPPATH\Controllers\inv.php on line 15.
 1 SYSTEMPATH\CodeIgniter.php(904): App\Controllers\Inv->__construct()
 2 SYSTEMPATH\CodeIgniter.php(488): CodeIgniter\CodeIgniter->createController()
 3 SYSTEMPATH\CodeIgniter.php(366): CodeIgniter\CodeIgniter->handleRequest(null, Object(Config\Cache), false)
 4 FCPATH\index.php(67): CodeIgniter\CodeIgniter->run()
 5 SYSTEMPATH\Commands\Server\rewrite.php(47): require_once('C:\\xampp\\htdocs\\sibia\\public\\index.php')
INFO - 2023-08-24 04:12:50 --> Session: Class initialized using 'CodeIgniter\Session\Handlers\FileHandler' driver.
INFO - 2023-08-24 04:12:50 --> Session: Class initialized using 'CodeIgniter\Session\Handlers\FileHandler' driver.
WARNING - 2023-08-24 04:12:50 --> [DEPRECATED] Creation of dynamic property App\Controllers\Bia::$bisnis is deprecated in APPPATH\Controllers\bia.php on line 15.
 1 SYSTEMPATH\CodeIgniter.php(904): App\Controllers\Bia->__construct()
 2 SYSTEMPATH\CodeIgniter.php(488): CodeIgniter\CodeIgniter->createController()
 3 SYSTEMPATH\CodeIgniter.php(366): CodeIgniter\CodeIgniter->handleRequest(null, Object(Config\Cache), false)
 4 FCPATH\index.php(67): CodeIgniter\CodeIgniter->run()
 5 SYSTEMPATH\Commands\Server\rewrite.php(47): require_once('C:\\xampp\\htdocs\\sibia\\public\\index.php')
WARNING - 2023-08-24 04:12:50 --> [DEPRECATED] Creation of dynamic property App\Controllers\Bia::$session is deprecated in APPPATH\Controllers\bia.php on line 16.
 1 SYSTEMPATH\CodeIgniter.php(904): App\Controllers\Bia->__construct()
 2 SYSTEMPATH\CodeIgniter.php(488): CodeIgniter\CodeIgniter->createController()
 3 SYSTEMPATH\CodeIgniter.php(366): CodeIgniter\CodeIgniter->handleRequest(null, Object(Config\Cache), false)
 4 FCPATH\index.php(67): CodeIgniter\CodeIgniter->run()
 5 SYSTEMPATH\Commands\Server\rewrite.php(47): require_once('C:\\xampp\\htdocs\\sibia\\public\\index.php')
WARNING - 2023-08-24 04:12:50 --> [DEPRECATED] Creation of dynamic property App\Controllers\Bia::$auth is deprecated in APPPATH\Controllers\bia.php on line 17.
 1 SYSTEMPATH\CodeIgniter.php(904): App\Controllers\Bia->__construct()
 2 SYSTEMPATH\CodeIgniter.php(488): CodeIgniter\CodeIgniter->createController()
 3 SYSTEMPATH\CodeIgniter.php(366): CodeIgniter\CodeIgniter->handleRequest(null, Object(Config\Cache), false)
 4 FCPATH\index.php(67): CodeIgniter\CodeIgniter->run()
 5 SYSTEMPATH\Commands\Server\rewrite.php(47): require_once('C:\\xampp\\htdocs\\sibia\\public\\index.php')
INFO - 2023-08-24 04:12:51 --> Session: Class initialized using 'CodeIgniter\Session\Handlers\FileHandler' driver.
INFO - 2023-08-24 04:12:51 --> Session: Class initialized using 'CodeIgniter\Session\Handlers\FileHandler' driver.
WARNING - 2023-08-24 04:12:51 --> [DEPRECATED] Creation of dynamic property App\Controllers\Bia2::$bisnis is deprecated in APPPATH\Controllers\bia2.php on line 15.
 1 SYSTEMPATH\CodeIgniter.php(904): App\Controllers\Bia2->__construct()
 2 SYSTEMPATH\CodeIgniter.php(488): CodeIgniter\CodeIgniter->createController()
 3 SYSTEMPATH\CodeIgniter.php(366): CodeIgniter\CodeIgniter->handleRequest(null, Object(Config\Cache), false)
 4 FCPATH\index.php(67): CodeIgniter\CodeIgniter->run()
 5 SYSTEMPATH\Commands\Server\rewrite.php(47): require_once('C:\\xampp\\htdocs\\sibia\\public\\index.php')
WARNING - 2023-08-24 04:12:51 --> [DEPRECATED] Creation of dynamic property App\Controllers\Bia2::$session is deprecated in APPPATH\Controllers\bia2.php on line 16.
 1 SYSTEMPATH\CodeIgniter.php(904): App\Controllers\Bia2->__construct()
 2 SYSTEMPATH\CodeIgniter.php(488): CodeIgniter\CodeIgniter->createController()
 3 SYSTEMPATH\CodeIgniter.php(366): CodeIgniter\CodeIgniter->handleRequest(null, Object(Config\Cache), false)
 4 FCPATH\index.php(67): CodeIgniter\CodeIgniter->run()
 5 SYSTEMPATH\Commands\Server\rewrite.php(47): require_once('C:\\xampp\\htdocs\\sibia\\public\\index.php')
WARNING - 2023-08-24 04:12:51 --> [DEPRECATED] Creation of dynamic property App\Controllers\Bia2::$auth is deprecated in APPPATH\Controllers\bia2.php on line 17.
 1 SYSTEMPATH\CodeIgniter.php(904): App\Controllers\Bia2->__construct()
 2 SYSTEMPATH\CodeIgniter.php(488): CodeIgniter\CodeIgniter->createController()
 3 SYSTEMPATH\CodeIgniter.php(366): CodeIgniter\CodeIgniter->handleRequest(null, Object(Config\Cache), false)
 4 FCPATH\index.php(67): CodeIgniter\CodeIgniter->run()
 5 SYSTEMPATH\Commands\Server\rewrite.php(47): require_once('C:\\xampp\\htdocs\\sibia\\public\\index.php')
INFO - 2023-08-24 04:12:52 --> Session: Class initialized using 'CodeIgniter\Session\Handlers\FileHandler' driver.
INFO - 2023-08-24 04:12:52 --> Session: Class initialized using 'CodeIgniter\Session\Handlers\FileHandler' driver.
WARNING - 2023-08-24 04:12:52 --> [DEPRECATED] Creation of dynamic property App\Controllers\Bisnis::$session is deprecated in APPPATH\Controllers\Bisnis.php on line 14.
 1 SYSTEMPATH\CodeIgniter.php(904): App\Controllers\Bisnis->__construct()
 2 SYSTEMPATH\CodeIgniter.php(488): CodeIgniter\CodeIgniter->createController()
 3 SYSTEMPATH\CodeIgniter.php(366): CodeIgniter\CodeIgniter->handleRequest(null, Object(Config\Cache), false)
 4 FCPATH\index.php(67): CodeIgniter\CodeIgniter->run()
 5 SYSTEMPATH\Commands\Server\rewrite.php(47): require_once('C:\\xampp\\htdocs\\sibia\\public\\index.php')
WARNING - 2023-08-24 04:12:52 --> [DEPRECATED] Creation of dynamic property App\Controllers\Bisnis::$auth is deprecated in APPPATH\Controllers\Bisnis.php on line 15.
 1 SYSTEMPATH\CodeIgniter.php(904): App\Controllers\Bisnis->__construct()
 2 SYSTEMPATH\CodeIgniter.php(488): CodeIgniter\CodeIgniter->createController()
 3 SYSTEMPATH\CodeIgniter.php(366): CodeIgniter\CodeIgniter->handleRequest(null, Object(Config\Cache), false)
 4 FCPATH\index.php(67): CodeIgniter\CodeIgniter->run()
 5 SYSTEMPATH\Commands\Server\rewrite.php(47): require_once('C:\\xampp\\htdocs\\sibia\\public\\index.php')
INFO - 2023-08-24 04:12:53 --> Session: Class initialized using 'CodeIgniter\Session\Handlers\FileHandler' driver.
INFO - 2023-08-24 04:13:00 --> Session: Class initialized using 'CodeIgniter\Session\Handlers\FileHandler' driver.
WARNING - 2023-08-24 04:13:00 --> [DEPRECATED] Creation of dynamic property App\Controllers\Bia::$bisnis is deprecated in APPPATH\Controllers\bia.php on line 15.
 1 SYSTEMPATH\CodeIgniter.php(904): App\Controllers\Bia->__construct()
 2 SYSTEMPATH\CodeIgniter.php(488): CodeIgniter\CodeIgniter->createController()
 3 SYSTEMPATH\CodeIgniter.php(366): CodeIgniter\CodeIgniter->handleRequest(null, Object(Config\Cache), false)
 4 FCPATH\index.php(67): CodeIgniter\CodeIgniter->run()
 5 SYSTEMPATH\Commands\Server\rewrite.php(47): require_once('C:\\xampp\\htdocs\\sibia\\public\\index.php')
WARNING - 2023-08-24 04:13:00 --> [DEPRECATED] Creation of dynamic property App\Controllers\Bia::$session is deprecated in APPPATH\Controllers\bia.php on line 16.
 1 SYSTEMPATH\CodeIgniter.php(904): App\Controllers\Bia->__construct()
 2 SYSTEMPATH\CodeIgniter.php(488): CodeIgniter\CodeIgniter->createController()
 3 SYSTEMPATH\CodeIgniter.php(366): CodeIgniter\CodeIgniter->handleRequest(null, Object(Config\Cache), false)
 4 FCPATH\index.php(67): CodeIgniter\CodeIgniter->run()
 5 SYSTEMPATH\Commands\Server\rewrite.php(47): require_once('C:\\xampp\\htdocs\\sibia\\public\\index.php')
WARNING - 2023-08-24 04:13:00 --> [DEPRECATED] Creation of dynamic property App\Controllers\Bia::$auth is deprecated in APPPATH\Controllers\bia.php on line 17.
 1 SYSTEMPATH\CodeIgniter.php(904): App\Controllers\Bia->__construct()
 2 SYSTEMPATH\CodeIgniter.php(488): CodeIgniter\CodeIgniter->createController()
 3 SYSTEMPATH\CodeIgniter.php(366): CodeIgniter\CodeIgniter->handleRequest(null, Object(Config\Cache), false)
 4 FCPATH\index.php(67): CodeIgniter\CodeIgniter->run()
 5 SYSTEMPATH\Commands\Server\rewrite.php(47): require_once('C:\\xampp\\htdocs\\sibia\\public\\index.php')
INFO - 2023-08-24 04:13:00 --> Session: Class initialized using 'CodeIgniter\Session\Handlers\FileHandler' driver.
INFO - 2023-08-24 04:13:06 --> Session: Class initialized using 'CodeIgniter\Session\Handlers\FileHandler' driver.
WARNING - 2023-08-24 04:13:06 --> [DEPRECATED] Creation of dynamic property App\Controllers\Bia2::$bisnis is deprecated in APPPATH\Controllers\bia2.php on line 15.
 1 SYSTEMPATH\CodeIgniter.php(904): App\Controllers\Bia2->__construct()
 2 SYSTEMPATH\CodeIgniter.php(488): CodeIgniter\CodeIgniter->createController()
 3 SYSTEMPATH\CodeIgniter.php(366): CodeIgniter\CodeIgniter->handleRequest(null, Object(Config\Cache), false)
 4 FCPATH\index.php(67): CodeIgniter\CodeIgniter->run()
 5 SYSTEMPATH\Commands\Server\rewrite.php(47): require_once('C:\\xampp\\htdocs\\sibia\\public\\index.php')
WARNING - 2023-08-24 04:13:06 --> [DEPRECATED] Creation of dynamic property App\Controllers\Bia2::$session is deprecated in APPPATH\Controllers\bia2.php on line 16.
 1 SYSTEMPATH\CodeIgniter.php(904): App\Controllers\Bia2->__construct()
 2 SYSTEMPATH\CodeIgniter.php(488): CodeIgniter\CodeIgniter->createController()
 3 SYSTEMPATH\CodeIgniter.php(366): CodeIgniter\CodeIgniter->handleRequest(null, Object(Config\Cache), false)
 4 FCPATH\index.php(67): CodeIgniter\CodeIgniter->run()
 5 SYSTEMPATH\Commands\Server\rewrite.php(47): require_once('C:\\xampp\\htdocs\\sibia\\public\\index.php')
WARNING - 2023-08-24 04:13:06 --> [DEPRECATED] Creation of dynamic property App\Controllers\Bia2::$auth is deprecated in APPPATH\Controllers\bia2.php on line 17.
 1 SYSTEMPATH\CodeIgniter.php(904): App\Controllers\Bia2->__construct()
 2 SYSTEMPATH\CodeIgniter.php(488): CodeIgniter\CodeIgniter->createController()
 3 SYSTEMPATH\CodeIgniter.php(366): CodeIgniter\CodeIgniter->handleRequest(null, Object(Config\Cache), false)
 4 FCPATH\index.php(67): CodeIgniter\CodeIgniter->run()
 5 SYSTEMPATH\Commands\Server\rewrite.php(47): require_once('C:\\xampp\\htdocs\\sibia\\public\\index.php')
INFO - 2023-08-24 04:13:06 --> Session: Class initialized using 'CodeIgniter\Session\Handlers\FileHandler' driver.
INFO - 2023-08-24 04:13:46 --> Session: Class initialized using 'CodeIgniter\Session\Handlers\FileHandler' driver.
WARNING - 2023-08-24 04:13:46 --> [DEPRECATED] Creation of dynamic property App\Controllers\Bia::$bisnis is deprecated in APPPATH\Controllers\bia.php on line 15.
 1 SYSTEMPATH\CodeIgniter.php(904): App\Controllers\Bia->__construct()
 2 SYSTEMPATH\CodeIgniter.php(488): CodeIgniter\CodeIgniter->createController()
 3 SYSTEMPATH\CodeIgniter.php(366): CodeIgniter\CodeIgniter->handleRequest(null, Object(Config\Cache), false)
 4 FCPATH\index.php(67): CodeIgniter\CodeIgniter->run()
 5 SYSTEMPATH\Commands\Server\rewrite.php(47): require_once('C:\\xampp\\htdocs\\sibia\\public\\index.php')
WARNING - 2023-08-24 04:13:46 --> [DEPRECATED] Creation of dynamic property App\Controllers\Bia::$session is deprecated in APPPATH\Controllers\bia.php on line 16.
 1 SYSTEMPATH\CodeIgniter.php(904): App\Controllers\Bia->__construct()
 2 SYSTEMPATH\CodeIgniter.php(488): CodeIgniter\CodeIgniter->createController()
 3 SYSTEMPATH\CodeIgniter.php(366): CodeIgniter\CodeIgniter->handleRequest(null, Object(Config\Cache), false)
 4 FCPATH\index.php(67): CodeIgniter\CodeIgniter->run()
 5 SYSTEMPATH\Commands\Server\rewrite.php(47): require_once('C:\\xampp\\htdocs\\sibia\\public\\index.php')
WARNING - 2023-08-24 04:13:46 --> [DEPRECATED] Creation of dynamic property App\Controllers\Bia::$auth is deprecated in APPPATH\Controllers\bia.php on line 17.
 1 SYSTEMPATH\CodeIgniter.php(904): App\Controllers\Bia->__construct()
 2 SYSTEMPATH\CodeIgniter.php(488): CodeIgniter\CodeIgniter->createController()
 3 SYSTEMPATH\CodeIgniter.php(366): CodeIgniter\CodeIgniter->handleRequest(null, Object(Config\Cache), false)
 4 FCPATH\index.php(67): CodeIgniter\CodeIgniter->run()
 5 SYSTEMPATH\Commands\Server\rewrite.php(47): require_once('C:\\xampp\\htdocs\\sibia\\public\\index.php')
INFO - 2023-08-24 04:13:46 --> Session: Class initialized using 'CodeIgniter\Session\Handlers\FileHandler' driver.
INFO - 2023-08-24 04:13:57 --> Session: Class initialized using 'CodeIgniter\Session\Handlers\FileHandler' driver.
WARNING - 2023-08-24 04:13:57 --> [DEPRECATED] Creation of dynamic property App\Controllers\Inv::$session is deprecated in APPPATH\Controllers\inv.php on line 14.
 1 SYSTEMPATH\CodeIgniter.php(904): App\Controllers\Inv->__construct()
 2 SYSTEMPATH\CodeIgniter.php(488): CodeIgniter\CodeIgniter->createController()
 3 SYSTEMPATH\CodeIgniter.php(366): CodeIgniter\CodeIgniter->handleRequest(null, Object(Config\Cache), false)
 4 FCPATH\index.php(67): CodeIgniter\CodeIgniter->run()
 5 SYSTEMPATH\Commands\Server\rewrite.php(47): require_once('C:\\xampp\\htdocs\\sibia\\public\\index.php')
WARNING - 2023-08-24 04:13:57 --> [DEPRECATED] Creation of dynamic property App\Controllers\Inv::$auth is deprecated in APPPATH\Controllers\inv.php on line 15.
 1 SYSTEMPATH\CodeIgniter.php(904): App\Controllers\Inv->__construct()
 2 SYSTEMPATH\CodeIgniter.php(488): CodeIgniter\CodeIgniter->createController()
 3 SYSTEMPATH\CodeIgniter.php(366): CodeIgniter\CodeIgniter->handleRequest(null, Object(Config\Cache), false)
 4 FCPATH\index.php(67): CodeIgniter\CodeIgniter->run()
 5 SYSTEMPATH\Commands\Server\rewrite.php(47): require_once('C:\\xampp\\htdocs\\sibia\\public\\index.php')
INFO - 2023-08-24 04:13:58 --> Session: Class initialized using 'CodeIgniter\Session\Handlers\FileHandler' driver.
INFO - 2023-08-24 11:42:38 --> Session: Class initialized using 'CodeIgniter\Session\Handlers\FileHandler' driver.
INFO - 2023-08-24 11:42:38 --> Session: Class initialized using 'CodeIgniter\Session\Handlers\FileHandler' driver.
INFO - 2023-08-24 11:42:39 --> Session: Class initialized using 'CodeIgniter\Session\Handlers\FileHandler' driver.
INFO - 2023-08-24 11:42:39 --> Session: Class initialized using 'CodeIgniter\Session\Handlers\FileHandler' driver.
INFO - 2023-08-24 11:42:39 --> Session: Class initialized using 'CodeIgniter\Session\Handlers\FileHandler' driver.
INFO - 2023-08-24 11:42:39 --> Session: Class initialized using 'CodeIgniter\Session\Handlers\FileHandler' driver.
INFO - 2023-08-24 11:42:39 --> Session: Class initialized using 'CodeIgniter\Session\Handlers\FileHandler' driver.
INFO - 2023-08-24 11:42:39 --> Session: Class initialized using 'CodeIgniter\Session\Handlers\FileHandler' driver.
INFO - 2023-08-24 11:42:41 --> Session: Class initialized using 'CodeIgniter\Session\Handlers\FileHandler' driver.
INFO - 2023-08-24 11:42:41 --> Session: Class initialized using 'CodeIgniter\Session\Handlers\FileHandler' driver.
WARNING - 2023-08-24 11:42:41 --> [DEPRECATED] Creation of dynamic property App\Controllers\user::$session is deprecated in APPPATH\Controllers\user.php on line 13.
 1 SYSTEMPATH\CodeIgniter.php(904): App\Controllers\user->__construct()
 2 SYSTEMPATH\CodeIgniter.php(488): CodeIgniter\CodeIgniter->createController()
 3 SYSTEMPATH\CodeIgniter.php(366): CodeIgniter\CodeIgniter->handleRequest(null, Object(Config\Cache), false)
 4 FCPATH\index.php(67): CodeIgniter\CodeIgniter->run()
 5 SYSTEMPATH\Commands\Server\rewrite.php(47): require_once('C:\\xampp\\htdocs\\sibia\\public\\index.php')
WARNING - 2023-08-24 11:42:41 --> [DEPRECATED] Creation of dynamic property App\Controllers\user::$auth is deprecated in APPPATH\Controllers\user.php on line 14.
 1 SYSTEMPATH\CodeIgniter.php(904): App\Controllers\user->__construct()
 2 SYSTEMPATH\CodeIgniter.php(488): CodeIgniter\CodeIgniter->createController()
 3 SYSTEMPATH\CodeIgniter.php(366): CodeIgniter\CodeIgniter->handleRequest(null, Object(Config\Cache), false)
 4 FCPATH\index.php(67): CodeIgniter\CodeIgniter->run()
 5 SYSTEMPATH\Commands\Server\rewrite.php(47): require_once('C:\\xampp\\htdocs\\sibia\\public\\index.php')
INFO - 2023-08-24 11:42:42 --> Session: Class initialized using 'CodeIgniter\Session\Handlers\FileHandler' driver.
INFO - 2023-08-24 11:42:42 --> Session: Class initialized using 'CodeIgniter\Session\Handlers\FileHandler' driver.
INFO - 2023-08-24 11:42:43 --> Session: Class initialized using 'CodeIgniter\Session\Handlers\FileHandler' driver.
WARNING - 2023-08-24 11:42:43 --> [DEPRECATED] Creation of dynamic property App\Controllers\Inv::$session is deprecated in APPPATH\Controllers\inv.php on line 14.
 1 SYSTEMPATH\CodeIgniter.php(904): App\Controllers\Inv->__construct()
 2 SYSTEMPATH\CodeIgniter.php(488): CodeIgniter\CodeIgniter->createController()
 3 SYSTEMPATH\CodeIgniter.php(366): CodeIgniter\CodeIgniter->handleRequest(null, Object(Config\Cache), false)
 4 FCPATH\index.php(67): CodeIgniter\CodeIgniter->run()
 5 SYSTEMPATH\Commands\Server\rewrite.php(47): require_once('C:\\xampp\\htdocs\\sibia\\public\\index.php')
WARNING - 2023-08-24 11:42:43 --> [DEPRECATED] Creation of dynamic property App\Controllers\Inv::$auth is deprecated in APPPATH\Controllers\inv.php on line 15.
 1 SYSTEMPATH\CodeIgniter.php(904): App\Controllers\Inv->__construct()
 2 SYSTEMPATH\CodeIgniter.php(488): CodeIgniter\CodeIgniter->createController()
 3 SYSTEMPATH\CodeIgniter.php(366): CodeIgniter\CodeIgniter->handleRequest(null, Object(Config\Cache), false)
 4 FCPATH\index.php(67): CodeIgniter\CodeIgniter->run()
 5 SYSTEMPATH\Commands\Server\rewrite.php(47): require_once('C:\\xampp\\htdocs\\sibia\\public\\index.php')
INFO - 2023-08-24 11:42:43 --> Session: Class initialized using 'CodeIgniter\Session\Handlers\FileHandler' driver.
INFO - 2023-08-24 11:43:41 --> Session: Class initialized using 'CodeIgniter\Session\Handlers\FileHandler' driver.
WARNING - 2023-08-24 11:43:41 --> [DEPRECATED] Creation of dynamic property App\Controllers\Bisnis::$session is deprecated in APPPATH\Controllers\Bisnis.php on line 14.
 1 SYSTEMPATH\CodeIgniter.php(904): App\Controllers\Bisnis->__construct()
 2 SYSTEMPATH\CodeIgniter.php(488): CodeIgniter\CodeIgniter->createController()
 3 SYSTEMPATH\CodeIgniter.php(366): CodeIgniter\CodeIgniter->handleRequest(null, Object(Config\Cache), false)
 4 FCPATH\index.php(67): CodeIgniter\CodeIgniter->run()
 5 SYSTEMPATH\Commands\Server\rewrite.php(47): require_once('C:\\xampp\\htdocs\\sibia\\public\\index.php')
WARNING - 2023-08-24 11:43:41 --> [DEPRECATED] Creation of dynamic property App\Controllers\Bisnis::$auth is deprecated in APPPATH\Controllers\Bisnis.php on line 15.
 1 SYSTEMPATH\CodeIgniter.php(904): App\Controllers\Bisnis->__construct()
 2 SYSTEMPATH\CodeIgniter.php(488): CodeIgniter\CodeIgniter->createController()
 3 SYSTEMPATH\CodeIgniter.php(366): CodeIgniter\CodeIgniter->handleRequest(null, Object(Config\Cache), false)
 4 FCPATH\index.php(67): CodeIgniter\CodeIgniter->run()
 5 SYSTEMPATH\Commands\Server\rewrite.php(47): require_once('C:\\xampp\\htdocs\\sibia\\public\\index.php')
INFO - 2023-08-24 11:43:41 --> Session: Class initialized using 'CodeIgniter\Session\Handlers\FileHandler' driver.
INFO - 2023-08-24 11:45:03 --> Session: Class initialized using 'CodeIgniter\Session\Handlers\FileHandler' driver.
WARNING - 2023-08-24 11:45:03 --> [DEPRECATED] Creation of dynamic property App\Controllers\Bia::$bisnis is deprecated in APPPATH\Controllers\bia.php on line 15.
 1 SYSTEMPATH\CodeIgniter.php(904): App\Controllers\Bia->__construct()
 2 SYSTEMPATH\CodeIgniter.php(488): CodeIgniter\CodeIgniter->createController()
 3 SYSTEMPATH\CodeIgniter.php(366): CodeIgniter\CodeIgniter->handleRequest(null, Object(Config\Cache), false)
 4 FCPATH\index.php(67): CodeIgniter\CodeIgniter->run()
 5 SYSTEMPATH\Commands\Server\rewrite.php(47): require_once('C:\\xampp\\htdocs\\sibia\\public\\index.php')
WARNING - 2023-08-24 11:45:03 --> [DEPRECATED] Creation of dynamic property App\Controllers\Bia::$session is deprecated in APPPATH\Controllers\bia.php on line 16.
 1 SYSTEMPATH\CodeIgniter.php(904): App\Controllers\Bia->__construct()
 2 SYSTEMPATH\CodeIgniter.php(488): CodeIgniter\CodeIgniter->createController()
 3 SYSTEMPATH\CodeIgniter.php(366): CodeIgniter\CodeIgniter->handleRequest(null, Object(Config\Cache), false)
 4 FCPATH\index.php(67): CodeIgniter\CodeIgniter->run()
 5 SYSTEMPATH\Commands\Server\rewrite.php(47): require_once('C:\\xampp\\htdocs\\sibia\\public\\index.php')
WARNING - 2023-08-24 11:45:03 --> [DEPRECATED] Creation of dynamic property App\Controllers\Bia::$auth is deprecated in APPPATH\Controllers\bia.php on line 17.
 1 SYSTEMPATH\CodeIgniter.php(904): App\Controllers\Bia->__construct()
 2 SYSTEMPATH\CodeIgniter.php(488): CodeIgniter\CodeIgniter->createController()
 3 SYSTEMPATH\CodeIgniter.php(366): CodeIgniter\CodeIgniter->handleRequest(null, Object(Config\Cache), false)
 4 FCPATH\index.php(67): CodeIgniter\CodeIgniter->run()
 5 SYSTEMPATH\Commands\Server\rewrite.php(47): require_once('C:\\xampp\\htdocs\\sibia\\public\\index.php')
INFO - 2023-08-24 11:45:04 --> Session: Class initialized using 'CodeIgniter\Session\Handlers\FileHandler' driver.
