INFO - 2025-09-24 00:48:17 --> Session: Class initialized using 'CodeIgniter\Session\Handlers\FileHandler' driver.
INFO - 2025-09-24 00:48:18 --> Session: Class initialized using 'CodeIgniter\Session\Handlers\FileHandler' driver.
INFO - 2025-09-24 00:48:18 --> Session: Class initialized using 'CodeIgniter\Session\Handlers\FileHandler' driver.
INFO - 2025-09-24 00:48:18 --> Session: Class initialized using 'CodeIgniter\Session\Handlers\FileHandler' driver.
INFO - 2025-09-24 00:48:18 --> Session: Class initialized using 'CodeIgniter\Session\Handlers\FileHandler' driver.
INFO - 2025-09-24 00:48:19 --> Session: Class initialized using 'CodeIgniter\Session\Handlers\FileHandler' driver.
INFO - 2025-09-24 00:48:19 --> Session: Class initialized using 'CodeIgniter\Session\Handlers\FileHandler' driver.
INFO - 2025-09-24 00:49:56 --> Session: Class initialized using 'CodeIgniter\Session\Handlers\FileHandler' driver.
INFO - 2025-09-24 00:49:57 --> Session: Class initialized using 'CodeIgniter\Session\Handlers\FileHandler' driver.
WARNING - 2025-09-24 00:49:57 --> [DEPRECATED] Creation of dynamic property App\Controllers\Home::$session is deprecated in APPPATH\Controllers\Home.php on line 11.
 1 SYSTEMPATH\CodeIgniter.php(904): App\Controllers\Home->__construct()
 2 SYSTEMPATH\CodeIgniter.php(488): CodeIgniter\CodeIgniter->createController()
 3 SYSTEMPATH\CodeIgniter.php(366): CodeIgniter\CodeIgniter->handleRequest(null, Object(Config\Cache), false)
 4 FCPATH\index.php(67): CodeIgniter\CodeIgniter->run()
 5 SYSTEMPATH\Commands\Server\rewrite.php(47): require_once('C:\\xampp\\htdocs\\nbp\\public\\index.php')
WARNING - 2025-09-24 00:49:57 --> [DEPRECATED] Creation of dynamic property App\Controllers\Home::$auth is deprecated in APPPATH\Controllers\Home.php on line 12.
 1 SYSTEMPATH\CodeIgniter.php(904): App\Controllers\Home->__construct()
 2 SYSTEMPATH\CodeIgniter.php(488): CodeIgniter\CodeIgniter->createController()
 3 SYSTEMPATH\CodeIgniter.php(366): CodeIgniter\CodeIgniter->handleRequest(null, Object(Config\Cache), false)
 4 FCPATH\index.php(67): CodeIgniter\CodeIgniter->run()
 5 SYSTEMPATH\Commands\Server\rewrite.php(47): require_once('C:\\xampp\\htdocs\\nbp\\public\\index.php')
INFO - 2025-09-24 00:49:58 --> Session: Class initialized using 'CodeIgniter\Session\Handlers\FileHandler' driver.
INFO - 2025-09-24 00:49:58 --> Session: Class initialized using 'CodeIgniter\Session\Handlers\FileHandler' driver.
INFO - 2025-09-24 00:49:58 --> Session: Class initialized using 'CodeIgniter\Session\Handlers\FileHandler' driver.
INFO - 2025-09-24 00:49:58 --> Session: Class initialized using 'CodeIgniter\Session\Handlers\FileHandler' driver.
INFO - 2025-09-24 00:50:13 --> Session: Class initialized using 'CodeIgniter\Session\Handlers\FileHandler' driver.
INFO - 2025-09-24 00:50:15 --> Session: Class initialized using 'CodeIgniter\Session\Handlers\FileHandler' driver.
INFO - 2025-09-24 01:23:38 --> Session: Class initialized using 'CodeIgniter\Session\Handlers\FileHandler' driver.
INFO - 2025-09-24 01:23:41 --> Session: Class initialized using 'CodeIgniter\Session\Handlers\FileHandler' driver.
DEBUG - 2025-09-24 01:23:41 --> ShowTransparansi: User ID: 1, Kode BPR: 001811, Periode ID: 1
INFO - 2025-09-24 01:37:15 --> Session: Class initialized using 'CodeIgniter\Session\Handlers\FileHandler' driver.
DEBUG - 2025-09-24 01:37:15 --> ShowTransparansi: User ID: 1, Kode BPR: 001811, Periode ID: 1
INFO - 2025-09-24 01:37:27 --> Session: Class initialized using 'CodeIgniter\Session\Handlers\FileHandler' driver.
DEBUG - 2025-09-24 01:37:27 --> ShowTransparansi: User ID: 1, Kode BPR: 001811, Periode ID: 1
INFO - 2025-09-24 01:37:33 --> Session: Class initialized using 'CodeIgniter\Session\Handlers\FileHandler' driver.
DEBUG - 2025-09-24 01:37:33 --> ShowTransparansi: User ID: 1, Kode BPR: 001811, Periode ID: 1
INFO - 2025-09-24 01:37:42 --> Session: Class initialized using 'CodeIgniter\Session\Handlers\FileHandler' driver.
DEBUG - 2025-09-24 01:37:42 --> ShowTransparansi: User ID: 1, Kode BPR: 001811, Periode ID: 1
INFO - 2025-09-24 01:38:44 --> Session: Class initialized using 'CodeIgniter\Session\Handlers\FileHandler' driver.
DEBUG - 2025-09-24 01:38:44 --> ShowTransparansi: User ID: 1, Kode BPR: 001811, Periode ID: 1
INFO - 2025-09-24 01:42:53 --> Session: Class initialized using 'CodeIgniter\Session\Handlers\FileHandler' driver.
DEBUG - 2025-09-24 01:42:53 --> ShowTransparansi: User ID: 1, Kode BPR: 001811, Periode ID: 1
INFO - 2025-09-24 01:43:13 --> Session: Class initialized using 'CodeIgniter\Session\Handlers\FileHandler' driver.
DEBUG - 2025-09-24 01:43:13 --> ShowTransparansi: User ID: 1, Kode BPR: 001811, Periode ID: 1
INFO - 2025-09-24 01:44:29 --> Session: Class initialized using 'CodeIgniter\Session\Handlers\FileHandler' driver.
DEBUG - 2025-09-24 01:44:29 --> ShowTransparansi: User ID: 1, Kode BPR: 001811, Periode ID: 1
INFO - 2025-09-24 01:44:42 --> Session: Class initialized using 'CodeIgniter\Session\Handlers\FileHandler' driver.
DEBUG - 2025-09-24 01:44:42 --> ShowTransparansi: User ID: 1, Kode BPR: 001811, Periode ID: 1
INFO - 2025-09-24 01:44:51 --> Session: Class initialized using 'CodeIgniter\Session\Handlers\FileHandler' driver.
DEBUG - 2025-09-24 01:44:51 --> ShowTransparansi: User ID: 1, Kode BPR: 001811, Periode ID: 1
INFO - 2025-09-24 01:45:22 --> Session: Class initialized using 'CodeIgniter\Session\Handlers\FileHandler' driver.
DEBUG - 2025-09-24 01:45:22 --> ShowTransparansi: User ID: 1, Kode BPR: 001811, Periode ID: 1
INFO - 2025-09-24 01:45:52 --> Session: Class initialized using 'CodeIgniter\Session\Handlers\FileHandler' driver.
DEBUG - 2025-09-24 01:45:52 --> ShowTransparansi: User ID: 1, Kode BPR: 001811, Periode ID: 1
INFO - 2025-09-24 01:46:55 --> Session: Class initialized using 'CodeIgniter\Session\Handlers\FileHandler' driver.
DEBUG - 2025-09-24 01:46:56 --> ShowTransparansi: User ID: 1, Kode BPR: 001811, Periode ID: 1
INFO - 2025-09-24 01:47:15 --> Session: Class initialized using 'CodeIgniter\Session\Handlers\FileHandler' driver.
DEBUG - 2025-09-24 01:47:15 --> ShowTransparansi: User ID: 1, Kode BPR: 001811, Periode ID: 1
INFO - 2025-09-24 01:47:48 --> Session: Class initialized using 'CodeIgniter\Session\Handlers\FileHandler' driver.
DEBUG - 2025-09-24 01:47:49 --> ShowTransparansi: User ID: 1, Kode BPR: 001811, Periode ID: 1
INFO - 2025-09-24 01:49:07 --> Session: Class initialized using 'CodeIgniter\Session\Handlers\FileHandler' driver.
DEBUG - 2025-09-24 01:49:07 --> ShowTransparansi: User ID: 1, Kode BPR: 001811, Periode ID: 1
INFO - 2025-09-24 01:49:17 --> Session: Class initialized using 'CodeIgniter\Session\Handlers\FileHandler' driver.
DEBUG - 2025-09-24 01:49:17 --> ShowTransparansi: User ID: 1, Kode BPR: 001811, Periode ID: 1
INFO - 2025-09-24 01:49:21 --> Session: Class initialized using 'CodeIgniter\Session\Handlers\FileHandler' driver.
DEBUG - 2025-09-24 01:49:21 --> ShowTransparansi: User ID: 1, Kode BPR: 001811, Periode ID: 1
INFO - 2025-09-24 01:49:46 --> Session: Class initialized using 'CodeIgniter\Session\Handlers\FileHandler' driver.
DEBUG - 2025-09-24 01:49:47 --> ShowTransparansi: User ID: 1, Kode BPR: 001811, Periode ID: 1
INFO - 2025-09-24 01:51:36 --> Session: Class initialized using 'CodeIgniter\Session\Handlers\FileHandler' driver.
DEBUG - 2025-09-24 01:51:36 --> ShowTransparansi: User ID: 1, Kode BPR: 001811, Periode ID: 1
INFO - 2025-09-24 01:51:41 --> Session: Class initialized using 'CodeIgniter\Session\Handlers\FileHandler' driver.
DEBUG - 2025-09-24 01:51:41 --> ShowTransparansi: User ID: 1, Kode BPR: 001811, Periode ID: 1
INFO - 2025-09-24 01:54:10 --> Session: Class initialized using 'CodeIgniter\Session\Handlers\FileHandler' driver.
DEBUG - 2025-09-24 01:54:10 --> ShowTransparansi: User ID: 1, Kode BPR: 001811, Periode ID: 1
INFO - 2025-09-24 01:54:38 --> Session: Class initialized using 'CodeIgniter\Session\Handlers\FileHandler' driver.
DEBUG - 2025-09-24 01:54:38 --> ShowTransparansi: User ID: 1, Kode BPR: 001811, Periode ID: 1
INFO - 2025-09-24 01:54:42 --> Session: Class initialized using 'CodeIgniter\Session\Handlers\FileHandler' driver.
DEBUG - 2025-09-24 01:54:42 --> ShowTransparansi: User ID: 1, Kode BPR: 001811, Periode ID: 1
INFO - 2025-09-24 01:56:04 --> Session: Class initialized using 'CodeIgniter\Session\Handlers\FileHandler' driver.
DEBUG - 2025-09-24 01:56:04 --> ShowTransparansi: User ID: 1, Kode BPR: 001811, Periode ID: 1
INFO - 2025-09-24 02:43:41 --> Session: Class initialized using 'CodeIgniter\Session\Handlers\FileHandler' driver.
DEBUG - 2025-09-24 02:43:41 --> ShowTransparansi: User ID: 1, Kode BPR: 001811, Periode ID: 1
INFO - 2025-09-24 02:43:41 --> Session: Class initialized using 'CodeIgniter\Session\Handlers\FileHandler' driver.
INFO - 2025-09-24 02:43:44 --> Session: Class initialized using 'CodeIgniter\Session\Handlers\FileHandler' driver.
DEBUG - 2025-09-24 02:43:44 --> ShowTransparansi: User ID: 1, Kode BPR: 001811, Periode ID: 1
INFO - 2025-09-24 04:03:11 --> Session: Class initialized using 'CodeIgniter\Session\Handlers\FileHandler' driver.
DEBUG - 2025-09-24 04:03:11 --> ShowTransparansi: User ID: 1, Kode BPR: 001811, Periode ID: 1
INFO - 2025-09-24 04:03:18 --> Session: Class initialized using 'CodeIgniter\Session\Handlers\FileHandler' driver.
DEBUG - 2025-09-24 04:03:18 --> ShowTransparansi: User ID: 1, Kode BPR: 001811, Periode ID: 1
INFO - 2025-09-24 04:03:29 --> Session: Class initialized using 'CodeIgniter\Session\Handlers\FileHandler' driver.
DEBUG - 2025-09-24 04:03:30 --> ShowTransparansi: User ID: 1, Kode BPR: 001811, Periode ID: 1
INFO - 2025-09-24 04:03:44 --> Session: Class initialized using 'CodeIgniter\Session\Handlers\FileHandler' driver.
DEBUG - 2025-09-24 04:03:44 --> ShowTransparansi: User ID: 1, Kode BPR: 001811, Periode ID: 1
INFO - 2025-09-24 04:03:56 --> Session: Class initialized using 'CodeIgniter\Session\Handlers\FileHandler' driver.
DEBUG - 2025-09-24 04:03:56 --> ShowTransparansi: User ID: 1, Kode BPR: 001811, Periode ID: 1
INFO - 2025-09-24 04:04:11 --> Session: Class initialized using 'CodeIgniter\Session\Handlers\FileHandler' driver.
DEBUG - 2025-09-24 04:04:11 --> ShowTransparansi: User ID: 1, Kode BPR: 001811, Periode ID: 1
INFO - 2025-09-24 04:04:19 --> Session: Class initialized using 'CodeIgniter\Session\Handlers\FileHandler' driver.
DEBUG - 2025-09-24 04:04:19 --> ShowTransparansi: User ID: 1, Kode BPR: 001811, Periode ID: 1
INFO - 2025-09-24 04:04:24 --> Session: Class initialized using 'CodeIgniter\Session\Handlers\FileHandler' driver.
DEBUG - 2025-09-24 04:04:25 --> ShowTransparansi: User ID: 1, Kode BPR: 001811, Periode ID: 1
INFO - 2025-09-24 04:04:34 --> Session: Class initialized using 'CodeIgniter\Session\Handlers\FileHandler' driver.
DEBUG - 2025-09-24 04:04:34 --> ShowTransparansi: User ID: 1, Kode BPR: 001811, Periode ID: 1
INFO - 2025-09-24 04:04:40 --> Session: Class initialized using 'CodeIgniter\Session\Handlers\FileHandler' driver.
DEBUG - 2025-09-24 04:04:40 --> ShowTransparansi: User ID: 1, Kode BPR: 001811, Periode ID: 1
INFO - 2025-09-24 04:07:50 --> Session: Class initialized using 'CodeIgniter\Session\Handlers\FileHandler' driver.
DEBUG - 2025-09-24 04:07:50 --> ShowTransparansi: User ID: 1, Kode BPR: 001811, Periode ID: 1
INFO - 2025-09-24 04:07:59 --> Session: Class initialized using 'CodeIgniter\Session\Handlers\FileHandler' driver.
DEBUG - 2025-09-24 04:07:59 --> ShowTransparansi: User ID: 1, Kode BPR: 001811, Periode ID: 1
INFO - 2025-09-24 06:24:26 --> Session: Class initialized using 'CodeIgniter\Session\Handlers\FileHandler' driver.
INFO - 2025-09-24 06:24:27 --> Session: Class initialized using 'CodeIgniter\Session\Handlers\FileHandler' driver.
INFO - 2025-09-24 06:24:27 --> Session: Class initialized using 'CodeIgniter\Session\Handlers\FileHandler' driver.
INFO - 2025-09-24 06:24:28 --> Session: Class initialized using 'CodeIgniter\Session\Handlers\FileHandler' driver.
INFO - 2025-09-24 06:24:28 --> Session: Class initialized using 'CodeIgniter\Session\Handlers\FileHandler' driver.
INFO - 2025-09-24 06:24:28 --> Session: Class initialized using 'CodeIgniter\Session\Handlers\FileHandler' driver.
INFO - 2025-09-24 06:24:29 --> Session: Class initialized using 'CodeIgniter\Session\Handlers\FileHandler' driver.
INFO - 2025-09-24 06:26:56 --> Session: Class initialized using 'CodeIgniter\Session\Handlers\FileHandler' driver.
INFO - 2025-09-24 06:26:57 --> Session: Class initialized using 'CodeIgniter\Session\Handlers\FileHandler' driver.
WARNING - 2025-09-24 06:26:57 --> [DEPRECATED] Creation of dynamic property App\Controllers\Home::$session is deprecated in APPPATH\Controllers\Home.php on line 11.
 1 SYSTEMPATH\CodeIgniter.php(904): App\Controllers\Home->__construct()
 2 SYSTEMPATH\CodeIgniter.php(488): CodeIgniter\CodeIgniter->createController()
 3 SYSTEMPATH\CodeIgniter.php(366): CodeIgniter\CodeIgniter->handleRequest(null, Object(Config\Cache), false)
 4 FCPATH\index.php(67): CodeIgniter\CodeIgniter->run()
 5 SYSTEMPATH\Commands\Server\rewrite.php(47): require_once('C:\\xampp\\htdocs\\nbp\\public\\index.php')
WARNING - 2025-09-24 06:26:57 --> [DEPRECATED] Creation of dynamic property App\Controllers\Home::$auth is deprecated in APPPATH\Controllers\Home.php on line 12.
 1 SYSTEMPATH\CodeIgniter.php(904): App\Controllers\Home->__construct()
 2 SYSTEMPATH\CodeIgniter.php(488): CodeIgniter\CodeIgniter->createController()
 3 SYSTEMPATH\CodeIgniter.php(366): CodeIgniter\CodeIgniter->handleRequest(null, Object(Config\Cache), false)
 4 FCPATH\index.php(67): CodeIgniter\CodeIgniter->run()
 5 SYSTEMPATH\Commands\Server\rewrite.php(47): require_once('C:\\xampp\\htdocs\\nbp\\public\\index.php')
INFO - 2025-09-24 06:26:58 --> Session: Class initialized using 'CodeIgniter\Session\Handlers\FileHandler' driver.
INFO - 2025-09-24 06:26:59 --> Session: Class initialized using 'CodeIgniter\Session\Handlers\FileHandler' driver.
INFO - 2025-09-24 06:26:59 --> Session: Class initialized using 'CodeIgniter\Session\Handlers\FileHandler' driver.
INFO - 2025-09-24 06:26:59 --> Session: Class initialized using 'CodeIgniter\Session\Handlers\FileHandler' driver.
INFO - 2025-09-24 06:38:19 --> Session: Class initialized using 'CodeIgniter\Session\Handlers\FileHandler' driver.
INFO - 2025-09-24 06:38:35 --> Session: Class initialized using 'CodeIgniter\Session\Handlers\FileHandler' driver.
INFO - 2025-09-24 06:38:35 --> Session: Class initialized using 'CodeIgniter\Session\Handlers\FileHandler' driver.
DEBUG - 2025-09-24 06:38:35 --> ShowTransparansi: User ID: 1, Kode BPR: 001811, Periode ID: 1
INFO - 2025-09-24 07:30:35 --> Session: Class initialized using 'CodeIgniter\Session\Handlers\FileHandler' driver.
DEBUG - 2025-09-24 07:30:35 --> ShowTransparansi: User ID: 1, Kode BPR: 001811, Periode ID: 1
INFO - 2025-09-24 07:30:55 --> Session: Class initialized using 'CodeIgniter\Session\Handlers\FileHandler' driver.
DEBUG - 2025-09-24 07:30:55 --> ShowTransparansi: User ID: 1, Kode BPR: 001811, Periode ID: 1
INFO - 2025-09-24 07:48:09 --> Session: Class initialized using 'CodeIgniter\Session\Handlers\FileHandler' driver.
DEBUG - 2025-09-24 07:48:09 --> ShowTransparansi: User ID: 1, Kode BPR: 001811, Periode ID: 1
INFO - 2025-09-24 07:48:41 --> Session: Class initialized using 'CodeIgniter\Session\Handlers\FileHandler' driver.
DEBUG - 2025-09-24 07:48:41 --> ShowTransparansi: User ID: 1, Kode BPR: 001811, Periode ID: 1
INFO - 2025-09-24 07:52:10 --> Session: Class initialized using 'CodeIgniter\Session\Handlers\FileHandler' driver.
WARNING - 2025-09-24 07:52:10 --> [DEPRECATED] Creation of dynamic property App\Controllers\Home::$session is deprecated in APPPATH\Controllers\Home.php on line 11.
 1 SYSTEMPATH\CodeIgniter.php(904): App\Controllers\Home->__construct()
 2 SYSTEMPATH\CodeIgniter.php(488): CodeIgniter\CodeIgniter->createController()
 3 SYSTEMPATH\CodeIgniter.php(366): CodeIgniter\CodeIgniter->handleRequest(null, Object(Config\Cache), false)
 4 FCPATH\index.php(67): CodeIgniter\CodeIgniter->run()
 5 SYSTEMPATH\Commands\Server\rewrite.php(47): require_once('C:\\xampp\\htdocs\\nbp\\public\\index.php')
WARNING - 2025-09-24 07:52:10 --> [DEPRECATED] Creation of dynamic property App\Controllers\Home::$auth is deprecated in APPPATH\Controllers\Home.php on line 12.
 1 SYSTEMPATH\CodeIgniter.php(904): App\Controllers\Home->__construct()
 2 SYSTEMPATH\CodeIgniter.php(488): CodeIgniter\CodeIgniter->createController()
 3 SYSTEMPATH\CodeIgniter.php(366): CodeIgniter\CodeIgniter->handleRequest(null, Object(Config\Cache), false)
 4 FCPATH\index.php(67): CodeIgniter\CodeIgniter->run()
 5 SYSTEMPATH\Commands\Server\rewrite.php(47): require_once('C:\\xampp\\htdocs\\nbp\\public\\index.php')
INFO - 2025-09-24 07:52:10 --> Session: Class initialized using 'CodeIgniter\Session\Handlers\FileHandler' driver.
INFO - 2025-09-24 07:52:10 --> Session: Class initialized using 'CodeIgniter\Session\Handlers\FileHandler' driver.
INFO - 2025-09-24 07:52:10 --> Session: Class initialized using 'CodeIgniter\Session\Handlers\FileHandler' driver.
INFO - 2025-09-24 07:52:11 --> Session: Class initialized using 'CodeIgniter\Session\Handlers\FileHandler' driver.
INFO - 2025-09-24 08:17:55 --> Session: Class initialized using 'CodeIgniter\Session\Handlers\FileHandler' driver.
DEBUG - 2025-09-24 08:17:55 --> ShowTransparansi: User ID: 1, Kode BPR: 001811, Periode ID: 1
INFO - 2025-09-24 08:33:12 --> Session: Class initialized using 'CodeIgniter\Session\Handlers\FileHandler' driver.
DEBUG - 2025-09-24 08:33:12 --> ShowTransparansi: User ID: 1, Kode BPR: 001811, Periode ID: 1
INFO - 2025-09-24 08:33:49 --> Session: Class initialized using 'CodeIgniter\Session\Handlers\FileHandler' driver.
DEBUG - 2025-09-24 08:33:49 --> ShowTransparansi: User ID: 1, Kode BPR: 001811, Periode ID: 1
INFO - 2025-09-24 08:34:04 --> Session: Class initialized using 'CodeIgniter\Session\Handlers\FileHandler' driver.
DEBUG - 2025-09-24 08:34:04 --> ShowTransparansi: User ID: 1, Kode BPR: 001811, Periode ID: 1
INFO - 2025-09-24 08:34:10 --> Session: Class initialized using 'CodeIgniter\Session\Handlers\FileHandler' driver.
DEBUG - 2025-09-24 08:34:10 --> ShowTransparansi: User ID: 1, Kode BPR: 001811, Periode ID: 1
INFO - 2025-09-24 08:36:33 --> Session: Class initialized using 'CodeIgniter\Session\Handlers\FileHandler' driver.
DEBUG - 2025-09-24 08:36:33 --> ShowTransparansi: User ID: 1, Kode BPR: 001811, Periode ID: 1
INFO - 2025-09-24 08:37:19 --> Session: Class initialized using 'CodeIgniter\Session\Handlers\FileHandler' driver.
DEBUG - 2025-09-24 08:37:19 --> ShowTransparansi: User ID: 1, Kode BPR: 001811, Periode ID: 1
INFO - 2025-09-24 08:37:51 --> Session: Class initialized using 'CodeIgniter\Session\Handlers\FileHandler' driver.
DEBUG - 2025-09-24 08:37:51 --> ShowTransparansi: User ID: 1, Kode BPR: 001811, Periode ID: 1
INFO - 2025-09-24 08:39:27 --> Session: Class initialized using 'CodeIgniter\Session\Handlers\FileHandler' driver.
DEBUG - 2025-09-24 08:39:28 --> ShowTransparansi: User ID: 1, Kode BPR: 001811, Periode ID: 1
INFO - 2025-09-24 08:41:17 --> Session: Class initialized using 'CodeIgniter\Session\Handlers\FileHandler' driver.
DEBUG - 2025-09-24 08:41:17 --> ShowTransparansi: User ID: 1, Kode BPR: 001811, Periode ID: 1
INFO - 2025-09-24 09:34:33 --> Session: Class initialized using 'CodeIgniter\Session\Handlers\FileHandler' driver.
DEBUG - 2025-09-24 09:34:33 --> ShowTransparansi: User ID: 1, Kode BPR: 001811, Periode ID: 1
INFO - 2025-09-24 09:46:52 --> Session: Class initialized using 'CodeIgniter\Session\Handlers\FileHandler' driver.
DEBUG - 2025-09-24 09:46:52 --> ShowTransparansi: User ID: 1, Kode BPR: 001811, Periode ID: 1
INFO - 2025-09-24 09:47:02 --> Session: Class initialized using 'CodeIgniter\Session\Handlers\FileHandler' driver.
DEBUG - 2025-09-24 09:47:02 --> ShowTransparansi: User ID: 1, Kode BPR: 001811, Periode ID: 1
INFO - 2025-09-24 09:47:14 --> Session: Class initialized using 'CodeIgniter\Session\Handlers\FileHandler' driver.
DEBUG - 2025-09-24 09:47:14 --> ShowTransparansi: User ID: 1, Kode BPR: 001811, Periode ID: 1
INFO - 2025-09-24 09:47:20 --> Session: Class initialized using 'CodeIgniter\Session\Handlers\FileHandler' driver.
DEBUG - 2025-09-24 09:47:20 --> ShowTransparansi: User ID: 1, Kode BPR: 001811, Periode ID: 1
INFO - 2025-09-24 09:47:29 --> Session: Class initialized using 'CodeIgniter\Session\Handlers\FileHandler' driver.
DEBUG - 2025-09-24 09:47:29 --> ShowTransparansi: User ID: 1, Kode BPR: 001811, Periode ID: 1
INFO - 2025-09-24 09:51:38 --> Session: Class initialized using 'CodeIgniter\Session\Handlers\FileHandler' driver.
DEBUG - 2025-09-24 09:51:38 --> ShowTransparansi: User ID: 1, Kode BPR: 001811, Periode ID: 1
INFO - 2025-09-24 09:51:44 --> Session: Class initialized using 'CodeIgniter\Session\Handlers\FileHandler' driver.
DEBUG - 2025-09-24 09:51:44 --> ShowTransparansi: User ID: 1, Kode BPR: 001811, Periode ID: 1
INFO - 2025-09-24 09:55:01 --> Session: Class initialized using 'CodeIgniter\Session\Handlers\FileHandler' driver.
DEBUG - 2025-09-24 09:55:01 --> ShowTransparansi: User ID: 1, Kode BPR: 001811, Periode ID: 1
INFO - 2025-09-24 09:55:52 --> Session: Class initialized using 'CodeIgniter\Session\Handlers\FileHandler' driver.
DEBUG - 2025-09-24 09:55:52 --> ShowTransparansi: User ID: 1, Kode BPR: 001811, Periode ID: 1
INFO - 2025-09-24 09:56:14 --> Session: Class initialized using 'CodeIgniter\Session\Handlers\FileHandler' driver.
DEBUG - 2025-09-24 09:56:14 --> ShowTransparansi: User ID: 1, Kode BPR: 001811, Periode ID: 1
INFO - 2025-09-24 09:56:19 --> Session: Class initialized using 'CodeIgniter\Session\Handlers\FileHandler' driver.
DEBUG - 2025-09-24 09:56:19 --> ShowTransparansi: User ID: 1, Kode BPR: 001811, Periode ID: 1
INFO - 2025-09-24 09:56:49 --> Session: Class initialized using 'CodeIgniter\Session\Handlers\FileHandler' driver.
DEBUG - 2025-09-24 09:56:49 --> ShowTransparansi: User ID: 1, Kode BPR: 001811, Periode ID: 1
INFO - 2025-09-24 09:58:15 --> Session: Class initialized using 'CodeIgniter\Session\Handlers\FileHandler' driver.
DEBUG - 2025-09-24 09:58:15 --> ShowTransparansi: User ID: 1, Kode BPR: 001811, Periode ID: 1
INFO - 2025-09-24 09:58:32 --> Session: Class initialized using 'CodeIgniter\Session\Handlers\FileHandler' driver.
DEBUG - 2025-09-24 09:58:32 --> ShowTransparansi: User ID: 1, Kode BPR: 001811, Periode ID: 1
INFO - 2025-09-24 09:58:46 --> Session: Class initialized using 'CodeIgniter\Session\Handlers\FileHandler' driver.
DEBUG - 2025-09-24 09:58:46 --> ShowTransparansi: User ID: 1, Kode BPR: 001811, Periode ID: 1
INFO - 2025-09-24 09:58:57 --> Session: Class initialized using 'CodeIgniter\Session\Handlers\FileHandler' driver.
DEBUG - 2025-09-24 09:58:57 --> ShowTransparansi: User ID: 1, Kode BPR: 001811, Periode ID: 1
INFO - 2025-09-24 09:59:30 --> Session: Class initialized using 'CodeIgniter\Session\Handlers\FileHandler' driver.
DEBUG - 2025-09-24 09:59:30 --> ShowTransparansi: User ID: 1, Kode BPR: 001811, Periode ID: 1
INFO - 2025-09-24 09:59:43 --> Session: Class initialized using 'CodeIgniter\Session\Handlers\FileHandler' driver.
DEBUG - 2025-09-24 09:59:43 --> ShowTransparansi: User ID: 1, Kode BPR: 001811, Periode ID: 1
INFO - 2025-09-24 09:59:48 --> Session: Class initialized using 'CodeIgniter\Session\Handlers\FileHandler' driver.
DEBUG - 2025-09-24 09:59:49 --> ShowTransparansi: User ID: 1, Kode BPR: 001811, Periode ID: 1
INFO - 2025-09-24 10:00:00 --> Session: Class initialized using 'CodeIgniter\Session\Handlers\FileHandler' driver.
DEBUG - 2025-09-24 10:00:00 --> ShowTransparansi: User ID: 1, Kode BPR: 001811, Periode ID: 1
INFO - 2025-09-24 10:02:27 --> Session: Class initialized using 'CodeIgniter\Session\Handlers\FileHandler' driver.
DEBUG - 2025-09-24 10:02:28 --> ShowTransparansi: User ID: 1, Kode BPR: 001811, Periode ID: 1
INFO - 2025-09-24 10:02:41 --> Session: Class initialized using 'CodeIgniter\Session\Handlers\FileHandler' driver.
DEBUG - 2025-09-24 10:02:41 --> ShowTransparansi: User ID: 1, Kode BPR: 001811, Periode ID: 1
INFO - 2025-09-24 10:03:05 --> Session: Class initialized using 'CodeIgniter\Session\Handlers\FileHandler' driver.
DEBUG - 2025-09-24 10:03:05 --> ShowTransparansi: User ID: 1, Kode BPR: 001811, Periode ID: 1
INFO - 2025-09-24 10:05:27 --> Session: Class initialized using 'CodeIgniter\Session\Handlers\FileHandler' driver.
DEBUG - 2025-09-24 10:05:27 --> ShowTransparansi: User ID: 1, Kode BPR: 001811, Periode ID: 1
INFO - 2025-09-24 10:08:22 --> Session: Class initialized using 'CodeIgniter\Session\Handlers\FileHandler' driver.
DEBUG - 2025-09-24 10:08:22 --> ShowTransparansi: User ID: 1, Kode BPR: 001811, Periode ID: 1
INFO - 2025-09-24 10:08:33 --> Session: Class initialized using 'CodeIgniter\Session\Handlers\FileHandler' driver.
DEBUG - 2025-09-24 10:08:33 --> ShowTransparansi: User ID: 1, Kode BPR: 001811, Periode ID: 1
INFO - 2025-09-24 10:09:31 --> Session: Class initialized using 'CodeIgniter\Session\Handlers\FileHandler' driver.
DEBUG - 2025-09-24 10:09:31 --> ShowTransparansi: User ID: 1, Kode BPR: 001811, Periode ID: 1
INFO - 2025-09-24 10:09:38 --> Session: Class initialized using 'CodeIgniter\Session\Handlers\FileHandler' driver.
DEBUG - 2025-09-24 10:09:38 --> ShowTransparansi: User ID: 1, Kode BPR: 001811, Periode ID: 1
INFO - 2025-09-24 10:10:31 --> Session: Class initialized using 'CodeIgniter\Session\Handlers\FileHandler' driver.
DEBUG - 2025-09-24 10:10:31 --> ShowTransparansi: User ID: 1, Kode BPR: 001811, Periode ID: 1
INFO - 2025-09-24 10:10:50 --> Session: Class initialized using 'CodeIgniter\Session\Handlers\FileHandler' driver.
DEBUG - 2025-09-24 10:10:50 --> ShowTransparansi: User ID: 1, Kode BPR: 001811, Periode ID: 1
INFO - 2025-09-24 10:11:08 --> Session: Class initialized using 'CodeIgniter\Session\Handlers\FileHandler' driver.
DEBUG - 2025-09-24 10:11:08 --> ShowTransparansi: User ID: 1, Kode BPR: 001811, Periode ID: 1
INFO - 2025-09-24 10:11:26 --> Session: Class initialized using 'CodeIgniter\Session\Handlers\FileHandler' driver.
DEBUG - 2025-09-24 10:11:26 --> ShowTransparansi: User ID: 1, Kode BPR: 001811, Periode ID: 1
